-- Install configuration: ""
-- Up-to-date: /home/shiva/Documents/autonomous_car_ws/install/autonomous_car_pkg_models/share/autonomous_car_pkg_models/models
-- Up-to-date: /home/shiva/Documents/autonomous_car_ws/install/autonomous_car_pkg_models/share/autonomous_car_pkg_models/models/sign_board_30
-- Up-to-date: /home/shiva/Documents/autonomous_car_ws/install/autonomous_car_pkg_models/share/autonomous_car_pkg_models/models/sign_board_30/model.config
-- Up-to-date: /home/shiva/Documents/autonomous_car_ws/install/autonomous_car_pkg_models/share/autonomous_car_pkg_models/models/sign_board_30/model.sdf
-- Up-to-date: /home/shiva/Documents/autonomous_car_ws/install/autonomous_car_pkg_models/share/autonomous_car_pkg_models/models/sign_board_30/meshes
-- Up-to-date: /home/shiva/Documents/autonomous_car_ws/install/autonomous_car_pkg_models/share/autonomous_car_pkg_models/models/sign_board_30/meshes/sign_board.mtl
-- Up-to-date: /home/shiva/Documents/autonomous_car_ws/install/autonomous_car_pkg_models/share/autonomous_car_pkg_models/models/sign_board_30/meshes/sign_stand.mtl
-- Up-to-date: /home/shiva/Documents/autonomous_car_ws/install/autonomous_car_pkg_models/share/autonomous_car_pkg_models/models/sign_board_30/materials
-- Up-to-date: /home/shiva/Documents/autonomous_car_ws/install/autonomous_car_pkg_models/share/autonomous_car_pkg_models/models/sign_board_30/materials/scripts
-- Up-to-date: /home/shiva/Documents/autonomous_car_ws/install/autonomous_car_pkg_models/share/autonomous_car_pkg_models/models/sign_board_30/materials/scripts/sign_board_30.material
-- Up-to-date: /home/shiva/Documents/autonomous_car_ws/install/autonomous_car_pkg_models/share/autonomous_car_pkg_models/models/sign_board_30/materials/textures
-- Up-to-date: /home/shiva/Documents/autonomous_car_ws/install/autonomous_car_pkg_models/share/autonomous_car_pkg_models/models/sign_board_30/materials/textures/30.png
-- Up-to-date: /home/shiva/Documents/autonomous_car_ws/install/autonomous_car_pkg_models/share/autonomous_car_pkg_models/models/light_red
-- Up-to-date: /home/shiva/Documents/autonomous_car_ws/install/autonomous_car_pkg_models/share/autonomous_car_pkg_models/models/light_red/model.config
-- Up-to-date: /home/shiva/Documents/autonomous_car_ws/install/autonomous_car_pkg_models/share/autonomous_car_pkg_models/models/light_red/model.sdf
-- Up-to-date: /home/shiva/Documents/autonomous_car_ws/install/autonomous_car_pkg_models/share/autonomous_car_pkg_models/models/prius_hybrid
-- Up-to-date: /home/shiva/Documents/autonomous_car_ws/install/autonomous_car_pkg_models/share/autonomous_car_pkg_models/models/prius_hybrid/model.config
-- Up-to-date: /home/shiva/Documents/autonomous_car_ws/install/autonomous_car_pkg_models/share/autonomous_car_pkg_models/models/prius_hybrid/model.sdf
-- Up-to-date: /home/shiva/Documents/autonomous_car_ws/install/autonomous_car_pkg_models/share/autonomous_car_pkg_models/models/prius_hybrid/meshes
-- Up-to-date: /home/shiva/Documents/autonomous_car_ws/install/autonomous_car_pkg_models/share/autonomous_car_pkg_models/models/prius_hybrid/meshes/Hybrid.mtl
-- Up-to-date: /home/shiva/Documents/autonomous_car_ws/install/autonomous_car_pkg_models/share/autonomous_car_pkg_models/models/prius_hybrid/materials
-- Up-to-date: /home/shiva/Documents/autonomous_car_ws/install/autonomous_car_pkg_models/share/autonomous_car_pkg_models/models/prius_hybrid/materials/textures
-- Up-to-date: /home/shiva/Documents/autonomous_car_ws/install/autonomous_car_pkg_models/share/autonomous_car_pkg_models/models/prius_hybrid/materials/textures/Wheels3.png
-- Up-to-date: /home/shiva/Documents/autonomous_car_ws/install/autonomous_car_pkg_models/share/autonomous_car_pkg_models/models/prius_hybrid/materials/textures/Hybrid_Interior.png
-- Up-to-date: /home/shiva/Documents/autonomous_car_ws/install/autonomous_car_pkg_models/share/autonomous_car_pkg_models/models/prius_hybrid/materials/textures/Hybrid.png
-- Up-to-date: /home/shiva/Documents/autonomous_car_ws/install/autonomous_car_pkg_models/share/autonomous_car_pkg_models/models/sign_board_90
-- Up-to-date: /home/shiva/Documents/autonomous_car_ws/install/autonomous_car_pkg_models/share/autonomous_car_pkg_models/models/sign_board_90/model.config
-- Up-to-date: /home/shiva/Documents/autonomous_car_ws/install/autonomous_car_pkg_models/share/autonomous_car_pkg_models/models/sign_board_90/model.sdf
-- Up-to-date: /home/shiva/Documents/autonomous_car_ws/install/autonomous_car_pkg_models/share/autonomous_car_pkg_models/models/sign_board_90/meshes
-- Up-to-date: /home/shiva/Documents/autonomous_car_ws/install/autonomous_car_pkg_models/share/autonomous_car_pkg_models/models/sign_board_90/meshes/sign_board.mtl
-- Up-to-date: /home/shiva/Documents/autonomous_car_ws/install/autonomous_car_pkg_models/share/autonomous_car_pkg_models/models/sign_board_90/meshes/sign_stand.mtl
-- Up-to-date: /home/shiva/Documents/autonomous_car_ws/install/autonomous_car_pkg_models/share/autonomous_car_pkg_models/models/sign_board_90/materials
-- Up-to-date: /home/shiva/Documents/autonomous_car_ws/install/autonomous_car_pkg_models/share/autonomous_car_pkg_models/models/sign_board_90/materials/scripts
-- Up-to-date: /home/shiva/Documents/autonomous_car_ws/install/autonomous_car_pkg_models/share/autonomous_car_pkg_models/models/sign_board_90/materials/scripts/sign_board_90.material
-- Up-to-date: /home/shiva/Documents/autonomous_car_ws/install/autonomous_car_pkg_models/share/autonomous_car_pkg_models/models/sign_board_90/materials/textures
-- Up-to-date: /home/shiva/Documents/autonomous_car_ws/install/autonomous_car_pkg_models/share/autonomous_car_pkg_models/models/sign_board_90/materials/textures/60.png
-- Up-to-date: /home/shiva/Documents/autonomous_car_ws/install/autonomous_car_pkg_models/share/autonomous_car_pkg_models/models/sign_board_90/materials/textures/30.png
-- Up-to-date: /home/shiva/Documents/autonomous_car_ws/install/autonomous_car_pkg_models/share/autonomous_car_pkg_models/models/sign_board_90/materials/textures/90.png
-- Up-to-date: /home/shiva/Documents/autonomous_car_ws/install/autonomous_car_pkg_models/share/autonomous_car_pkg_models/models/sign_board_90/materials/textures/stop.png
-- Up-to-date: /home/shiva/Documents/autonomous_car_ws/install/autonomous_car_pkg_models/share/autonomous_car_pkg_models/models/sign_board_90/materials/textures/turn.png
-- Up-to-date: /home/shiva/Documents/autonomous_car_ws/install/autonomous_car_pkg_models/share/autonomous_car_pkg_models/models/track
-- Up-to-date: /home/shiva/Documents/autonomous_car_ws/install/autonomous_car_pkg_models/share/autonomous_car_pkg_models/models/track/model.config
-- Up-to-date: /home/shiva/Documents/autonomous_car_ws/install/autonomous_car_pkg_models/share/autonomous_car_pkg_models/models/track/model.sdf
-- Up-to-date: /home/shiva/Documents/autonomous_car_ws/install/autonomous_car_pkg_models/share/autonomous_car_pkg_models/models/track/meshes
-- Up-to-date: /home/shiva/Documents/autonomous_car_ws/install/autonomous_car_pkg_models/share/autonomous_car_pkg_models/models/track/meshes/chowk.dae
-- Up-to-date: /home/shiva/Documents/autonomous_car_ws/install/autonomous_car_pkg_models/share/autonomous_car_pkg_models/models/track/meshes/complete_circuit.dae
-- Up-to-date: /home/shiva/Documents/autonomous_car_ws/install/autonomous_car_pkg_models/share/autonomous_car_pkg_models/models/track/materials
-- Up-to-date: /home/shiva/Documents/autonomous_car_ws/install/autonomous_car_pkg_models/share/autonomous_car_pkg_models/models/track/materials/scripts
-- Up-to-date: /home/shiva/Documents/autonomous_car_ws/install/autonomous_car_pkg_models/share/autonomous_car_pkg_models/models/track/materials/scripts/road.material
-- Up-to-date: /home/shiva/Documents/autonomous_car_ws/install/autonomous_car_pkg_models/share/autonomous_car_pkg_models/models/track/materials/scripts/chowk.material
-- Up-to-date: /home/shiva/Documents/autonomous_car_ws/install/autonomous_car_pkg_models/share/autonomous_car_pkg_models/models/track/materials/textures
-- Up-to-date: /home/shiva/Documents/autonomous_car_ws/install/autonomous_car_pkg_models/share/autonomous_car_pkg_models/models/track/materials/textures/chowk.png
-- Up-to-date: /home/shiva/Documents/autonomous_car_ws/install/autonomous_car_pkg_models/share/autonomous_car_pkg_models/models/track/materials/textures/road.png
-- Up-to-date: /home/shiva/Documents/autonomous_car_ws/install/autonomous_car_pkg_models/share/autonomous_car_pkg_models/models/sign_board_turn
-- Up-to-date: /home/shiva/Documents/autonomous_car_ws/install/autonomous_car_pkg_models/share/autonomous_car_pkg_models/models/sign_board_turn/model.config
-- Up-to-date: /home/shiva/Documents/autonomous_car_ws/install/autonomous_car_pkg_models/share/autonomous_car_pkg_models/models/sign_board_turn/model.sdf
-- Up-to-date: /home/shiva/Documents/autonomous_car_ws/install/autonomous_car_pkg_models/share/autonomous_car_pkg_models/models/sign_board_turn/meshes
-- Up-to-date: /home/shiva/Documents/autonomous_car_ws/install/autonomous_car_pkg_models/share/autonomous_car_pkg_models/models/sign_board_turn/meshes/sign_board.mtl
-- Up-to-date: /home/shiva/Documents/autonomous_car_ws/install/autonomous_car_pkg_models/share/autonomous_car_pkg_models/models/sign_board_turn/meshes/sign_stand.mtl
-- Up-to-date: /home/shiva/Documents/autonomous_car_ws/install/autonomous_car_pkg_models/share/autonomous_car_pkg_models/models/sign_board_turn/materials
-- Up-to-date: /home/shiva/Documents/autonomous_car_ws/install/autonomous_car_pkg_models/share/autonomous_car_pkg_models/models/sign_board_turn/materials/scripts
-- Up-to-date: /home/shiva/Documents/autonomous_car_ws/install/autonomous_car_pkg_models/share/autonomous_car_pkg_models/models/sign_board_turn/materials/scripts/sign_board_turn.material
-- Up-to-date: /home/shiva/Documents/autonomous_car_ws/install/autonomous_car_pkg_models/share/autonomous_car_pkg_models/models/sign_board_turn/materials/textures
-- Up-to-date: /home/shiva/Documents/autonomous_car_ws/install/autonomous_car_pkg_models/share/autonomous_car_pkg_models/models/sign_board_turn/materials/textures/sign_board_turn.png
-- Up-to-date: /home/shiva/Documents/autonomous_car_ws/install/autonomous_car_pkg_models/share/autonomous_car_pkg_models/models/sign_board_60
-- Up-to-date: /home/shiva/Documents/autonomous_car_ws/install/autonomous_car_pkg_models/share/autonomous_car_pkg_models/models/sign_board_60/model.config
-- Up-to-date: /home/shiva/Documents/autonomous_car_ws/install/autonomous_car_pkg_models/share/autonomous_car_pkg_models/models/sign_board_60/model.sdf
-- Up-to-date: /home/shiva/Documents/autonomous_car_ws/install/autonomous_car_pkg_models/share/autonomous_car_pkg_models/models/sign_board_60/meshes
-- Up-to-date: /home/shiva/Documents/autonomous_car_ws/install/autonomous_car_pkg_models/share/autonomous_car_pkg_models/models/sign_board_60/meshes/sign_board.mtl
-- Up-to-date: /home/shiva/Documents/autonomous_car_ws/install/autonomous_car_pkg_models/share/autonomous_car_pkg_models/models/sign_board_60/meshes/sign_stand.mtl
-- Up-to-date: /home/shiva/Documents/autonomous_car_ws/install/autonomous_car_pkg_models/share/autonomous_car_pkg_models/models/sign_board_60/materials
-- Up-to-date: /home/shiva/Documents/autonomous_car_ws/install/autonomous_car_pkg_models/share/autonomous_car_pkg_models/models/sign_board_60/materials/scripts
-- Up-to-date: /home/shiva/Documents/autonomous_car_ws/install/autonomous_car_pkg_models/share/autonomous_car_pkg_models/models/sign_board_60/materials/scripts/sign_board_60.material
-- Up-to-date: /home/shiva/Documents/autonomous_car_ws/install/autonomous_car_pkg_models/share/autonomous_car_pkg_models/models/sign_board_60/materials/textures
-- Up-to-date: /home/shiva/Documents/autonomous_car_ws/install/autonomous_car_pkg_models/share/autonomous_car_pkg_models/models/sign_board_60/materials/textures/60.png
-- Up-to-date: /home/shiva/Documents/autonomous_car_ws/install/autonomous_car_pkg_models/share/autonomous_car_pkg_models/models/light_yellow
-- Up-to-date: /home/shiva/Documents/autonomous_car_ws/install/autonomous_car_pkg_models/share/autonomous_car_pkg_models/models/light_yellow/model.config
-- Up-to-date: /home/shiva/Documents/autonomous_car_ws/install/autonomous_car_pkg_models/share/autonomous_car_pkg_models/models/light_yellow/model.sdf
-- Up-to-date: /home/shiva/Documents/autonomous_car_ws/install/autonomous_car_pkg_models/share/autonomous_car_pkg_models/models/sign_board_stop
-- Up-to-date: /home/shiva/Documents/autonomous_car_ws/install/autonomous_car_pkg_models/share/autonomous_car_pkg_models/models/sign_board_stop/model.config
-- Up-to-date: /home/shiva/Documents/autonomous_car_ws/install/autonomous_car_pkg_models/share/autonomous_car_pkg_models/models/sign_board_stop/model.sdf
-- Up-to-date: /home/shiva/Documents/autonomous_car_ws/install/autonomous_car_pkg_models/share/autonomous_car_pkg_models/models/sign_board_stop/meshes
-- Up-to-date: /home/shiva/Documents/autonomous_car_ws/install/autonomous_car_pkg_models/share/autonomous_car_pkg_models/models/sign_board_stop/meshes/sign_board.mtl
-- Up-to-date: /home/shiva/Documents/autonomous_car_ws/install/autonomous_car_pkg_models/share/autonomous_car_pkg_models/models/sign_board_stop/meshes/sign_stand.mtl
-- Up-to-date: /home/shiva/Documents/autonomous_car_ws/install/autonomous_car_pkg_models/share/autonomous_car_pkg_models/models/sign_board_stop/materials
-- Up-to-date: /home/shiva/Documents/autonomous_car_ws/install/autonomous_car_pkg_models/share/autonomous_car_pkg_models/models/sign_board_stop/materials/scripts
-- Up-to-date: /home/shiva/Documents/autonomous_car_ws/install/autonomous_car_pkg_models/share/autonomous_car_pkg_models/models/sign_board_stop/materials/scripts/sign_board_stop.material
-- Up-to-date: /home/shiva/Documents/autonomous_car_ws/install/autonomous_car_pkg_models/share/autonomous_car_pkg_models/models/sign_board_stop/materials/textures
-- Up-to-date: /home/shiva/Documents/autonomous_car_ws/install/autonomous_car_pkg_models/share/autonomous_car_pkg_models/models/sign_board_stop/materials/textures/stop.png
-- Up-to-date: /home/shiva/Documents/autonomous_car_ws/install/autonomous_car_pkg_models/share/autonomous_car_pkg_models/models/traffic_stand
-- Up-to-date: /home/shiva/Documents/autonomous_car_ws/install/autonomous_car_pkg_models/share/autonomous_car_pkg_models/models/traffic_stand/model.config
-- Up-to-date: /home/shiva/Documents/autonomous_car_ws/install/autonomous_car_pkg_models/share/autonomous_car_pkg_models/models/traffic_stand/model.sdf
-- Up-to-date: /home/shiva/Documents/autonomous_car_ws/install/autonomous_car_pkg_models/share/autonomous_car_pkg_models/models/traffic_stand/meshes
-- Up-to-date: /home/shiva/Documents/autonomous_car_ws/install/autonomous_car_pkg_models/share/autonomous_car_pkg_models/models/traffic_stand/meshes/traffic_stand.dae
-- Up-to-date: /home/shiva/Documents/autonomous_car_ws/install/autonomous_car_pkg_models/share/autonomous_car_pkg_models/models/light_green
-- Up-to-date: /home/shiva/Documents/autonomous_car_ws/install/autonomous_car_pkg_models/share/autonomous_car_pkg_models/models/light_green/model.config
-- Up-to-date: /home/shiva/Documents/autonomous_car_ws/install/autonomous_car_pkg_models/share/autonomous_car_pkg_models/models/light_green/model.sdf
-- Up-to-date: /home/shiva/Documents/autonomous_car_ws/install/autonomous_car_pkg_models/share/ament_index/resource_index/package_run_dependencies/autonomous_car_pkg_models
-- Up-to-date: /home/shiva/Documents/autonomous_car_ws/install/autonomous_car_pkg_models/share/ament_index/resource_index/parent_prefix_path/autonomous_car_pkg_models
-- Up-to-date: /home/shiva/Documents/autonomous_car_ws/install/autonomous_car_pkg_models/share/autonomous_car_pkg_models/environment/ament_prefix_path.sh
-- Up-to-date: /home/shiva/Documents/autonomous_car_ws/install/autonomous_car_pkg_models/share/autonomous_car_pkg_models/environment/ament_prefix_path.dsv
-- Up-to-date: /home/shiva/Documents/autonomous_car_ws/install/autonomous_car_pkg_models/share/autonomous_car_pkg_models/environment/path.sh
-- Up-to-date: /home/shiva/Documents/autonomous_car_ws/install/autonomous_car_pkg_models/share/autonomous_car_pkg_models/environment/path.dsv
-- Up-to-date: /home/shiva/Documents/autonomous_car_ws/install/autonomous_car_pkg_models/share/autonomous_car_pkg_models/local_setup.bash
-- Up-to-date: /home/shiva/Documents/autonomous_car_ws/install/autonomous_car_pkg_models/share/autonomous_car_pkg_models/local_setup.sh
-- Up-to-date: /home/shiva/Documents/autonomous_car_ws/install/autonomous_car_pkg_models/share/autonomous_car_pkg_models/local_setup.zsh
-- Up-to-date: /home/shiva/Documents/autonomous_car_ws/install/autonomous_car_pkg_models/share/autonomous_car_pkg_models/local_setup.dsv
-- Installing: /home/shiva/Documents/autonomous_car_ws/install/autonomous_car_pkg_models/share/autonomous_car_pkg_models/package.dsv
-- Up-to-date: /home/shiva/Documents/autonomous_car_ws/install/autonomous_car_pkg_models/share/ament_index/resource_index/packages/autonomous_car_pkg_models
-- Up-to-date: /home/shiva/Documents/autonomous_car_ws/install/autonomous_car_pkg_models/share/autonomous_car_pkg_models/cmake/autonomous_car_pkg_modelsConfig.cmake
-- Up-to-date: /home/shiva/Documents/autonomous_car_ws/install/autonomous_car_pkg_models/share/autonomous_car_pkg_models/cmake/autonomous_car_pkg_modelsConfig-version.cmake
-- Up-to-date: /home/shiva/Documents/autonomous_car_ws/install/autonomous_car_pkg_models/share/autonomous_car_pkg_models/package.xml
