[2.169s] Invoking command in '/home/shiva/Documents/autonomous_car_ws/src/autonomous_car_pkg': PS1=(tf241env) \[\e]0;\u@\h: \w\a\]${debian_chroot:+($debian_chroot)}\[\033[01;32m\]\u@\h\[\033[00m\]:\[\033[01;34m\]\w\[\033[00m\]\$ PYTHONPATH=/home/shiva/Documents/autonomous_car_ws/build/autonomous_car_pkg/prefix_override:/usr/lib/python3/dist-packages/colcon_core/task/python/colcon_distutils_commands:/home/shiva/Documents/autonomous_car_ws/install/autonomous_car_pkg/lib/python3.10/site-packages:${PYTHONPATH} /usr/bin/python3 -W ignore:setup.py install is deprecated -W ignore:easy_install command is deprecated setup.py egg_info --egg-base ../../build/autonomous_car_pkg build --build-base /home/shiva/Documents/autonomous_car_ws/build/autonomous_car_pkg/build install --record /home/shiva/Documents/autonomous_car_ws/build/autonomous_car_pkg/install.log --single-version-externally-managed install_data
[2.894s] running egg_info
[2.895s] writing ../../build/autonomous_car_pkg/autonomous_car_pkg.egg-info/PKG-INFO
[2.896s] writing dependency_links to ../../build/autonomous_car_pkg/autonomous_car_pkg.egg-info/dependency_links.txt
[2.896s] writing entry points to ../../build/autonomous_car_pkg/autonomous_car_pkg.egg-info/entry_points.txt
[2.897s] writing requirements to ../../build/autonomous_car_pkg/autonomous_car_pkg.egg-info/requires.txt
[2.897s] writing top-level names to ../../build/autonomous_car_pkg/autonomous_car_pkg.egg-info/top_level.txt
[2.907s] reading manifest file '../../build/autonomous_car_pkg/autonomous_car_pkg.egg-info/SOURCES.txt'
[2.909s] writing manifest file '../../build/autonomous_car_pkg/autonomous_car_pkg.egg-info/SOURCES.txt'
[2.909s] running build
[2.910s] running build_py
[2.920s] running install
[2.920s] running install_lib
[2.926s] running install_data
[2.927s] running install_egg_info
[2.936s] removing '/home/shiva/Documents/autonomous_car_ws/install/autonomous_car_pkg/lib/python3.10/site-packages/autonomous_car_pkg-0.0.0-py3.10.egg-info' (and everything under it)
[2.937s] Copying ../../build/autonomous_car_pkg/autonomous_car_pkg.egg-info to /home/shiva/Documents/autonomous_car_ws/install/autonomous_car_pkg/lib/python3.10/site-packages/autonomous_car_pkg-0.0.0-py3.10.egg-info
[2.941s] running install_scripts
[3.001s] Installing computer_vision_node script to /home/shiva/Documents/autonomous_car_ws/install/autonomous_car_pkg/lib/autonomous_car_pkg
[3.002s] Installing sdc_V2 script to /home/shiva/Documents/autonomous_car_ws/install/autonomous_car_pkg/lib/autonomous_car_pkg
[3.002s] Installing spawner_node script to /home/shiva/Documents/autonomous_car_ws/install/autonomous_car_pkg/lib/autonomous_car_pkg
[3.002s] Installing upper_camera_recording script to /home/shiva/Documents/autonomous_car_ws/install/autonomous_car_pkg/lib/autonomous_car_pkg
[3.002s] Installing video_save script to /home/shiva/Documents/autonomous_car_ws/install/autonomous_car_pkg/lib/autonomous_car_pkg
[3.004s] writing list of installed files to '/home/shiva/Documents/autonomous_car_ws/build/autonomous_car_pkg/install.log'
[3.096s] Invoked command in '/home/shiva/Documents/autonomous_car_ws/src/autonomous_car_pkg' returned '0': PS1=(tf241env) \[\e]0;\u@\h: \w\a\]${debian_chroot:+($debian_chroot)}\[\033[01;32m\]\u@\h\[\033[00m\]:\[\033[01;34m\]\w\[\033[00m\]\$ PYTHONPATH=/home/shiva/Documents/autonomous_car_ws/build/autonomous_car_pkg/prefix_override:/usr/lib/python3/dist-packages/colcon_core/task/python/colcon_distutils_commands:/home/shiva/Documents/autonomous_car_ws/install/autonomous_car_pkg/lib/python3.10/site-packages:${PYTHONPATH} /usr/bin/python3 -W ignore:setup.py install is deprecated -W ignore:easy_install command is deprecated setup.py egg_info --egg-base ../../build/autonomous_car_pkg build --build-base /home/shiva/Documents/autonomous_car_ws/build/autonomous_car_pkg/build install --record /home/shiva/Documents/autonomous_car_ws/build/autonomous_car_pkg/install.log --single-version-externally-managed install_data
