[1.397s] Invoking command in '/home/shiva/Documents/autonomous_car_ws/build/autonomous_car_pkg_models': CMAKE_PREFIX_PATH=${CMAKE_PREFIX_PATH}:/home/shiva/Documents/autonomous_car_ws/install/autonomous_car_pkg:/home/shiva/Documents/wrk_spc/install/my_pkg:/opt/ros/humble PS1=\[\e]0;\u@\h: \w\a\]${debian_chroot:+($debian_chroot)}\[\033[01;32m\]\u@\h\[\033[00m\]:\[\033[01;34m\]\w\[\033[00m\]\$ /usr/bin/cmake --build /home/shiva/Documents/autonomous_car_ws/build/autonomous_car_pkg_models -- -j8 -l8
[1.587s] Invoked command in '/home/shiva/Documents/autonomous_car_ws/build/autonomous_car_pkg_models' returned '0': CMAKE_PREFIX_PATH=${CMAKE_PREFIX_PATH}:/home/shiva/Documents/autonomous_car_ws/install/autonomous_car_pkg:/home/shiva/Documents/wrk_spc/install/my_pkg:/opt/ros/humble PS1=\[\e]0;\u@\h: \w\a\]${debian_chroot:+($debian_chroot)}\[\033[01;32m\]\u@\h\[\033[00m\]:\[\033[01;34m\]\w\[\033[00m\]\$ /usr/bin/cmake --build /home/shiva/Documents/autonomous_car_ws/build/autonomous_car_pkg_models -- -j8 -l8
[1.628s] Invoking command in '/home/shiva/Documents/autonomous_car_ws/build/autonomous_car_pkg_models': CMAKE_PREFIX_PATH=${CMAKE_PREFIX_PATH}:/home/shiva/Documents/autonomous_car_ws/install/autonomous_car_pkg:/home/shiva/Documents/wrk_spc/install/my_pkg:/opt/ros/humble PS1=\[\e]0;\u@\h: \w\a\]${debian_chroot:+($debian_chroot)}\[\033[01;32m\]\u@\h\[\033[00m\]:\[\033[01;34m\]\w\[\033[00m\]\$ /usr/bin/cmake --install /home/shiva/Documents/autonomous_car_ws/build/autonomous_car_pkg_models
[1.669s] -- Install configuration: ""
[1.669s] -- Up-to-date: /home/shiva/Documents/autonomous_car_ws/install/autonomous_car_pkg_models/share/autonomous_car_pkg_models/models
[1.669s] -- Up-to-date: /home/shiva/Documents/autonomous_car_ws/install/autonomous_car_pkg_models/share/autonomous_car_pkg_models/models/sign_board_30
[1.670s] -- Up-to-date: /home/shiva/Documents/autonomous_car_ws/install/autonomous_car_pkg_models/share/autonomous_car_pkg_models/models/sign_board_30/model.config
[1.670s] -- Up-to-date: /home/shiva/Documents/autonomous_car_ws/install/autonomous_car_pkg_models/share/autonomous_car_pkg_models/models/sign_board_30/model.sdf
[1.670s] -- Up-to-date: /home/shiva/Documents/autonomous_car_ws/install/autonomous_car_pkg_models/share/autonomous_car_pkg_models/models/sign_board_30/meshes
[1.670s] -- Up-to-date: /home/shiva/Documents/autonomous_car_ws/install/autonomous_car_pkg_models/share/autonomous_car_pkg_models/models/sign_board_30/meshes/sign_board.mtl
[1.671s] -- Up-to-date: /home/shiva/Documents/autonomous_car_ws/install/autonomous_car_pkg_models/share/autonomous_car_pkg_models/models/sign_board_30/meshes/sign_stand.mtl
[1.673s] -- Up-to-date: /home/shiva/Documents/autonomous_car_ws/install/autonomous_car_pkg_models/share/autonomous_car_pkg_models/models/sign_board_30/materials
[1.675s] -- Up-to-date: /home/shiva/Documents/autonomous_car_ws/install/autonomous_car_pkg_models/share/autonomous_car_pkg_models/models/sign_board_30/materials/scripts
[1.676s] -- Up-to-date: /home/shiva/Documents/autonomous_car_ws/install/autonomous_car_pkg_models/share/autonomous_car_pkg_models/models/sign_board_30/materials/scripts/sign_board_30.material
[1.677s] -- Up-to-date: /home/shiva/Documents/autonomous_car_ws/install/autonomous_car_pkg_models/share/autonomous_car_pkg_models/models/sign_board_30/materials/textures
[1.679s] -- Up-to-date: /home/shiva/Documents/autonomous_car_ws/install/autonomous_car_pkg_models/share/autonomous_car_pkg_models/models/sign_board_30/materials/textures/30.png
[1.680s] -- Up-to-date: /home/shiva/Documents/autonomous_car_ws/install/autonomous_car_pkg_models/share/autonomous_car_pkg_models/models/light_red
[1.681s] -- Up-to-date: /home/shiva/Documents/autonomous_car_ws/install/autonomous_car_pkg_models/share/autonomous_car_pkg_models/models/light_red/model.config
[1.682s] -- Up-to-date: /home/shiva/Documents/autonomous_car_ws/install/autonomous_car_pkg_models/share/autonomous_car_pkg_models/models/light_red/model.sdf
[1.683s] -- Up-to-date: /home/shiva/Documents/autonomous_car_ws/install/autonomous_car_pkg_models/share/autonomous_car_pkg_models/models/prius_hybrid
[1.683s] -- Up-to-date: /home/shiva/Documents/autonomous_car_ws/install/autonomous_car_pkg_models/share/autonomous_car_pkg_models/models/prius_hybrid/model.config
[1.684s] -- Up-to-date: /home/shiva/Documents/autonomous_car_ws/install/autonomous_car_pkg_models/share/autonomous_car_pkg_models/models/prius_hybrid/model.sdf
[1.684s] -- Up-to-date: /home/shiva/Documents/autonomous_car_ws/install/autonomous_car_pkg_models/share/autonomous_car_pkg_models/models/prius_hybrid/meshes
[1.685s] -- Up-to-date: /home/shiva/Documents/autonomous_car_ws/install/autonomous_car_pkg_models/share/autonomous_car_pkg_models/models/prius_hybrid/meshes/Hybrid.mtl
[1.687s] -- Up-to-date: /home/shiva/Documents/autonomous_car_ws/install/autonomous_car_pkg_models/share/autonomous_car_pkg_models/models/prius_hybrid/materials
[1.688s] -- Up-to-date: /home/shiva/Documents/autonomous_car_ws/install/autonomous_car_pkg_models/share/autonomous_car_pkg_models/models/prius_hybrid/materials/textures
[1.688s] -- Up-to-date: /home/shiva/Documents/autonomous_car_ws/install/autonomous_car_pkg_models/share/autonomous_car_pkg_models/models/prius_hybrid/materials/textures/Wheels3.png
[1.688s] -- Up-to-date: /home/shiva/Documents/autonomous_car_ws/install/autonomous_car_pkg_models/share/autonomous_car_pkg_models/models/prius_hybrid/materials/textures/Hybrid_Interior.png
[1.689s] -- Up-to-date: /home/shiva/Documents/autonomous_car_ws/install/autonomous_car_pkg_models/share/autonomous_car_pkg_models/models/prius_hybrid/materials/textures/Hybrid.png
[1.689s] -- Up-to-date: /home/shiva/Documents/autonomous_car_ws/install/autonomous_car_pkg_models/share/autonomous_car_pkg_models/models/sign_board_90
[1.689s] -- Up-to-date: /home/shiva/Documents/autonomous_car_ws/install/autonomous_car_pkg_models/share/autonomous_car_pkg_models/models/sign_board_90/model.config
[1.694s] -- Up-to-date: /home/shiva/Documents/autonomous_car_ws/install/autonomous_car_pkg_models/share/autonomous_car_pkg_models/models/sign_board_90/model.sdf
[1.695s] -- Up-to-date: /home/shiva/Documents/autonomous_car_ws/install/autonomous_car_pkg_models/share/autonomous_car_pkg_models/models/sign_board_90/meshes
[1.699s] -- Up-to-date: /home/shiva/Documents/autonomous_car_ws/install/autonomous_car_pkg_models/share/autonomous_car_pkg_models/models/sign_board_90/meshes/sign_board.mtl
[1.701s] -- Up-to-date: /home/shiva/Documents/autonomous_car_ws/install/autonomous_car_pkg_models/share/autonomous_car_pkg_models/models/sign_board_90/meshes/sign_stand.mtl
[1.701s] -- Up-to-date: /home/shiva/Documents/autonomous_car_ws/install/autonomous_car_pkg_models/share/autonomous_car_pkg_models/models/sign_board_90/materials
[1.702s] -- Up-to-date: /home/shiva/Documents/autonomous_car_ws/install/autonomous_car_pkg_models/share/autonomous_car_pkg_models/models/sign_board_90/materials/scripts
[1.702s] -- Up-to-date: /home/shiva/Documents/autonomous_car_ws/install/autonomous_car_pkg_models/share/autonomous_car_pkg_models/models/sign_board_90/materials/scripts/sign_board_90.material
[1.702s] -- Up-to-date: /home/shiva/Documents/autonomous_car_ws/install/autonomous_car_pkg_models/share/autonomous_car_pkg_models/models/sign_board_90/materials/textures
[1.705s] -- Up-to-date: /home/shiva/Documents/autonomous_car_ws/install/autonomous_car_pkg_models/share/autonomous_car_pkg_models/models/sign_board_90/materials/textures/60.png
[1.705s] -- Up-to-date: /home/shiva/Documents/autonomous_car_ws/install/autonomous_car_pkg_models/share/autonomous_car_pkg_models/models/sign_board_90/materials/textures/30.png
[1.705s] -- Up-to-date: /home/shiva/Documents/autonomous_car_ws/install/autonomous_car_pkg_models/share/autonomous_car_pkg_models/models/sign_board_90/materials/textures/90.png
[1.705s] -- Up-to-date: /home/shiva/Documents/autonomous_car_ws/install/autonomous_car_pkg_models/share/autonomous_car_pkg_models/models/sign_board_90/materials/textures/stop.png
[1.705s] -- Up-to-date: /home/shiva/Documents/autonomous_car_ws/install/autonomous_car_pkg_models/share/autonomous_car_pkg_models/models/sign_board_90/materials/textures/turn.png
[1.706s] -- Up-to-date: /home/shiva/Documents/autonomous_car_ws/install/autonomous_car_pkg_models/share/autonomous_car_pkg_models/models/track
[1.706s] -- Up-to-date: /home/shiva/Documents/autonomous_car_ws/install/autonomous_car_pkg_models/share/autonomous_car_pkg_models/models/track/model.config
[1.706s] -- Up-to-date: /home/shiva/Documents/autonomous_car_ws/install/autonomous_car_pkg_models/share/autonomous_car_pkg_models/models/track/model.sdf
[1.706s] -- Up-to-date: /home/shiva/Documents/autonomous_car_ws/install/autonomous_car_pkg_models/share/autonomous_car_pkg_models/models/track/meshes
[1.707s] -- Up-to-date: /home/shiva/Documents/autonomous_car_ws/install/autonomous_car_pkg_models/share/autonomous_car_pkg_models/models/track/meshes/chowk.dae
[1.711s] -- Up-to-date: /home/shiva/Documents/autonomous_car_ws/install/autonomous_car_pkg_models/share/autonomous_car_pkg_models/models/track/meshes/complete_circuit.dae
[1.711s] -- Up-to-date: /home/shiva/Documents/autonomous_car_ws/install/autonomous_car_pkg_models/share/autonomous_car_pkg_models/models/track/materials
[1.712s] -- Up-to-date: /home/shiva/Documents/autonomous_car_ws/install/autonomous_car_pkg_models/share/autonomous_car_pkg_models/models/track/materials/scripts
[1.713s] -- Up-to-date: /home/shiva/Documents/autonomous_car_ws/install/autonomous_car_pkg_models/share/autonomous_car_pkg_models/models/track/materials/scripts/road.material
[1.716s] -- Up-to-date: /home/shiva/Documents/autonomous_car_ws/install/autonomous_car_pkg_models/share/autonomous_car_pkg_models/models/track/materials/scripts/chowk.material
[1.717s] -- Up-to-date: /home/shiva/Documents/autonomous_car_ws/install/autonomous_car_pkg_models/share/autonomous_car_pkg_models/models/track/materials/textures
[1.718s] -- Up-to-date: /home/shiva/Documents/autonomous_car_ws/install/autonomous_car_pkg_models/share/autonomous_car_pkg_models/models/track/materials/textures/chowk.png
[1.718s] -- Up-to-date: /home/shiva/Documents/autonomous_car_ws/install/autonomous_car_pkg_models/share/autonomous_car_pkg_models/models/track/materials/textures/road.png
[1.718s] -- Up-to-date: /home/shiva/Documents/autonomous_car_ws/install/autonomous_car_pkg_models/share/autonomous_car_pkg_models/models/sign_board_turn
[1.718s] -- Up-to-date: /home/shiva/Documents/autonomous_car_ws/install/autonomous_car_pkg_models/share/autonomous_car_pkg_models/models/sign_board_turn/model.config
[1.718s] -- Up-to-date: /home/shiva/Documents/autonomous_car_ws/install/autonomous_car_pkg_models/share/autonomous_car_pkg_models/models/sign_board_turn/model.sdf
[1.719s] -- Up-to-date: /home/shiva/Documents/autonomous_car_ws/install/autonomous_car_pkg_models/share/autonomous_car_pkg_models/models/sign_board_turn/meshes
[1.719s] -- Up-to-date: /home/shiva/Documents/autonomous_car_ws/install/autonomous_car_pkg_models/share/autonomous_car_pkg_models/models/sign_board_turn/meshes/sign_board.mtl
[1.719s] -- Up-to-date: /home/shiva/Documents/autonomous_car_ws/install/autonomous_car_pkg_models/share/autonomous_car_pkg_models/models/sign_board_turn/meshes/sign_stand.mtl
[1.719s] -- Up-to-date: /home/shiva/Documents/autonomous_car_ws/install/autonomous_car_pkg_models/share/autonomous_car_pkg_models/models/sign_board_turn/materials
[1.720s] -- Up-to-date: /home/shiva/Documents/autonomous_car_ws/install/autonomous_car_pkg_models/share/autonomous_car_pkg_models/models/sign_board_turn/materials/scripts
[1.720s] -- Up-to-date: /home/shiva/Documents/autonomous_car_ws/install/autonomous_car_pkg_models/share/autonomous_car_pkg_models/models/sign_board_turn/materials/scripts/sign_board_turn.material
[1.722s] -- Up-to-date: /home/shiva/Documents/autonomous_car_ws/install/autonomous_car_pkg_models/share/autonomous_car_pkg_models/models/sign_board_turn/materials/textures
[1.724s] -- Up-to-date: /home/shiva/Documents/autonomous_car_ws/install/autonomous_car_pkg_models/share/autonomous_car_pkg_models/models/sign_board_turn/materials/textures/sign_board_turn.png
[1.725s] -- Up-to-date: /home/shiva/Documents/autonomous_car_ws/install/autonomous_car_pkg_models/share/autonomous_car_pkg_models/models/sign_board_60
[1.725s] -- Up-to-date: /home/shiva/Documents/autonomous_car_ws/install/autonomous_car_pkg_models/share/autonomous_car_pkg_models/models/sign_board_60/model.config
[1.726s] -- Up-to-date: /home/shiva/Documents/autonomous_car_ws/install/autonomous_car_pkg_models/share/autonomous_car_pkg_models/models/sign_board_60/model.sdf
[1.729s] -- Up-to-date: /home/shiva/Documents/autonomous_car_ws/install/autonomous_car_pkg_models/share/autonomous_car_pkg_models/models/sign_board_60/meshes
[1.739s] -- Up-to-date: /home/shiva/Documents/autonomous_car_ws/install/autonomous_car_pkg_models/share/autonomous_car_pkg_models/models/sign_board_60/meshes/sign_board.mtl
[1.740s] -- Up-to-date: /home/shiva/Documents/autonomous_car_ws/install/autonomous_car_pkg_models/share/autonomous_car_pkg_models/models/sign_board_60/meshes/sign_stand.mtl
[1.740s] -- Up-to-date: /home/shiva/Documents/autonomous_car_ws/install/autonomous_car_pkg_models/share/autonomous_car_pkg_models/models/sign_board_60/materials
[1.741s] -- Up-to-date: /home/shiva/Documents/autonomous_car_ws/install/autonomous_car_pkg_models/share/autonomous_car_pkg_models/models/sign_board_60/materials/scripts
[1.741s] -- Up-to-date: /home/shiva/Documents/autonomous_car_ws/install/autonomous_car_pkg_models/share/autonomous_car_pkg_models/models/sign_board_60/materials/scripts/sign_board_60.material
[1.741s] -- Up-to-date: /home/shiva/Documents/autonomous_car_ws/install/autonomous_car_pkg_models/share/autonomous_car_pkg_models/models/sign_board_60/materials/textures
[1.744s] -- Up-to-date: /home/shiva/Documents/autonomous_car_ws/install/autonomous_car_pkg_models/share/autonomous_car_pkg_models/models/sign_board_60/materials/textures/60.png
[1.746s] -- Up-to-date: /home/shiva/Documents/autonomous_car_ws/install/autonomous_car_pkg_models/share/autonomous_car_pkg_models/models/light_yellow
[1.749s] -- Up-to-date: /home/shiva/Documents/autonomous_car_ws/install/autonomous_car_pkg_models/share/autonomous_car_pkg_models/models/light_yellow/model.config
[1.751s] -- Up-to-date: /home/shiva/Documents/autonomous_car_ws/install/autonomous_car_pkg_models/share/autonomous_car_pkg_models/models/light_yellow/model.sdf
[1.752s] -- Up-to-date: /home/shiva/Documents/autonomous_car_ws/install/autonomous_car_pkg_models/share/autonomous_car_pkg_models/models/sign_board_stop
[1.753s] -- Up-to-date: /home/shiva/Documents/autonomous_car_ws/install/autonomous_car_pkg_models/share/autonomous_car_pkg_models/models/sign_board_stop/model.config
[1.753s] -- Up-to-date: /home/shiva/Documents/autonomous_car_ws/install/autonomous_car_pkg_models/share/autonomous_car_pkg_models/models/sign_board_stop/model.sdf
[1.755s] -- Up-to-date: /home/shiva/Documents/autonomous_car_ws/install/autonomous_car_pkg_models/share/autonomous_car_pkg_models/models/sign_board_stop/meshes
[1.755s] -- Up-to-date: /home/shiva/Documents/autonomous_car_ws/install/autonomous_car_pkg_models/share/autonomous_car_pkg_models/models/sign_board_stop/meshes/sign_board.mtl
[1.755s] -- Up-to-date: /home/shiva/Documents/autonomous_car_ws/install/autonomous_car_pkg_models/share/autonomous_car_pkg_models/models/sign_board_stop/meshes/sign_stand.mtl
[1.756s] -- Up-to-date: /home/shiva/Documents/autonomous_car_ws/install/autonomous_car_pkg_models/share/autonomous_car_pkg_models/models/sign_board_stop/materials
[1.764s] -- Up-to-date: /home/shiva/Documents/autonomous_car_ws/install/autonomous_car_pkg_models/share/autonomous_car_pkg_models/models/sign_board_stop/materials/scripts
[1.766s] -- Up-to-date: /home/shiva/Documents/autonomous_car_ws/install/autonomous_car_pkg_models/share/autonomous_car_pkg_models/models/sign_board_stop/materials/scripts/sign_board_stop.material
[1.767s] -- Up-to-date: /home/shiva/Documents/autonomous_car_ws/install/autonomous_car_pkg_models/share/autonomous_car_pkg_models/models/sign_board_stop/materials/textures
[1.767s] -- Up-to-date: /home/shiva/Documents/autonomous_car_ws/install/autonomous_car_pkg_models/share/autonomous_car_pkg_models/models/sign_board_stop/materials/textures/stop.png
[1.767s] -- Up-to-date: /home/shiva/Documents/autonomous_car_ws/install/autonomous_car_pkg_models/share/autonomous_car_pkg_models/models/traffic_stand
[1.767s] -- Up-to-date: /home/shiva/Documents/autonomous_car_ws/install/autonomous_car_pkg_models/share/autonomous_car_pkg_models/models/traffic_stand/model.config
[1.768s] -- Up-to-date: /home/shiva/Documents/autonomous_car_ws/install/autonomous_car_pkg_models/share/autonomous_car_pkg_models/models/traffic_stand/model.sdf
[1.768s] -- Up-to-date: /home/shiva/Documents/autonomous_car_ws/install/autonomous_car_pkg_models/share/autonomous_car_pkg_models/models/traffic_stand/meshes
[1.770s] -- Up-to-date: /home/shiva/Documents/autonomous_car_ws/install/autonomous_car_pkg_models/share/autonomous_car_pkg_models/models/traffic_stand/meshes/traffic_stand.dae
[1.776s] -- Up-to-date: /home/shiva/Documents/autonomous_car_ws/install/autonomous_car_pkg_models/share/autonomous_car_pkg_models/models/light_green
[1.781s] -- Up-to-date: /home/shiva/Documents/autonomous_car_ws/install/autonomous_car_pkg_models/share/autonomous_car_pkg_models/models/light_green/model.config
[1.782s] -- Up-to-date: /home/shiva/Documents/autonomous_car_ws/install/autonomous_car_pkg_models/share/autonomous_car_pkg_models/models/light_green/model.sdf
[1.782s] -- Up-to-date: /home/shiva/Documents/autonomous_car_ws/install/autonomous_car_pkg_models/share/ament_index/resource_index/package_run_dependencies/autonomous_car_pkg_models
[1.783s] -- Up-to-date: /home/shiva/Documents/autonomous_car_ws/install/autonomous_car_pkg_models/share/ament_index/resource_index/parent_prefix_path/autonomous_car_pkg_models
[1.783s] -- Up-to-date: /home/shiva/Documents/autonomous_car_ws/install/autonomous_car_pkg_models/share/autonomous_car_pkg_models/environment/ament_prefix_path.sh
[1.783s] -- Up-to-date: /home/shiva/Documents/autonomous_car_ws/install/autonomous_car_pkg_models/share/autonomous_car_pkg_models/environment/ament_prefix_path.dsv
[1.783s] -- Up-to-date: /home/shiva/Documents/autonomous_car_ws/install/autonomous_car_pkg_models/share/autonomous_car_pkg_models/environment/path.sh
[1.784s] -- Up-to-date: /home/shiva/Documents/autonomous_car_ws/install/autonomous_car_pkg_models/share/autonomous_car_pkg_models/environment/path.dsv
[1.789s] -- Up-to-date: /home/shiva/Documents/autonomous_car_ws/install/autonomous_car_pkg_models/share/autonomous_car_pkg_models/local_setup.bash
[1.792s] -- Up-to-date: /home/shiva/Documents/autonomous_car_ws/install/autonomous_car_pkg_models/share/autonomous_car_pkg_models/local_setup.sh
[1.792s] -- Up-to-date: /home/shiva/Documents/autonomous_car_ws/install/autonomous_car_pkg_models/share/autonomous_car_pkg_models/local_setup.zsh
[1.792s] -- Up-to-date: /home/shiva/Documents/autonomous_car_ws/install/autonomous_car_pkg_models/share/autonomous_car_pkg_models/local_setup.dsv
[1.797s] -- Installing: /home/shiva/Documents/autonomous_car_ws/install/autonomous_car_pkg_models/share/autonomous_car_pkg_models/package.dsv
[1.803s] -- Up-to-date: /home/shiva/Documents/autonomous_car_ws/install/autonomous_car_pkg_models/share/ament_index/resource_index/packages/autonomous_car_pkg_models
[1.804s] -- Up-to-date: /home/shiva/Documents/autonomous_car_ws/install/autonomous_car_pkg_models/share/autonomous_car_pkg_models/cmake/autonomous_car_pkg_modelsConfig.cmake
[1.807s] -- Up-to-date: /home/shiva/Documents/autonomous_car_ws/install/autonomous_car_pkg_models/share/autonomous_car_pkg_models/cmake/autonomous_car_pkg_modelsConfig-version.cmake
[1.810s] -- Up-to-date: /home/shiva/Documents/autonomous_car_ws/install/autonomous_car_pkg_models/share/autonomous_car_pkg_models/package.xml
[1.812s] Invoked command in '/home/shiva/Documents/autonomous_car_ws/build/autonomous_car_pkg_models' returned '0': CMAKE_PREFIX_PATH=${CMAKE_PREFIX_PATH}:/home/shiva/Documents/autonomous_car_ws/install/autonomous_car_pkg:/home/shiva/Documents/wrk_spc/install/my_pkg:/opt/ros/humble PS1=\[\e]0;\u@\h: \w\a\]${debian_chroot:+($debian_chroot)}\[\033[01;32m\]\u@\h\[\033[00m\]:\[\033[01;34m\]\w\[\033[00m\]\$ /usr/bin/cmake --install /home/shiva/Documents/autonomous_car_ws/build/autonomous_car_pkg_models
