[0.285s] Invoking command in '/home/shiva/Documents/autonomous_car_ws/build/autonomous_car_pkg_models': CMAKE_PREFIX_PATH=${CMAKE_PREFIX_PATH}:/home/shiva/Documents/autonomous_car_ws/install/autonomous_car_pkg:/home/shiva/Documents/wrk_spc/install/my_pkg:/opt/ros/humble /usr/bin/cmake --build /home/shiva/Documents/autonomous_car_ws/build/autonomous_car_pkg_models -- -j8 -l8
[0.329s] Invoked command in '/home/shiva/Documents/autonomous_car_ws/build/autonomous_car_pkg_models' returned '0': CMAKE_PREFIX_PATH=${CMAKE_PREFIX_PATH}:/home/shiva/Documents/autonomous_car_ws/install/autonomous_car_pkg:/home/shiva/Documents/wrk_spc/install/my_pkg:/opt/ros/humble /usr/bin/cmake --build /home/shiva/Documents/autonomous_car_ws/build/autonomous_car_pkg_models -- -j8 -l8
[0.342s] Invoking command in '/home/shiva/Documents/autonomous_car_ws/build/autonomous_car_pkg_models': CMAKE_PREFIX_PATH=${CMAKE_PREFIX_PATH}:/home/shiva/Documents/autonomous_car_ws/install/autonomous_car_pkg:/home/shiva/Documents/wrk_spc/install/my_pkg:/opt/ros/humble /usr/bin/cmake --install /home/shiva/Documents/autonomous_car_ws/build/autonomous_car_pkg_models
[0.351s] -- Install configuration: ""
[0.352s] -- Up-to-date: /home/shiva/Documents/autonomous_car_ws/install/autonomous_car_pkg_models/share/autonomous_car_pkg_models/models
[0.352s] -- Up-to-date: /home/shiva/Documents/autonomous_car_ws/install/autonomous_car_pkg_models/share/autonomous_car_pkg_models/models/sign_board_30
[0.352s] -- Up-to-date: /home/shiva/Documents/autonomous_car_ws/install/autonomous_car_pkg_models/share/autonomous_car_pkg_models/models/sign_board_30/model.config
[0.352s] -- Up-to-date: /home/shiva/Documents/autonomous_car_ws/install/autonomous_car_pkg_models/share/autonomous_car_pkg_models/models/sign_board_30/model.sdf
[0.352s] -- Up-to-date: /home/shiva/Documents/autonomous_car_ws/install/autonomous_car_pkg_models/share/autonomous_car_pkg_models/models/sign_board_30/meshes
[0.352s] -- Up-to-date: /home/shiva/Documents/autonomous_car_ws/install/autonomous_car_pkg_models/share/autonomous_car_pkg_models/models/sign_board_30/meshes/sign_board.mtl
[0.352s] -- Up-to-date: /home/shiva/Documents/autonomous_car_ws/install/autonomous_car_pkg_models/share/autonomous_car_pkg_models/models/sign_board_30/meshes/sign_stand.mtl
[0.353s] -- Up-to-date: /home/shiva/Documents/autonomous_car_ws/install/autonomous_car_pkg_models/share/autonomous_car_pkg_models/models/sign_board_30/materials
[0.353s] -- Up-to-date: /home/shiva/Documents/autonomous_car_ws/install/autonomous_car_pkg_models/share/autonomous_car_pkg_models/models/sign_board_30/materials/scripts
[0.353s] -- Up-to-date: /home/shiva/Documents/autonomous_car_ws/install/autonomous_car_pkg_models/share/autonomous_car_pkg_models/models/sign_board_30/materials/scripts/sign_board_30.material
[0.353s] -- Up-to-date: /home/shiva/Documents/autonomous_car_ws/install/autonomous_car_pkg_models/share/autonomous_car_pkg_models/models/sign_board_30/materials/textures
[0.353s] -- Up-to-date: /home/shiva/Documents/autonomous_car_ws/install/autonomous_car_pkg_models/share/autonomous_car_pkg_models/models/sign_board_30/materials/textures/30.png
[0.354s] -- Up-to-date: /home/shiva/Documents/autonomous_car_ws/install/autonomous_car_pkg_models/share/autonomous_car_pkg_models/models/light_red
[0.354s] -- Up-to-date: /home/shiva/Documents/autonomous_car_ws/install/autonomous_car_pkg_models/share/autonomous_car_pkg_models/models/light_red/model.config
[0.354s] -- Up-to-date: /home/shiva/Documents/autonomous_car_ws/install/autonomous_car_pkg_models/share/autonomous_car_pkg_models/models/light_red/model.sdf
[0.354s] -- Up-to-date: /home/shiva/Documents/autonomous_car_ws/install/autonomous_car_pkg_models/share/autonomous_car_pkg_models/models/prius_hybrid
[0.354s] -- Up-to-date: /home/shiva/Documents/autonomous_car_ws/install/autonomous_car_pkg_models/share/autonomous_car_pkg_models/models/prius_hybrid/model.config
[0.355s] -- Up-to-date: /home/shiva/Documents/autonomous_car_ws/install/autonomous_car_pkg_models/share/autonomous_car_pkg_models/models/prius_hybrid/model.sdf
[0.356s] -- Up-to-date: /home/shiva/Documents/autonomous_car_ws/install/autonomous_car_pkg_models/share/autonomous_car_pkg_models/models/prius_hybrid/meshes
[0.356s] -- Up-to-date: /home/shiva/Documents/autonomous_car_ws/install/autonomous_car_pkg_models/share/autonomous_car_pkg_models/models/prius_hybrid/meshes/Hybrid.mtl
[0.356s] -- Up-to-date: /home/shiva/Documents/autonomous_car_ws/install/autonomous_car_pkg_models/share/autonomous_car_pkg_models/models/prius_hybrid/materials
[0.356s] -- Up-to-date: /home/shiva/Documents/autonomous_car_ws/install/autonomous_car_pkg_models/share/autonomous_car_pkg_models/models/prius_hybrid/materials/textures
[0.356s] -- Up-to-date: /home/shiva/Documents/autonomous_car_ws/install/autonomous_car_pkg_models/share/autonomous_car_pkg_models/models/prius_hybrid/materials/textures/Wheels3.png
[0.356s] -- Up-to-date: /home/shiva/Documents/autonomous_car_ws/install/autonomous_car_pkg_models/share/autonomous_car_pkg_models/models/prius_hybrid/materials/textures/Hybrid_Interior.png
[0.356s] -- Up-to-date: /home/shiva/Documents/autonomous_car_ws/install/autonomous_car_pkg_models/share/autonomous_car_pkg_models/models/prius_hybrid/materials/textures/Hybrid.png
[0.356s] -- Up-to-date: /home/shiva/Documents/autonomous_car_ws/install/autonomous_car_pkg_models/share/autonomous_car_pkg_models/models/sign_board_90
[0.356s] -- Up-to-date: /home/shiva/Documents/autonomous_car_ws/install/autonomous_car_pkg_models/share/autonomous_car_pkg_models/models/sign_board_90/model.config
[0.356s] -- Up-to-date: /home/shiva/Documents/autonomous_car_ws/install/autonomous_car_pkg_models/share/autonomous_car_pkg_models/models/sign_board_90/model.sdf
[0.357s] -- Up-to-date: /home/shiva/Documents/autonomous_car_ws/install/autonomous_car_pkg_models/share/autonomous_car_pkg_models/models/sign_board_90/meshes
[0.357s] -- Up-to-date: /home/shiva/Documents/autonomous_car_ws/install/autonomous_car_pkg_models/share/autonomous_car_pkg_models/models/sign_board_90/meshes/sign_board.mtl
[0.357s] -- Up-to-date: /home/shiva/Documents/autonomous_car_ws/install/autonomous_car_pkg_models/share/autonomous_car_pkg_models/models/sign_board_90/meshes/sign_stand.mtl
[0.357s] -- Up-to-date: /home/shiva/Documents/autonomous_car_ws/install/autonomous_car_pkg_models/share/autonomous_car_pkg_models/models/sign_board_90/materials
[0.357s] -- Up-to-date: /home/shiva/Documents/autonomous_car_ws/install/autonomous_car_pkg_models/share/autonomous_car_pkg_models/models/sign_board_90/materials/scripts
[0.357s] -- Up-to-date: /home/shiva/Documents/autonomous_car_ws/install/autonomous_car_pkg_models/share/autonomous_car_pkg_models/models/sign_board_90/materials/scripts/sign_board_90.material
[0.357s] -- Up-to-date: /home/shiva/Documents/autonomous_car_ws/install/autonomous_car_pkg_models/share/autonomous_car_pkg_models/models/sign_board_90/materials/textures
[0.358s] -- Up-to-date: /home/shiva/Documents/autonomous_car_ws/install/autonomous_car_pkg_models/share/autonomous_car_pkg_models/models/sign_board_90/materials/textures/60.png
[0.358s] -- Up-to-date: /home/shiva/Documents/autonomous_car_ws/install/autonomous_car_pkg_models/share/autonomous_car_pkg_models/models/sign_board_90/materials/textures/30.png
[0.359s] -- Up-to-date: /home/shiva/Documents/autonomous_car_ws/install/autonomous_car_pkg_models/share/autonomous_car_pkg_models/models/sign_board_90/materials/textures/90.png
[0.359s] -- Up-to-date: /home/shiva/Documents/autonomous_car_ws/install/autonomous_car_pkg_models/share/autonomous_car_pkg_models/models/sign_board_90/materials/textures/stop.png
[0.359s] -- Up-to-date: /home/shiva/Documents/autonomous_car_ws/install/autonomous_car_pkg_models/share/autonomous_car_pkg_models/models/sign_board_90/materials/textures/turn.png
[0.359s] -- Up-to-date: /home/shiva/Documents/autonomous_car_ws/install/autonomous_car_pkg_models/share/autonomous_car_pkg_models/models/track
[0.359s] -- Up-to-date: /home/shiva/Documents/autonomous_car_ws/install/autonomous_car_pkg_models/share/autonomous_car_pkg_models/models/track/model.config
[0.360s] -- Up-to-date: /home/shiva/Documents/autonomous_car_ws/install/autonomous_car_pkg_models/share/autonomous_car_pkg_models/models/track/model.sdf
[0.360s] -- Up-to-date: /home/shiva/Documents/autonomous_car_ws/install/autonomous_car_pkg_models/share/autonomous_car_pkg_models/models/track/meshes
[0.360s] -- Up-to-date: /home/shiva/Documents/autonomous_car_ws/install/autonomous_car_pkg_models/share/autonomous_car_pkg_models/models/track/meshes/chowk.dae
[0.360s] -- Up-to-date: /home/shiva/Documents/autonomous_car_ws/install/autonomous_car_pkg_models/share/autonomous_car_pkg_models/models/track/meshes/complete_circuit.dae
[0.360s] -- Up-to-date: /home/shiva/Documents/autonomous_car_ws/install/autonomous_car_pkg_models/share/autonomous_car_pkg_models/models/track/materials
[0.360s] -- Up-to-date: /home/shiva/Documents/autonomous_car_ws/install/autonomous_car_pkg_models/share/autonomous_car_pkg_models/models/track/materials/scripts
[0.360s] -- Up-to-date: /home/shiva/Documents/autonomous_car_ws/install/autonomous_car_pkg_models/share/autonomous_car_pkg_models/models/track/materials/scripts/road.material
[0.360s] -- Up-to-date: /home/shiva/Documents/autonomous_car_ws/install/autonomous_car_pkg_models/share/autonomous_car_pkg_models/models/track/materials/scripts/chowk.material
[0.360s] -- Up-to-date: /home/shiva/Documents/autonomous_car_ws/install/autonomous_car_pkg_models/share/autonomous_car_pkg_models/models/track/materials/textures
[0.361s] -- Up-to-date: /home/shiva/Documents/autonomous_car_ws/install/autonomous_car_pkg_models/share/autonomous_car_pkg_models/models/track/materials/textures/chowk.png
[0.361s] -- Up-to-date: /home/shiva/Documents/autonomous_car_ws/install/autonomous_car_pkg_models/share/autonomous_car_pkg_models/models/track/materials/textures/road.png
[0.361s] -- Up-to-date: /home/shiva/Documents/autonomous_car_ws/install/autonomous_car_pkg_models/share/autonomous_car_pkg_models/models/sign_board_turn
[0.361s] -- Up-to-date: /home/shiva/Documents/autonomous_car_ws/install/autonomous_car_pkg_models/share/autonomous_car_pkg_models/models/sign_board_turn/model.config
[0.361s] -- Up-to-date: /home/shiva/Documents/autonomous_car_ws/install/autonomous_car_pkg_models/share/autonomous_car_pkg_models/models/sign_board_turn/model.sdf
[0.361s] -- Up-to-date: /home/shiva/Documents/autonomous_car_ws/install/autonomous_car_pkg_models/share/autonomous_car_pkg_models/models/sign_board_turn/meshes
[0.361s] -- Up-to-date: /home/shiva/Documents/autonomous_car_ws/install/autonomous_car_pkg_models/share/autonomous_car_pkg_models/models/sign_board_turn/meshes/sign_board.mtl
[0.361s] -- Up-to-date: /home/shiva/Documents/autonomous_car_ws/install/autonomous_car_pkg_models/share/autonomous_car_pkg_models/models/sign_board_turn/meshes/sign_stand.mtl
[0.361s] -- Up-to-date: /home/shiva/Documents/autonomous_car_ws/install/autonomous_car_pkg_models/share/autonomous_car_pkg_models/models/sign_board_turn/materials
[0.362s] -- Up-to-date: /home/shiva/Documents/autonomous_car_ws/install/autonomous_car_pkg_models/share/autonomous_car_pkg_models/models/sign_board_turn/materials/scripts
[0.362s] -- Up-to-date: /home/shiva/Documents/autonomous_car_ws/install/autonomous_car_pkg_models/share/autonomous_car_pkg_models/models/sign_board_turn/materials/scripts/sign_board_turn.material
[0.362s] -- Up-to-date: /home/shiva/Documents/autonomous_car_ws/install/autonomous_car_pkg_models/share/autonomous_car_pkg_models/models/sign_board_turn/materials/textures
[0.363s] -- Up-to-date: /home/shiva/Documents/autonomous_car_ws/install/autonomous_car_pkg_models/share/autonomous_car_pkg_models/models/sign_board_turn/materials/textures/sign_board_turn.png
[0.363s] -- Up-to-date: /home/shiva/Documents/autonomous_car_ws/install/autonomous_car_pkg_models/share/autonomous_car_pkg_models/models/sign_board_60
[0.363s] -- Up-to-date: /home/shiva/Documents/autonomous_car_ws/install/autonomous_car_pkg_models/share/autonomous_car_pkg_models/models/sign_board_60/model.config
[0.363s] -- Up-to-date: /home/shiva/Documents/autonomous_car_ws/install/autonomous_car_pkg_models/share/autonomous_car_pkg_models/models/sign_board_60/model.sdf
[0.363s] -- Up-to-date: /home/shiva/Documents/autonomous_car_ws/install/autonomous_car_pkg_models/share/autonomous_car_pkg_models/models/sign_board_60/meshes
[0.363s] -- Up-to-date: /home/shiva/Documents/autonomous_car_ws/install/autonomous_car_pkg_models/share/autonomous_car_pkg_models/models/sign_board_60/meshes/sign_board.mtl
[0.363s] -- Up-to-date: /home/shiva/Documents/autonomous_car_ws/install/autonomous_car_pkg_models/share/autonomous_car_pkg_models/models/sign_board_60/meshes/sign_stand.mtl
[0.364s] -- Up-to-date: /home/shiva/Documents/autonomous_car_ws/install/autonomous_car_pkg_models/share/autonomous_car_pkg_models/models/sign_board_60/materials
[0.364s] -- Up-to-date: /home/shiva/Documents/autonomous_car_ws/install/autonomous_car_pkg_models/share/autonomous_car_pkg_models/models/sign_board_60/materials/scripts
[0.364s] -- Up-to-date: /home/shiva/Documents/autonomous_car_ws/install/autonomous_car_pkg_models/share/autonomous_car_pkg_models/models/sign_board_60/materials/scripts/sign_board_60.material
[0.364s] -- Up-to-date: /home/shiva/Documents/autonomous_car_ws/install/autonomous_car_pkg_models/share/autonomous_car_pkg_models/models/sign_board_60/materials/textures
[0.364s] -- Up-to-date: /home/shiva/Documents/autonomous_car_ws/install/autonomous_car_pkg_models/share/autonomous_car_pkg_models/models/sign_board_60/materials/textures/60.png
[0.365s] -- Up-to-date: /home/shiva/Documents/autonomous_car_ws/install/autonomous_car_pkg_models/share/autonomous_car_pkg_models/models/light_yellow
[0.365s] -- Up-to-date: /home/shiva/Documents/autonomous_car_ws/install/autonomous_car_pkg_models/share/autonomous_car_pkg_models/models/light_yellow/model.config
[0.366s] -- Up-to-date: /home/shiva/Documents/autonomous_car_ws/install/autonomous_car_pkg_models/share/autonomous_car_pkg_models/models/light_yellow/model.sdf
[0.367s] -- Up-to-date: /home/shiva/Documents/autonomous_car_ws/install/autonomous_car_pkg_models/share/autonomous_car_pkg_models/models/sign_board_stop
[0.367s] -- Up-to-date: /home/shiva/Documents/autonomous_car_ws/install/autonomous_car_pkg_models/share/autonomous_car_pkg_models/models/sign_board_stop/model.config
[0.367s] -- Up-to-date: /home/shiva/Documents/autonomous_car_ws/install/autonomous_car_pkg_models/share/autonomous_car_pkg_models/models/sign_board_stop/model.sdf
[0.367s] -- Up-to-date: /home/shiva/Documents/autonomous_car_ws/install/autonomous_car_pkg_models/share/autonomous_car_pkg_models/models/sign_board_stop/meshes
[0.367s] -- Up-to-date: /home/shiva/Documents/autonomous_car_ws/install/autonomous_car_pkg_models/share/autonomous_car_pkg_models/models/sign_board_stop/meshes/sign_board.mtl
[0.368s] -- Up-to-date: /home/shiva/Documents/autonomous_car_ws/install/autonomous_car_pkg_models/share/autonomous_car_pkg_models/models/sign_board_stop/meshes/sign_stand.mtl
[0.368s] -- Up-to-date: /home/shiva/Documents/autonomous_car_ws/install/autonomous_car_pkg_models/share/autonomous_car_pkg_models/models/sign_board_stop/materials
[0.368s] -- Up-to-date: /home/shiva/Documents/autonomous_car_ws/install/autonomous_car_pkg_models/share/autonomous_car_pkg_models/models/sign_board_stop/materials/scripts
[0.368s] -- Up-to-date: /home/shiva/Documents/autonomous_car_ws/install/autonomous_car_pkg_models/share/autonomous_car_pkg_models/models/sign_board_stop/materials/scripts/sign_board_stop.material
[0.368s] -- Up-to-date: /home/shiva/Documents/autonomous_car_ws/install/autonomous_car_pkg_models/share/autonomous_car_pkg_models/models/sign_board_stop/materials/textures
[0.368s] -- Up-to-date: /home/shiva/Documents/autonomous_car_ws/install/autonomous_car_pkg_models/share/autonomous_car_pkg_models/models/sign_board_stop/materials/textures/stop.png
[0.368s] -- Up-to-date: /home/shiva/Documents/autonomous_car_ws/install/autonomous_car_pkg_models/share/autonomous_car_pkg_models/models/traffic_stand
[0.369s] -- Up-to-date: /home/shiva/Documents/autonomous_car_ws/install/autonomous_car_pkg_models/share/autonomous_car_pkg_models/models/traffic_stand/model.config
[0.369s] -- Up-to-date: /home/shiva/Documents/autonomous_car_ws/install/autonomous_car_pkg_models/share/autonomous_car_pkg_models/models/traffic_stand/model.sdf
[0.369s] -- Up-to-date: /home/shiva/Documents/autonomous_car_ws/install/autonomous_car_pkg_models/share/autonomous_car_pkg_models/models/traffic_stand/meshes
[0.369s] -- Up-to-date: /home/shiva/Documents/autonomous_car_ws/install/autonomous_car_pkg_models/share/autonomous_car_pkg_models/models/traffic_stand/meshes/traffic_stand.dae
[0.371s] -- Up-to-date: /home/shiva/Documents/autonomous_car_ws/install/autonomous_car_pkg_models/share/autonomous_car_pkg_models/models/light_green
[0.371s] -- Up-to-date: /home/shiva/Documents/autonomous_car_ws/install/autonomous_car_pkg_models/share/autonomous_car_pkg_models/models/light_green/model.config
[0.371s] -- Up-to-date: /home/shiva/Documents/autonomous_car_ws/install/autonomous_car_pkg_models/share/autonomous_car_pkg_models/models/light_green/model.sdf
[0.372s] -- Up-to-date: /home/shiva/Documents/autonomous_car_ws/install/autonomous_car_pkg_models/share/ament_index/resource_index/package_run_dependencies/autonomous_car_pkg_models
[0.372s] -- Up-to-date: /home/shiva/Documents/autonomous_car_ws/install/autonomous_car_pkg_models/share/ament_index/resource_index/parent_prefix_path/autonomous_car_pkg_models
[0.372s] -- Up-to-date: /home/shiva/Documents/autonomous_car_ws/install/autonomous_car_pkg_models/share/autonomous_car_pkg_models/environment/ament_prefix_path.sh
[0.372s] -- Up-to-date: /home/shiva/Documents/autonomous_car_ws/install/autonomous_car_pkg_models/share/autonomous_car_pkg_models/environment/ament_prefix_path.dsv
[0.372s] -- Up-to-date: /home/shiva/Documents/autonomous_car_ws/install/autonomous_car_pkg_models/share/autonomous_car_pkg_models/environment/path.sh
[0.372s] -- Up-to-date: /home/shiva/Documents/autonomous_car_ws/install/autonomous_car_pkg_models/share/autonomous_car_pkg_models/environment/path.dsv
[0.372s] -- Up-to-date: /home/shiva/Documents/autonomous_car_ws/install/autonomous_car_pkg_models/share/autonomous_car_pkg_models/local_setup.bash
[0.372s] -- Up-to-date: /home/shiva/Documents/autonomous_car_ws/install/autonomous_car_pkg_models/share/autonomous_car_pkg_models/local_setup.sh
[0.373s] -- Up-to-date: /home/shiva/Documents/autonomous_car_ws/install/autonomous_car_pkg_models/share/autonomous_car_pkg_models/local_setup.zsh
[0.373s] -- Up-to-date: /home/shiva/Documents/autonomous_car_ws/install/autonomous_car_pkg_models/share/autonomous_car_pkg_models/local_setup.dsv
[0.373s] -- Installing: /home/shiva/Documents/autonomous_car_ws/install/autonomous_car_pkg_models/share/autonomous_car_pkg_models/package.dsv
[0.374s] -- Up-to-date: /home/shiva/Documents/autonomous_car_ws/install/autonomous_car_pkg_models/share/ament_index/resource_index/packages/autonomous_car_pkg_models
[0.374s] -- Up-to-date: /home/shiva/Documents/autonomous_car_ws/install/autonomous_car_pkg_models/share/autonomous_car_pkg_models/cmake/autonomous_car_pkg_modelsConfig.cmake
[0.374s] -- Up-to-date: /home/shiva/Documents/autonomous_car_ws/install/autonomous_car_pkg_models/share/autonomous_car_pkg_models/cmake/autonomous_car_pkg_modelsConfig-version.cmake
[0.375s] -- Up-to-date: /home/shiva/Documents/autonomous_car_ws/install/autonomous_car_pkg_models/share/autonomous_car_pkg_models/package.xml
[0.375s] Invoked command in '/home/shiva/Documents/autonomous_car_ws/build/autonomous_car_pkg_models' returned '0': CMAKE_PREFIX_PATH=${CMAKE_PREFIX_PATH}:/home/shiva/Documents/autonomous_car_ws/install/autonomous_car_pkg:/home/shiva/Documents/wrk_spc/install/my_pkg:/opt/ros/humble /usr/bin/cmake --install /home/shiva/Documents/autonomous_car_ws/build/autonomous_car_pkg_models
