[0.379s] DEBUG:colcon:Command line arguments: ['/usr/bin/colcon', 'build']
[0.379s] DEBUG:colcon:Parsed command line arguments: Namespace(log_base=None, log_level=None, verb_name='build', build_base='build', install_base='install', merge_install=False, symlink_install=False, test_result_base=None, continue_on_error=False, executor='parallel', parallel_workers=8, event_handlers=None, ignore_user_meta=False, metas=['./colcon.meta'], base_paths=['.'], packages_ignore=None, packages_ignore_regex=None, paths=None, packages_up_to=None, packages_up_to_regex=None, packages_above=None, packages_above_and_dependencies=None, packages_above_depth=None, packages_select_by_dep=None, packages_skip_by_dep=None, packages_skip_up_to=None, packages_select_build_failed=False, packages_skip_build_finished=False, packages_select_test_failures=False, packages_skip_test_passed=False, packages_select=None, packages_skip=None, packages_select_regex=None, packages_skip_regex=None, packages_start=None, packages_end=None, allow_overriding=[], cmake_args=None, cmake_target=None, cmake_target_skip_unavailable=False, cmake_clean_cache=False, cmake_clean_first=False, cmake_force_configure=False, ament_cmake_args=None, catkin_cmake_args=None, catkin_skip_building_tests=False, mixin_files=None, mixin=None, verb_parser=<colcon_mixin.mixin.mixin_argument.MixinArgumentDecorator object at 0x71e26264f400>, verb_extension=<colcon_core.verb.build.BuildVerb object at 0x71e26264ed70>, main=<bound method BuildVerb.main of <colcon_core.verb.build.BuildVerb object at 0x71e26264ed70>>, mixin_verb=('build',))
[1.111s] Level 1:colcon.colcon_core.package_discovery:discover_packages(colcon_meta) check parameters
[1.112s] Level 1:colcon.colcon_core.package_discovery:discover_packages(recursive) check parameters
[1.112s] Level 1:colcon.colcon_core.package_discovery:discover_packages(ignore) check parameters
[1.112s] Level 1:colcon.colcon_core.package_discovery:discover_packages(path) check parameters
[1.112s] Level 1:colcon.colcon_core.package_discovery:discover_packages(colcon_meta) discover
[1.112s] Level 1:colcon.colcon_core.package_discovery:discover_packages(recursive) discover
[1.112s] INFO:colcon.colcon_core.package_discovery:Crawling recursively for packages in '/home/shiva/Documents/autonomous_car_ws'
[1.114s] Level 1:colcon.colcon_core.package_identification:_identify(.) by extensions ['ignore', 'ignore_ament_install']
[1.115s] Level 1:colcon.colcon_core.package_identification:_identify(.) by extension 'ignore'
[1.115s] Level 1:colcon.colcon_core.package_identification:_identify(.) by extension 'ignore_ament_install'
[1.116s] Level 1:colcon.colcon_core.package_identification:_identify(.) by extensions ['colcon_pkg']
[1.116s] Level 1:colcon.colcon_core.package_identification:_identify(.) by extension 'colcon_pkg'
[1.116s] Level 1:colcon.colcon_core.package_identification:_identify(.) by extensions ['colcon_meta']
[1.116s] Level 1:colcon.colcon_core.package_identification:_identify(.) by extension 'colcon_meta'
[1.116s] Level 1:colcon.colcon_core.package_identification:_identify(.) by extensions ['ros']
[1.116s] Level 1:colcon.colcon_core.package_identification:_identify(.) by extension 'ros'
[1.150s] Level 1:colcon.colcon_core.package_identification:_identify(.) by extensions ['cmake', 'python']
[1.151s] Level 1:colcon.colcon_core.package_identification:_identify(.) by extension 'cmake'
[1.151s] Level 1:colcon.colcon_core.package_identification:_identify(.) by extension 'python'
[1.151s] Level 1:colcon.colcon_core.package_identification:_identify(.) by extensions ['python_setup_py']
[1.152s] Level 1:colcon.colcon_core.package_identification:_identify(.) by extension 'python_setup_py'
[1.152s] Level 1:colcon.colcon_core.package_identification:_identify(build) by extensions ['ignore', 'ignore_ament_install']
[1.152s] Level 1:colcon.colcon_core.package_identification:_identify(build) by extension 'ignore'
[1.152s] Level 1:colcon.colcon_core.package_identification:_identify(build) ignored
[1.152s] Level 1:colcon.colcon_core.package_identification:_identify(data) by extensions ['ignore', 'ignore_ament_install']
[1.153s] Level 1:colcon.colcon_core.package_identification:_identify(data) by extension 'ignore'
[1.153s] Level 1:colcon.colcon_core.package_identification:_identify(data) by extension 'ignore_ament_install'
[1.153s] Level 1:colcon.colcon_core.package_identification:_identify(data) by extensions ['colcon_pkg']
[1.153s] Level 1:colcon.colcon_core.package_identification:_identify(data) by extension 'colcon_pkg'
[1.153s] Level 1:colcon.colcon_core.package_identification:_identify(data) by extensions ['colcon_meta']
[1.153s] Level 1:colcon.colcon_core.package_identification:_identify(data) by extension 'colcon_meta'
[1.153s] Level 1:colcon.colcon_core.package_identification:_identify(data) by extensions ['ros']
[1.153s] Level 1:colcon.colcon_core.package_identification:_identify(data) by extension 'ros'
[1.153s] Level 1:colcon.colcon_core.package_identification:_identify(data) by extensions ['cmake', 'python']
[1.153s] Level 1:colcon.colcon_core.package_identification:_identify(data) by extension 'cmake'
[1.153s] Level 1:colcon.colcon_core.package_identification:_identify(data) by extension 'python'
[1.154s] Level 1:colcon.colcon_core.package_identification:_identify(data) by extensions ['python_setup_py']
[1.154s] Level 1:colcon.colcon_core.package_identification:_identify(data) by extension 'python_setup_py'
[1.154s] Level 1:colcon.colcon_core.package_identification:_identify(data/Output) by extensions ['ignore', 'ignore_ament_install']
[1.154s] Level 1:colcon.colcon_core.package_identification:_identify(data/Output) by extension 'ignore'
[1.154s] Level 1:colcon.colcon_core.package_identification:_identify(data/Output) by extension 'ignore_ament_install'
[1.154s] Level 1:colcon.colcon_core.package_identification:_identify(data/Output) by extensions ['colcon_pkg']
[1.154s] Level 1:colcon.colcon_core.package_identification:_identify(data/Output) by extension 'colcon_pkg'
[1.154s] Level 1:colcon.colcon_core.package_identification:_identify(data/Output) by extensions ['colcon_meta']
[1.154s] Level 1:colcon.colcon_core.package_identification:_identify(data/Output) by extension 'colcon_meta'
[1.154s] Level 1:colcon.colcon_core.package_identification:_identify(data/Output) by extensions ['ros']
[1.154s] Level 1:colcon.colcon_core.package_identification:_identify(data/Output) by extension 'ros'
[1.154s] Level 1:colcon.colcon_core.package_identification:_identify(data/Output) by extensions ['cmake', 'python']
[1.155s] Level 1:colcon.colcon_core.package_identification:_identify(data/Output) by extension 'cmake'
[1.155s] Level 1:colcon.colcon_core.package_identification:_identify(data/Output) by extension 'python'
[1.155s] Level 1:colcon.colcon_core.package_identification:_identify(data/Output) by extensions ['python_setup_py']
[1.155s] Level 1:colcon.colcon_core.package_identification:_identify(data/Output) by extension 'python_setup_py'
[1.155s] Level 1:colcon.colcon_core.package_identification:_identify(install) by extensions ['ignore', 'ignore_ament_install']
[1.155s] Level 1:colcon.colcon_core.package_identification:_identify(install) by extension 'ignore'
[1.155s] Level 1:colcon.colcon_core.package_identification:_identify(install) ignored
[1.155s] Level 1:colcon.colcon_core.package_identification:_identify(log) by extensions ['ignore', 'ignore_ament_install']
[1.155s] Level 1:colcon.colcon_core.package_identification:_identify(log) by extension 'ignore'
[1.155s] Level 1:colcon.colcon_core.package_identification:_identify(log) ignored
[1.156s] Level 1:colcon.colcon_core.package_identification:_identify(src) by extensions ['ignore', 'ignore_ament_install']
[1.156s] Level 1:colcon.colcon_core.package_identification:_identify(src) by extension 'ignore'
[1.156s] Level 1:colcon.colcon_core.package_identification:_identify(src) by extension 'ignore_ament_install'
[1.156s] Level 1:colcon.colcon_core.package_identification:_identify(src) by extensions ['colcon_pkg']
[1.156s] Level 1:colcon.colcon_core.package_identification:_identify(src) by extension 'colcon_pkg'
[1.156s] Level 1:colcon.colcon_core.package_identification:_identify(src) by extensions ['colcon_meta']
[1.156s] Level 1:colcon.colcon_core.package_identification:_identify(src) by extension 'colcon_meta'
[1.156s] Level 1:colcon.colcon_core.package_identification:_identify(src) by extensions ['ros']
[1.156s] Level 1:colcon.colcon_core.package_identification:_identify(src) by extension 'ros'
[1.156s] Level 1:colcon.colcon_core.package_identification:_identify(src) by extensions ['cmake', 'python']
[1.156s] Level 1:colcon.colcon_core.package_identification:_identify(src) by extension 'cmake'
[1.156s] Level 1:colcon.colcon_core.package_identification:_identify(src) by extension 'python'
[1.157s] Level 1:colcon.colcon_core.package_identification:_identify(src) by extensions ['python_setup_py']
[1.157s] Level 1:colcon.colcon_core.package_identification:_identify(src) by extension 'python_setup_py'
[1.157s] Level 1:colcon.colcon_core.package_identification:_identify(src/autonomous_car_pkg) by extensions ['ignore', 'ignore_ament_install']
[1.157s] Level 1:colcon.colcon_core.package_identification:_identify(src/autonomous_car_pkg) by extension 'ignore'
[1.157s] Level 1:colcon.colcon_core.package_identification:_identify(src/autonomous_car_pkg) by extension 'ignore_ament_install'
[1.157s] Level 1:colcon.colcon_core.package_identification:_identify(src/autonomous_car_pkg) by extensions ['colcon_pkg']
[1.157s] Level 1:colcon.colcon_core.package_identification:_identify(src/autonomous_car_pkg) by extension 'colcon_pkg'
[1.157s] Level 1:colcon.colcon_core.package_identification:_identify(src/autonomous_car_pkg) by extensions ['colcon_meta']
[1.157s] Level 1:colcon.colcon_core.package_identification:_identify(src/autonomous_car_pkg) by extension 'colcon_meta'
[1.158s] Level 1:colcon.colcon_core.package_identification:_identify(src/autonomous_car_pkg) by extensions ['ros']
[1.158s] Level 1:colcon.colcon_core.package_identification:_identify(src/autonomous_car_pkg) by extension 'ros'
[1.166s] DEBUG:colcon.colcon_core.package_identification:Package 'src/autonomous_car_pkg' with type 'ros.ament_python' and name 'autonomous_car_pkg'
[1.167s] Level 1:colcon.colcon_core.package_identification:_identify(src/autonomous_car_pkg_models) by extensions ['ignore', 'ignore_ament_install']
[1.167s] Level 1:colcon.colcon_core.package_identification:_identify(src/autonomous_car_pkg_models) by extension 'ignore'
[1.167s] Level 1:colcon.colcon_core.package_identification:_identify(src/autonomous_car_pkg_models) by extension 'ignore_ament_install'
[1.167s] Level 1:colcon.colcon_core.package_identification:_identify(src/autonomous_car_pkg_models) by extensions ['colcon_pkg']
[1.167s] Level 1:colcon.colcon_core.package_identification:_identify(src/autonomous_car_pkg_models) by extension 'colcon_pkg'
[1.167s] Level 1:colcon.colcon_core.package_identification:_identify(src/autonomous_car_pkg_models) by extensions ['colcon_meta']
[1.167s] Level 1:colcon.colcon_core.package_identification:_identify(src/autonomous_car_pkg_models) by extension 'colcon_meta'
[1.167s] Level 1:colcon.colcon_core.package_identification:_identify(src/autonomous_car_pkg_models) by extensions ['ros']
[1.167s] Level 1:colcon.colcon_core.package_identification:_identify(src/autonomous_car_pkg_models) by extension 'ros'
[1.168s] DEBUG:colcon.colcon_core.package_identification:Package 'src/autonomous_car_pkg_models' with type 'ros.ament_cmake' and name 'autonomous_car_pkg_models'
[1.168s] Level 1:colcon.colcon_core.package_discovery:discover_packages(recursive) using defaults
[1.168s] Level 1:colcon.colcon_core.package_discovery:discover_packages(ignore) discover
[1.168s] Level 1:colcon.colcon_core.package_discovery:discover_packages(ignore) using defaults
[1.168s] Level 1:colcon.colcon_core.package_discovery:discover_packages(path) discover
[1.168s] Level 1:colcon.colcon_core.package_discovery:discover_packages(path) using defaults
[1.273s] Level 1:colcon.colcon_core.package_discovery:discover_packages(prefix_path) check parameters
[1.273s] Level 1:colcon.colcon_core.package_discovery:discover_packages(prefix_path) discover
[1.284s] DEBUG:colcon.colcon_installed_package_information.package_discovery:Found 2 installed packages in /home/shiva/Documents/autonomous_car_ws/install
[1.285s] DEBUG:colcon.colcon_installed_package_information.package_discovery:Found 6 installed packages in /home/shiva/Documents/mohan_turtlrbot/install
[1.286s] DEBUG:colcon.colcon_installed_package_information.package_discovery:Found 6 installed packages in /home/shiva/Documents/robot_vehicle/install
[1.288s] DEBUG:colcon.colcon_installed_package_information.package_discovery:Found 2 installed packages in /home/shiva/Documents/bumperbot_wrkspc/install
[1.291s] DEBUG:colcon.colcon_installed_package_information.package_discovery:Found 7 installed packages in /home/shiva/Documents/robot_arm/install
[1.294s] DEBUG:colcon.colcon_installed_package_information.package_discovery:Found 3 installed packages in /home/shiva/Documents/wrk_spc/install
[1.295s] DEBUG:colcon.colcon_installed_package_information.package_discovery:Found 6 installed packages in /home/shiva/Documents/ros2_projects/robot_car_V2/install
[1.296s] DEBUG:colcon.colcon_installed_package_information.package_discovery:Found 4 installed packages in /home/shiva/Documents/AGV_Kalman_Filter_Robot/robo_car/install
[1.300s] DEBUG:colcon.colcon_installed_package_information.package_discovery:Found 407 installed packages in /opt/ros/humble
[1.309s] Level 1:colcon.colcon_core.package_discovery:discover_packages(prefix_path) using defaults
[1.475s] Level 5:colcon.colcon_core.verb:set package 'autonomous_car_pkg' build argument 'cmake_args' from command line to 'None'
[1.475s] Level 5:colcon.colcon_core.verb:set package 'autonomous_car_pkg' build argument 'cmake_target' from command line to 'None'
[1.475s] Level 5:colcon.colcon_core.verb:set package 'autonomous_car_pkg' build argument 'cmake_target_skip_unavailable' from command line to 'False'
[1.475s] Level 5:colcon.colcon_core.verb:set package 'autonomous_car_pkg' build argument 'cmake_clean_cache' from command line to 'False'
[1.475s] Level 5:colcon.colcon_core.verb:set package 'autonomous_car_pkg' build argument 'cmake_clean_first' from command line to 'False'
[1.475s] Level 5:colcon.colcon_core.verb:set package 'autonomous_car_pkg' build argument 'cmake_force_configure' from command line to 'False'
[1.475s] Level 5:colcon.colcon_core.verb:set package 'autonomous_car_pkg' build argument 'ament_cmake_args' from command line to 'None'
[1.475s] Level 5:colcon.colcon_core.verb:set package 'autonomous_car_pkg' build argument 'catkin_cmake_args' from command line to 'None'
[1.475s] Level 5:colcon.colcon_core.verb:set package 'autonomous_car_pkg' build argument 'catkin_skip_building_tests' from command line to 'False'
[1.475s] DEBUG:colcon.colcon_core.verb:Building package 'autonomous_car_pkg' with the following arguments: {'ament_cmake_args': None, 'build_base': '/home/shiva/Documents/autonomous_car_ws/build/autonomous_car_pkg', 'catkin_cmake_args': None, 'catkin_skip_building_tests': False, 'cmake_args': None, 'cmake_clean_cache': False, 'cmake_clean_first': False, 'cmake_force_configure': False, 'cmake_target': None, 'cmake_target_skip_unavailable': False, 'install_base': '/home/shiva/Documents/autonomous_car_ws/install/autonomous_car_pkg', 'merge_install': False, 'path': '/home/shiva/Documents/autonomous_car_ws/src/autonomous_car_pkg', 'symlink_install': False, 'test_result_base': None}
[1.476s] Level 5:colcon.colcon_core.verb:set package 'autonomous_car_pkg_models' build argument 'cmake_args' from command line to 'None'
[1.476s] Level 5:colcon.colcon_core.verb:set package 'autonomous_car_pkg_models' build argument 'cmake_target' from command line to 'None'
[1.476s] Level 5:colcon.colcon_core.verb:set package 'autonomous_car_pkg_models' build argument 'cmake_target_skip_unavailable' from command line to 'False'
[1.476s] Level 5:colcon.colcon_core.verb:set package 'autonomous_car_pkg_models' build argument 'cmake_clean_cache' from command line to 'False'
[1.476s] Level 5:colcon.colcon_core.verb:set package 'autonomous_car_pkg_models' build argument 'cmake_clean_first' from command line to 'False'
[1.476s] Level 5:colcon.colcon_core.verb:set package 'autonomous_car_pkg_models' build argument 'cmake_force_configure' from command line to 'False'
[1.476s] Level 5:colcon.colcon_core.verb:set package 'autonomous_car_pkg_models' build argument 'ament_cmake_args' from command line to 'None'
[1.476s] Level 5:colcon.colcon_core.verb:set package 'autonomous_car_pkg_models' build argument 'catkin_cmake_args' from command line to 'None'
[1.476s] Level 5:colcon.colcon_core.verb:set package 'autonomous_car_pkg_models' build argument 'catkin_skip_building_tests' from command line to 'False'
[1.476s] DEBUG:colcon.colcon_core.verb:Building package 'autonomous_car_pkg_models' with the following arguments: {'ament_cmake_args': None, 'build_base': '/home/shiva/Documents/autonomous_car_ws/build/autonomous_car_pkg_models', 'catkin_cmake_args': None, 'catkin_skip_building_tests': False, 'cmake_args': None, 'cmake_clean_cache': False, 'cmake_clean_first': False, 'cmake_force_configure': False, 'cmake_target': None, 'cmake_target_skip_unavailable': False, 'install_base': '/home/shiva/Documents/autonomous_car_ws/install/autonomous_car_pkg_models', 'merge_install': False, 'path': '/home/shiva/Documents/autonomous_car_ws/src/autonomous_car_pkg_models', 'symlink_install': False, 'test_result_base': None}
[1.476s] INFO:colcon.colcon_core.executor:Executing jobs using 'parallel' executor
[1.478s] DEBUG:colcon.colcon_parallel_executor.executor.parallel:run_until_complete
[1.478s] INFO:colcon.colcon_ros.task.ament_python.build:Building ROS package in '/home/shiva/Documents/autonomous_car_ws/src/autonomous_car_pkg' with build type 'ament_python'
[1.478s] Level 1:colcon.colcon_core.shell:create_environment_hook('autonomous_car_pkg', 'ament_prefix_path')
[1.490s] INFO:colcon.colcon_core.plugin_system:Skipping extension 'colcon_core.shell.bat': Not used on non-Windows systems
[1.491s] INFO:colcon.colcon_core.shell:Creating environment hook '/home/shiva/Documents/autonomous_car_ws/install/autonomous_car_pkg/share/autonomous_car_pkg/hook/ament_prefix_path.ps1'
[1.492s] INFO:colcon.colcon_core.shell:Creating environment descriptor '/home/shiva/Documents/autonomous_car_ws/install/autonomous_car_pkg/share/autonomous_car_pkg/hook/ament_prefix_path.dsv'
[1.493s] INFO:colcon.colcon_core.shell:Creating environment hook '/home/shiva/Documents/autonomous_car_ws/install/autonomous_car_pkg/share/autonomous_car_pkg/hook/ament_prefix_path.sh'
[1.495s] INFO:colcon.colcon_core.shell:Skip shell extension 'powershell' for command environment: Not usable outside of PowerShell
[1.495s] DEBUG:colcon.colcon_core.shell:Skip shell extension 'dsv' for command environment
[1.525s] INFO:colcon.colcon_ros.task.ament_cmake.build:Building ROS package in '/home/shiva/Documents/autonomous_car_ws/src/autonomous_car_pkg_models' with build type 'ament_cmake'
[1.526s] INFO:colcon.colcon_cmake.task.cmake.build:Building CMake package in '/home/shiva/Documents/autonomous_car_ws/src/autonomous_car_pkg_models'
[1.527s] INFO:colcon.colcon_core.shell:Skip shell extension 'powershell' for command environment: Not usable outside of PowerShell
[1.527s] DEBUG:colcon.colcon_core.shell:Skip shell extension 'dsv' for command environment
[2.873s] INFO:colcon.colcon_core.task.python.build:Building Python package in '/home/shiva/Documents/autonomous_car_ws/src/autonomous_car_pkg'
[2.874s] INFO:colcon.colcon_core.shell:Skip shell extension 'powershell' for command environment: Not usable outside of PowerShell
[2.874s] DEBUG:colcon.colcon_core.shell:Skip shell extension 'dsv' for command environment
[2.923s] DEBUG:colcon.colcon_core.event_handler.log_command:Invoking command in '/home/shiva/Documents/autonomous_car_ws/build/autonomous_car_pkg_models': CMAKE_PREFIX_PATH=${CMAKE_PREFIX_PATH}:/home/shiva/Documents/autonomous_car_ws/install/autonomous_car_pkg:/home/shiva/Documents/wrk_spc/install/my_pkg:/opt/ros/humble PS1=\[\e]0;\u@\h: \w\a\]${debian_chroot:+($debian_chroot)}\[\033[01;32m\]\u@\h\[\033[00m\]:\[\033[01;34m\]\w\[\033[00m\]\$ /usr/bin/cmake --build /home/shiva/Documents/autonomous_car_ws/build/autonomous_car_pkg_models -- -j8 -l8
[3.113s] DEBUG:colcon.colcon_core.event_handler.log_command:Invoked command in '/home/shiva/Documents/autonomous_car_ws/build/autonomous_car_pkg_models' returned '0': CMAKE_PREFIX_PATH=${CMAKE_PREFIX_PATH}:/home/shiva/Documents/autonomous_car_ws/install/autonomous_car_pkg:/home/shiva/Documents/wrk_spc/install/my_pkg:/opt/ros/humble PS1=\[\e]0;\u@\h: \w\a\]${debian_chroot:+($debian_chroot)}\[\033[01;32m\]\u@\h\[\033[00m\]:\[\033[01;34m\]\w\[\033[00m\]\$ /usr/bin/cmake --build /home/shiva/Documents/autonomous_car_ws/build/autonomous_car_pkg_models -- -j8 -l8
[3.159s] DEBUG:colcon.colcon_core.event_handler.log_command:Invoking command in '/home/shiva/Documents/autonomous_car_ws/build/autonomous_car_pkg_models': CMAKE_PREFIX_PATH=${CMAKE_PREFIX_PATH}:/home/shiva/Documents/autonomous_car_ws/install/autonomous_car_pkg:/home/shiva/Documents/wrk_spc/install/my_pkg:/opt/ros/humble PS1=\[\e]0;\u@\h: \w\a\]${debian_chroot:+($debian_chroot)}\[\033[01;32m\]\u@\h\[\033[00m\]:\[\033[01;34m\]\w\[\033[00m\]\$ /usr/bin/cmake --install /home/shiva/Documents/autonomous_car_ws/build/autonomous_car_pkg_models
[3.229s] Level 1:colcon.colcon_core.environment:create_environment_scripts_only(autonomous_car_pkg_models)
[3.264s] Level 1:colcon.colcon_core.environment:checking '/home/shiva/Documents/autonomous_car_ws/install/autonomous_car_pkg_models' for CMake module files
[3.277s] Level 1:colcon.colcon_core.environment:checking '/home/shiva/Documents/autonomous_car_ws/install/autonomous_car_pkg_models' for CMake config files
[3.279s] Level 1:colcon.colcon_core.shell:create_environment_hook('autonomous_car_pkg_models', 'cmake_prefix_path')
[3.280s] INFO:colcon.colcon_core.shell:Creating environment hook '/home/shiva/Documents/autonomous_car_ws/install/autonomous_car_pkg_models/share/autonomous_car_pkg_models/hook/cmake_prefix_path.ps1'
[3.285s] INFO:colcon.colcon_core.shell:Creating environment descriptor '/home/shiva/Documents/autonomous_car_ws/install/autonomous_car_pkg_models/share/autonomous_car_pkg_models/hook/cmake_prefix_path.dsv'
[3.292s] INFO:colcon.colcon_core.shell:Creating environment hook '/home/shiva/Documents/autonomous_car_ws/install/autonomous_car_pkg_models/share/autonomous_car_pkg_models/hook/cmake_prefix_path.sh'
[3.296s] Level 1:colcon.colcon_core.environment:checking '/home/shiva/Documents/autonomous_car_ws/install/autonomous_car_pkg_models/bin'
[3.297s] Level 1:colcon.colcon_core.environment:checking '/home/shiva/Documents/autonomous_car_ws/install/autonomous_car_pkg_models/lib/pkgconfig/autonomous_car_pkg_models.pc'
[3.300s] Level 1:colcon.colcon_core.environment:checking '/home/shiva/Documents/autonomous_car_ws/install/autonomous_car_pkg_models/lib/python3.10/site-packages'
[3.302s] Level 1:colcon.colcon_core.environment:checking '/home/shiva/Documents/autonomous_car_ws/install/autonomous_car_pkg_models/bin'
[3.306s] INFO:colcon.colcon_core.shell:Creating package script '/home/shiva/Documents/autonomous_car_ws/install/autonomous_car_pkg_models/share/autonomous_car_pkg_models/package.ps1'
[3.315s] INFO:colcon.colcon_core.shell:Creating package descriptor '/home/shiva/Documents/autonomous_car_ws/install/autonomous_car_pkg_models/share/autonomous_car_pkg_models/package.dsv'
[3.322s] INFO:colcon.colcon_core.shell:Creating package script '/home/shiva/Documents/autonomous_car_ws/install/autonomous_car_pkg_models/share/autonomous_car_pkg_models/package.sh'
[3.330s] INFO:colcon.colcon_core.shell:Creating package script '/home/shiva/Documents/autonomous_car_ws/install/autonomous_car_pkg_models/share/autonomous_car_pkg_models/package.bash'
[3.333s] INFO:colcon.colcon_core.shell:Creating package script '/home/shiva/Documents/autonomous_car_ws/install/autonomous_car_pkg_models/share/autonomous_car_pkg_models/package.zsh'
[3.338s] DEBUG:colcon.colcon_core.event_handler.log_command:Invoked command in '/home/shiva/Documents/autonomous_car_ws/build/autonomous_car_pkg_models' returned '0': CMAKE_PREFIX_PATH=${CMAKE_PREFIX_PATH}:/home/shiva/Documents/autonomous_car_ws/install/autonomous_car_pkg:/home/shiva/Documents/wrk_spc/install/my_pkg:/opt/ros/humble PS1=\[\e]0;\u@\h: \w\a\]${debian_chroot:+($debian_chroot)}\[\033[01;32m\]\u@\h\[\033[00m\]:\[\033[01;34m\]\w\[\033[00m\]\$ /usr/bin/cmake --install /home/shiva/Documents/autonomous_car_ws/build/autonomous_car_pkg_models
[3.339s] Level 1:colcon.colcon_core.environment:create_file_with_runtime_dependencies(/home/shiva/Documents/autonomous_car_ws/install/autonomous_car_pkg_models/share/colcon-core/packages/autonomous_car_pkg_models)
[3.345s] Level 1:colcon.colcon_core.environment:create_environment_scripts_only(autonomous_car_pkg_models)
[3.346s] Level 1:colcon.colcon_core.environment:checking '/home/shiva/Documents/autonomous_car_ws/install/autonomous_car_pkg_models' for CMake module files
[3.347s] Level 1:colcon.colcon_core.environment:checking '/home/shiva/Documents/autonomous_car_ws/install/autonomous_car_pkg_models' for CMake config files
[3.348s] Level 1:colcon.colcon_core.shell:create_environment_hook('autonomous_car_pkg_models', 'cmake_prefix_path')
[3.348s] INFO:colcon.colcon_core.shell:Creating environment hook '/home/shiva/Documents/autonomous_car_ws/install/autonomous_car_pkg_models/share/autonomous_car_pkg_models/hook/cmake_prefix_path.ps1'
[3.350s] INFO:colcon.colcon_core.shell:Creating environment descriptor '/home/shiva/Documents/autonomous_car_ws/install/autonomous_car_pkg_models/share/autonomous_car_pkg_models/hook/cmake_prefix_path.dsv'
[3.353s] INFO:colcon.colcon_core.shell:Creating environment hook '/home/shiva/Documents/autonomous_car_ws/install/autonomous_car_pkg_models/share/autonomous_car_pkg_models/hook/cmake_prefix_path.sh'
[3.359s] Level 1:colcon.colcon_core.environment:checking '/home/shiva/Documents/autonomous_car_ws/install/autonomous_car_pkg_models/bin'
[3.359s] Level 1:colcon.colcon_core.environment:checking '/home/shiva/Documents/autonomous_car_ws/install/autonomous_car_pkg_models/lib/pkgconfig/autonomous_car_pkg_models.pc'
[3.360s] Level 1:colcon.colcon_core.environment:checking '/home/shiva/Documents/autonomous_car_ws/install/autonomous_car_pkg_models/lib/python3.10/site-packages'
[3.361s] Level 1:colcon.colcon_core.environment:checking '/home/shiva/Documents/autonomous_car_ws/install/autonomous_car_pkg_models/bin'
[3.362s] INFO:colcon.colcon_core.shell:Creating package script '/home/shiva/Documents/autonomous_car_ws/install/autonomous_car_pkg_models/share/autonomous_car_pkg_models/package.ps1'
[3.367s] INFO:colcon.colcon_core.shell:Creating package descriptor '/home/shiva/Documents/autonomous_car_ws/install/autonomous_car_pkg_models/share/autonomous_car_pkg_models/package.dsv'
[3.370s] INFO:colcon.colcon_core.shell:Creating package script '/home/shiva/Documents/autonomous_car_ws/install/autonomous_car_pkg_models/share/autonomous_car_pkg_models/package.sh'
[3.373s] INFO:colcon.colcon_core.shell:Creating package script '/home/shiva/Documents/autonomous_car_ws/install/autonomous_car_pkg_models/share/autonomous_car_pkg_models/package.bash'
[3.377s] INFO:colcon.colcon_core.shell:Creating package script '/home/shiva/Documents/autonomous_car_ws/install/autonomous_car_pkg_models/share/autonomous_car_pkg_models/package.zsh'
[3.381s] Level 1:colcon.colcon_core.environment:create_file_with_runtime_dependencies(/home/shiva/Documents/autonomous_car_ws/install/autonomous_car_pkg_models/share/colcon-core/packages/autonomous_car_pkg_models)
[4.591s] DEBUG:colcon.colcon_core.event_handler.log_command:Invoking command in '/home/shiva/Documents/autonomous_car_ws/src/autonomous_car_pkg': PS1=\[\e]0;\u@\h: \w\a\]${debian_chroot:+($debian_chroot)}\[\033[01;32m\]\u@\h\[\033[00m\]:\[\033[01;34m\]\w\[\033[00m\]\$ PYTHONPATH=/home/shiva/Documents/autonomous_car_ws/build/autonomous_car_pkg/prefix_override:/usr/lib/python3/dist-packages/colcon_core/task/python/colcon_distutils_commands:/home/shiva/Documents/autonomous_car_ws/install/autonomous_car_pkg/lib/python3.10/site-packages:${PYTHONPATH} /usr/bin/python3 -W ignore:setup.py install is deprecated -W ignore:easy_install command is deprecated setup.py egg_info --egg-base ../../build/autonomous_car_pkg build --build-base /home/shiva/Documents/autonomous_car_ws/build/autonomous_car_pkg/build install --record /home/shiva/Documents/autonomous_car_ws/build/autonomous_car_pkg/install.log --single-version-externally-managed install_data
[5.760s] Level 1:colcon.colcon_core.environment:checking '/home/shiva/Documents/autonomous_car_ws/install/autonomous_car_pkg' for CMake module files
[5.762s] Level 1:colcon.colcon_core.environment:checking '/home/shiva/Documents/autonomous_car_ws/install/autonomous_car_pkg' for CMake config files
[5.763s] DEBUG:colcon.colcon_core.event_handler.log_command:Invoked command in '/home/shiva/Documents/autonomous_car_ws/src/autonomous_car_pkg' returned '0': PS1=\[\e]0;\u@\h: \w\a\]${debian_chroot:+($debian_chroot)}\[\033[01;32m\]\u@\h\[\033[00m\]:\[\033[01;34m\]\w\[\033[00m\]\$ PYTHONPATH=/home/shiva/Documents/autonomous_car_ws/build/autonomous_car_pkg/prefix_override:/usr/lib/python3/dist-packages/colcon_core/task/python/colcon_distutils_commands:/home/shiva/Documents/autonomous_car_ws/install/autonomous_car_pkg/lib/python3.10/site-packages:${PYTHONPATH} /usr/bin/python3 -W ignore:setup.py install is deprecated -W ignore:easy_install command is deprecated setup.py egg_info --egg-base ../../build/autonomous_car_pkg build --build-base /home/shiva/Documents/autonomous_car_ws/build/autonomous_car_pkg/build install --record /home/shiva/Documents/autonomous_car_ws/build/autonomous_car_pkg/install.log --single-version-externally-managed install_data
[5.768s] Level 1:colcon.colcon_core.environment:checking '/home/shiva/Documents/autonomous_car_ws/install/autonomous_car_pkg/lib'
[5.769s] Level 1:colcon.colcon_core.environment:checking '/home/shiva/Documents/autonomous_car_ws/install/autonomous_car_pkg/bin'
[5.769s] Level 1:colcon.colcon_core.environment:checking '/home/shiva/Documents/autonomous_car_ws/install/autonomous_car_pkg/lib/pkgconfig/autonomous_car_pkg.pc'
[5.770s] Level 1:colcon.colcon_core.environment:checking '/home/shiva/Documents/autonomous_car_ws/install/autonomous_car_pkg/lib/python3.10/site-packages'
[5.770s] Level 1:colcon.colcon_core.shell:create_environment_hook('autonomous_car_pkg', 'pythonpath')
[5.773s] INFO:colcon.colcon_core.shell:Creating environment hook '/home/shiva/Documents/autonomous_car_ws/install/autonomous_car_pkg/share/autonomous_car_pkg/hook/pythonpath.ps1'
[5.775s] INFO:colcon.colcon_core.shell:Creating environment descriptor '/home/shiva/Documents/autonomous_car_ws/install/autonomous_car_pkg/share/autonomous_car_pkg/hook/pythonpath.dsv'
[5.779s] INFO:colcon.colcon_core.shell:Creating environment hook '/home/shiva/Documents/autonomous_car_ws/install/autonomous_car_pkg/share/autonomous_car_pkg/hook/pythonpath.sh'
[5.781s] Level 1:colcon.colcon_core.environment:checking '/home/shiva/Documents/autonomous_car_ws/install/autonomous_car_pkg/bin'
[5.782s] Level 1:colcon.colcon_core.environment:create_environment_scripts_only(autonomous_car_pkg)
[5.783s] INFO:colcon.colcon_core.shell:Creating package script '/home/shiva/Documents/autonomous_car_ws/install/autonomous_car_pkg/share/autonomous_car_pkg/package.ps1'
[5.784s] INFO:colcon.colcon_core.shell:Creating package descriptor '/home/shiva/Documents/autonomous_car_ws/install/autonomous_car_pkg/share/autonomous_car_pkg/package.dsv'
[5.789s] INFO:colcon.colcon_core.shell:Creating package script '/home/shiva/Documents/autonomous_car_ws/install/autonomous_car_pkg/share/autonomous_car_pkg/package.sh'
[5.794s] INFO:colcon.colcon_core.shell:Creating package script '/home/shiva/Documents/autonomous_car_ws/install/autonomous_car_pkg/share/autonomous_car_pkg/package.bash'
[5.796s] INFO:colcon.colcon_core.shell:Creating package script '/home/shiva/Documents/autonomous_car_ws/install/autonomous_car_pkg/share/autonomous_car_pkg/package.zsh'
[5.797s] Level 1:colcon.colcon_core.environment:create_file_with_runtime_dependencies(/home/shiva/Documents/autonomous_car_ws/install/autonomous_car_pkg/share/colcon-core/packages/autonomous_car_pkg)
[5.797s] DEBUG:colcon.colcon_parallel_executor.executor.parallel:closing loop
[5.797s] DEBUG:colcon.colcon_parallel_executor.executor.parallel:loop closed
[5.798s] DEBUG:colcon.colcon_parallel_executor.executor.parallel:run_until_complete finished with '0'
[5.798s] DEBUG:colcon.colcon_core.event_reactor:joining thread
[5.834s] INFO:colcon.colcon_core.plugin_system:Skipping extension 'colcon_notification.desktop_notification.terminal_notifier': Not used on non-Darwin systems
[5.834s] INFO:colcon.colcon_core.plugin_system:Skipping extension 'colcon_notification.desktop_notification.win32': Not used on non-Windows systems
[5.834s] INFO:colcon.colcon_notification.desktop_notification:Sending desktop notification using 'notify2'
[5.890s] DEBUG:colcon.colcon_core.event_reactor:joined thread
[5.890s] INFO:colcon.colcon_core.shell:Creating prefix script '/home/shiva/Documents/autonomous_car_ws/install/local_setup.ps1'
[5.892s] INFO:colcon.colcon_core.shell:Creating prefix util module '/home/shiva/Documents/autonomous_car_ws/install/_local_setup_util_ps1.py'
[5.895s] INFO:colcon.colcon_core.shell:Creating prefix chain script '/home/shiva/Documents/autonomous_car_ws/install/setup.ps1'
[5.907s] INFO:colcon.colcon_core.shell:Creating prefix script '/home/shiva/Documents/autonomous_car_ws/install/local_setup.sh'
[5.910s] INFO:colcon.colcon_core.shell:Creating prefix util module '/home/shiva/Documents/autonomous_car_ws/install/_local_setup_util_sh.py'
[5.912s] INFO:colcon.colcon_core.shell:Creating prefix chain script '/home/shiva/Documents/autonomous_car_ws/install/setup.sh'
[5.926s] INFO:colcon.colcon_core.shell:Creating prefix script '/home/shiva/Documents/autonomous_car_ws/install/local_setup.bash'
[5.927s] INFO:colcon.colcon_core.shell:Creating prefix chain script '/home/shiva/Documents/autonomous_car_ws/install/setup.bash'
[5.941s] INFO:colcon.colcon_core.shell:Creating prefix script '/home/shiva/Documents/autonomous_car_ws/install/local_setup.zsh'
[5.943s] INFO:colcon.colcon_core.shell:Creating prefix chain script '/home/shiva/Documents/autonomous_car_ws/install/setup.zsh'
