[0.107s] DEBUG:colcon:Command line arguments: ['/usr/bin/colcon', 'build']
[0.107s] DEBUG:colcon:Parsed command line arguments: Namespace(log_base=None, log_level=None, verb_name='build', build_base='build', install_base='install', merge_install=False, symlink_install=False, test_result_base=None, continue_on_error=False, executor='parallel', parallel_workers=8, event_handlers=None, ignore_user_meta=False, metas=['./colcon.meta'], base_paths=['.'], packages_ignore=None, packages_ignore_regex=None, paths=None, packages_up_to=None, packages_up_to_regex=None, packages_above=None, packages_above_and_dependencies=None, packages_above_depth=None, packages_select_by_dep=None, packages_skip_by_dep=None, packages_skip_up_to=None, packages_select_build_failed=False, packages_skip_build_finished=False, packages_select_test_failures=False, packages_skip_test_passed=False, packages_select=None, packages_skip=None, packages_select_regex=None, packages_skip_regex=None, packages_start=None, packages_end=None, allow_overriding=[], cmake_args=None, cmake_target=None, cmake_target_skip_unavailable=False, cmake_clean_cache=False, cmake_clean_first=False, cmake_force_configure=False, ament_cmake_args=None, catkin_cmake_args=None, catkin_skip_building_tests=False, mixin_files=None, mixin=None, verb_parser=<colcon_mixin.mixin.mixin_argument.MixinArgumentDecorator object at 0x71592a84f3d0>, verb_extension=<colcon_core.verb.build.BuildVerb object at 0x71592a84ed40>, main=<bound method BuildVerb.main of <colcon_core.verb.build.BuildVerb object at 0x71592a84ed40>>, mixin_verb=('build',))
[0.326s] Level 1:colcon.colcon_core.package_discovery:discover_packages(colcon_meta) check parameters
[0.326s] Level 1:colcon.colcon_core.package_discovery:discover_packages(recursive) check parameters
[0.326s] Level 1:colcon.colcon_core.package_discovery:discover_packages(ignore) check parameters
[0.326s] Level 1:colcon.colcon_core.package_discovery:discover_packages(path) check parameters
[0.326s] Level 1:colcon.colcon_core.package_discovery:discover_packages(colcon_meta) discover
[0.326s] Level 1:colcon.colcon_core.package_discovery:discover_packages(recursive) discover
[0.326s] INFO:colcon.colcon_core.package_discovery:Crawling recursively for packages in '/home/shiva/Documents/autonomous_car_ws'
[0.326s] Level 1:colcon.colcon_core.package_identification:_identify(.) by extensions ['ignore', 'ignore_ament_install']
[0.326s] Level 1:colcon.colcon_core.package_identification:_identify(.) by extension 'ignore'
[0.326s] Level 1:colcon.colcon_core.package_identification:_identify(.) by extension 'ignore_ament_install'
[0.327s] Level 1:colcon.colcon_core.package_identification:_identify(.) by extensions ['colcon_pkg']
[0.327s] Level 1:colcon.colcon_core.package_identification:_identify(.) by extension 'colcon_pkg'
[0.327s] Level 1:colcon.colcon_core.package_identification:_identify(.) by extensions ['colcon_meta']
[0.327s] Level 1:colcon.colcon_core.package_identification:_identify(.) by extension 'colcon_meta'
[0.327s] Level 1:colcon.colcon_core.package_identification:_identify(.) by extensions ['ros']
[0.327s] Level 1:colcon.colcon_core.package_identification:_identify(.) by extension 'ros'
[0.340s] Level 1:colcon.colcon_core.package_identification:_identify(.) by extensions ['cmake', 'python']
[0.340s] Level 1:colcon.colcon_core.package_identification:_identify(.) by extension 'cmake'
[0.340s] Level 1:colcon.colcon_core.package_identification:_identify(.) by extension 'python'
[0.340s] Level 1:colcon.colcon_core.package_identification:_identify(.) by extensions ['python_setup_py']
[0.340s] Level 1:colcon.colcon_core.package_identification:_identify(.) by extension 'python_setup_py'
[0.340s] Level 1:colcon.colcon_core.package_identification:_identify(build) by extensions ['ignore', 'ignore_ament_install']
[0.340s] Level 1:colcon.colcon_core.package_identification:_identify(build) by extension 'ignore'
[0.340s] Level 1:colcon.colcon_core.package_identification:_identify(build) ignored
[0.340s] Level 1:colcon.colcon_core.package_identification:_identify(install) by extensions ['ignore', 'ignore_ament_install']
[0.340s] Level 1:colcon.colcon_core.package_identification:_identify(install) by extension 'ignore'
[0.340s] Level 1:colcon.colcon_core.package_identification:_identify(install) ignored
[0.341s] Level 1:colcon.colcon_core.package_identification:_identify(log) by extensions ['ignore', 'ignore_ament_install']
[0.341s] Level 1:colcon.colcon_core.package_identification:_identify(log) by extension 'ignore'
[0.341s] Level 1:colcon.colcon_core.package_identification:_identify(log) ignored
[0.341s] Level 1:colcon.colcon_core.package_identification:_identify(src) by extensions ['ignore', 'ignore_ament_install']
[0.341s] Level 1:colcon.colcon_core.package_identification:_identify(src) by extension 'ignore'
[0.341s] Level 1:colcon.colcon_core.package_identification:_identify(src) by extension 'ignore_ament_install'
[0.341s] Level 1:colcon.colcon_core.package_identification:_identify(src) by extensions ['colcon_pkg']
[0.341s] Level 1:colcon.colcon_core.package_identification:_identify(src) by extension 'colcon_pkg'
[0.341s] Level 1:colcon.colcon_core.package_identification:_identify(src) by extensions ['colcon_meta']
[0.341s] Level 1:colcon.colcon_core.package_identification:_identify(src) by extension 'colcon_meta'
[0.341s] Level 1:colcon.colcon_core.package_identification:_identify(src) by extensions ['ros']
[0.341s] Level 1:colcon.colcon_core.package_identification:_identify(src) by extension 'ros'
[0.341s] Level 1:colcon.colcon_core.package_identification:_identify(src) by extensions ['cmake', 'python']
[0.341s] Level 1:colcon.colcon_core.package_identification:_identify(src) by extension 'cmake'
[0.341s] Level 1:colcon.colcon_core.package_identification:_identify(src) by extension 'python'
[0.341s] Level 1:colcon.colcon_core.package_identification:_identify(src) by extensions ['python_setup_py']
[0.342s] Level 1:colcon.colcon_core.package_identification:_identify(src) by extension 'python_setup_py'
[0.342s] Level 1:colcon.colcon_core.package_identification:_identify(src/autonomous_car_pkg) by extensions ['ignore', 'ignore_ament_install']
[0.342s] Level 1:colcon.colcon_core.package_identification:_identify(src/autonomous_car_pkg) by extension 'ignore'
[0.342s] Level 1:colcon.colcon_core.package_identification:_identify(src/autonomous_car_pkg) by extension 'ignore_ament_install'
[0.342s] Level 1:colcon.colcon_core.package_identification:_identify(src/autonomous_car_pkg) by extensions ['colcon_pkg']
[0.342s] Level 1:colcon.colcon_core.package_identification:_identify(src/autonomous_car_pkg) by extension 'colcon_pkg'
[0.342s] Level 1:colcon.colcon_core.package_identification:_identify(src/autonomous_car_pkg) by extensions ['colcon_meta']
[0.342s] Level 1:colcon.colcon_core.package_identification:_identify(src/autonomous_car_pkg) by extension 'colcon_meta'
[0.342s] Level 1:colcon.colcon_core.package_identification:_identify(src/autonomous_car_pkg) by extensions ['ros']
[0.342s] Level 1:colcon.colcon_core.package_identification:_identify(src/autonomous_car_pkg) by extension 'ros'
[0.345s] DEBUG:colcon.colcon_core.package_identification:Package 'src/autonomous_car_pkg' with type 'ros.ament_python' and name 'autonomous_car_pkg'
[0.345s] Level 1:colcon.colcon_core.package_identification:_identify(src/autonomous_car_pkg_models) by extensions ['ignore', 'ignore_ament_install']
[0.346s] Level 1:colcon.colcon_core.package_identification:_identify(src/autonomous_car_pkg_models) by extension 'ignore'
[0.346s] Level 1:colcon.colcon_core.package_identification:_identify(src/autonomous_car_pkg_models) by extension 'ignore_ament_install'
[0.346s] Level 1:colcon.colcon_core.package_identification:_identify(src/autonomous_car_pkg_models) by extensions ['colcon_pkg']
[0.346s] Level 1:colcon.colcon_core.package_identification:_identify(src/autonomous_car_pkg_models) by extension 'colcon_pkg'
[0.346s] Level 1:colcon.colcon_core.package_identification:_identify(src/autonomous_car_pkg_models) by extensions ['colcon_meta']
[0.346s] Level 1:colcon.colcon_core.package_identification:_identify(src/autonomous_car_pkg_models) by extension 'colcon_meta'
[0.346s] Level 1:colcon.colcon_core.package_identification:_identify(src/autonomous_car_pkg_models) by extensions ['ros']
[0.346s] Level 1:colcon.colcon_core.package_identification:_identify(src/autonomous_car_pkg_models) by extension 'ros'
[0.347s] DEBUG:colcon.colcon_core.package_identification:Package 'src/autonomous_car_pkg_models' with type 'ros.ament_cmake' and name 'autonomous_car_pkg_models'
[0.347s] Level 1:colcon.colcon_core.package_discovery:discover_packages(recursive) using defaults
[0.347s] Level 1:colcon.colcon_core.package_discovery:discover_packages(ignore) discover
[0.347s] Level 1:colcon.colcon_core.package_discovery:discover_packages(ignore) using defaults
[0.347s] Level 1:colcon.colcon_core.package_discovery:discover_packages(path) discover
[0.347s] Level 1:colcon.colcon_core.package_discovery:discover_packages(path) using defaults
[0.378s] Level 1:colcon.colcon_core.package_discovery:discover_packages(prefix_path) check parameters
[0.378s] Level 1:colcon.colcon_core.package_discovery:discover_packages(prefix_path) discover
[0.382s] DEBUG:colcon.colcon_installed_package_information.package_discovery:Found 2 installed packages in /home/shiva/Documents/autonomous_car_ws/install
[0.382s] DEBUG:colcon.colcon_installed_package_information.package_discovery:Found 6 installed packages in /home/shiva/Documents/mohan_turtlrbot/install
[0.383s] DEBUG:colcon.colcon_installed_package_information.package_discovery:Found 6 installed packages in /home/shiva/Documents/robot_vehicle/install
[0.384s] DEBUG:colcon.colcon_installed_package_information.package_discovery:Found 2 installed packages in /home/shiva/Documents/bumperbot_wrkspc/install
[0.384s] DEBUG:colcon.colcon_installed_package_information.package_discovery:Found 7 installed packages in /home/shiva/Documents/robot_arm/install
[0.385s] DEBUG:colcon.colcon_installed_package_information.package_discovery:Found 3 installed packages in /home/shiva/Documents/wrk_spc/install
[0.385s] DEBUG:colcon.colcon_installed_package_information.package_discovery:Found 6 installed packages in /home/shiva/Documents/ros2_projects/robot_car_V2/install
[0.386s] DEBUG:colcon.colcon_installed_package_information.package_discovery:Found 4 installed packages in /home/shiva/Documents/AGV_Kalman_Filter_Robot/robo_car/install
[0.388s] DEBUG:colcon.colcon_installed_package_information.package_discovery:Found 407 installed packages in /opt/ros/humble
[0.390s] Level 1:colcon.colcon_core.package_discovery:discover_packages(prefix_path) using defaults
[0.448s] Level 5:colcon.colcon_core.verb:set package 'autonomous_car_pkg' build argument 'cmake_args' from command line to 'None'
[0.448s] Level 5:colcon.colcon_core.verb:set package 'autonomous_car_pkg' build argument 'cmake_target' from command line to 'None'
[0.448s] Level 5:colcon.colcon_core.verb:set package 'autonomous_car_pkg' build argument 'cmake_target_skip_unavailable' from command line to 'False'
[0.448s] Level 5:colcon.colcon_core.verb:set package 'autonomous_car_pkg' build argument 'cmake_clean_cache' from command line to 'False'
[0.448s] Level 5:colcon.colcon_core.verb:set package 'autonomous_car_pkg' build argument 'cmake_clean_first' from command line to 'False'
[0.449s] Level 5:colcon.colcon_core.verb:set package 'autonomous_car_pkg' build argument 'cmake_force_configure' from command line to 'False'
[0.449s] Level 5:colcon.colcon_core.verb:set package 'autonomous_car_pkg' build argument 'ament_cmake_args' from command line to 'None'
[0.449s] Level 5:colcon.colcon_core.verb:set package 'autonomous_car_pkg' build argument 'catkin_cmake_args' from command line to 'None'
[0.449s] Level 5:colcon.colcon_core.verb:set package 'autonomous_car_pkg' build argument 'catkin_skip_building_tests' from command line to 'False'
[0.449s] DEBUG:colcon.colcon_core.verb:Building package 'autonomous_car_pkg' with the following arguments: {'ament_cmake_args': None, 'build_base': '/home/shiva/Documents/autonomous_car_ws/build/autonomous_car_pkg', 'catkin_cmake_args': None, 'catkin_skip_building_tests': False, 'cmake_args': None, 'cmake_clean_cache': False, 'cmake_clean_first': False, 'cmake_force_configure': False, 'cmake_target': None, 'cmake_target_skip_unavailable': False, 'install_base': '/home/shiva/Documents/autonomous_car_ws/install/autonomous_car_pkg', 'merge_install': False, 'path': '/home/shiva/Documents/autonomous_car_ws/src/autonomous_car_pkg', 'symlink_install': False, 'test_result_base': None}
[0.449s] Level 5:colcon.colcon_core.verb:set package 'autonomous_car_pkg_models' build argument 'cmake_args' from command line to 'None'
[0.449s] Level 5:colcon.colcon_core.verb:set package 'autonomous_car_pkg_models' build argument 'cmake_target' from command line to 'None'
[0.449s] Level 5:colcon.colcon_core.verb:set package 'autonomous_car_pkg_models' build argument 'cmake_target_skip_unavailable' from command line to 'False'
[0.449s] Level 5:colcon.colcon_core.verb:set package 'autonomous_car_pkg_models' build argument 'cmake_clean_cache' from command line to 'False'
[0.449s] Level 5:colcon.colcon_core.verb:set package 'autonomous_car_pkg_models' build argument 'cmake_clean_first' from command line to 'False'
[0.449s] Level 5:colcon.colcon_core.verb:set package 'autonomous_car_pkg_models' build argument 'cmake_force_configure' from command line to 'False'
[0.449s] Level 5:colcon.colcon_core.verb:set package 'autonomous_car_pkg_models' build argument 'ament_cmake_args' from command line to 'None'
[0.449s] Level 5:colcon.colcon_core.verb:set package 'autonomous_car_pkg_models' build argument 'catkin_cmake_args' from command line to 'None'
[0.450s] Level 5:colcon.colcon_core.verb:set package 'autonomous_car_pkg_models' build argument 'catkin_skip_building_tests' from command line to 'False'
[0.450s] DEBUG:colcon.colcon_core.verb:Building package 'autonomous_car_pkg_models' with the following arguments: {'ament_cmake_args': None, 'build_base': '/home/shiva/Documents/autonomous_car_ws/build/autonomous_car_pkg_models', 'catkin_cmake_args': None, 'catkin_skip_building_tests': False, 'cmake_args': None, 'cmake_clean_cache': False, 'cmake_clean_first': False, 'cmake_force_configure': False, 'cmake_target': None, 'cmake_target_skip_unavailable': False, 'install_base': '/home/shiva/Documents/autonomous_car_ws/install/autonomous_car_pkg_models', 'merge_install': False, 'path': '/home/shiva/Documents/autonomous_car_ws/src/autonomous_car_pkg_models', 'symlink_install': False, 'test_result_base': None}
[0.450s] INFO:colcon.colcon_core.executor:Executing jobs using 'parallel' executor
[0.451s] DEBUG:colcon.colcon_parallel_executor.executor.parallel:run_until_complete
[0.451s] INFO:colcon.colcon_ros.task.ament_python.build:Building ROS package in '/home/shiva/Documents/autonomous_car_ws/src/autonomous_car_pkg' with build type 'ament_python'
[0.452s] Level 1:colcon.colcon_core.shell:create_environment_hook('autonomous_car_pkg', 'ament_prefix_path')
[0.455s] INFO:colcon.colcon_core.plugin_system:Skipping extension 'colcon_core.shell.bat': Not used on non-Windows systems
[0.455s] INFO:colcon.colcon_core.shell:Creating environment hook '/home/shiva/Documents/autonomous_car_ws/install/autonomous_car_pkg/share/autonomous_car_pkg/hook/ament_prefix_path.ps1'
[0.456s] INFO:colcon.colcon_core.shell:Creating environment descriptor '/home/shiva/Documents/autonomous_car_ws/install/autonomous_car_pkg/share/autonomous_car_pkg/hook/ament_prefix_path.dsv'
[0.457s] INFO:colcon.colcon_core.shell:Creating environment hook '/home/shiva/Documents/autonomous_car_ws/install/autonomous_car_pkg/share/autonomous_car_pkg/hook/ament_prefix_path.sh'
[0.458s] INFO:colcon.colcon_core.shell:Skip shell extension 'powershell' for command environment: Not usable outside of PowerShell
[0.458s] DEBUG:colcon.colcon_core.shell:Skip shell extension 'dsv' for command environment
[0.469s] INFO:colcon.colcon_ros.task.ament_cmake.build:Building ROS package in '/home/shiva/Documents/autonomous_car_ws/src/autonomous_car_pkg_models' with build type 'ament_cmake'
[0.469s] INFO:colcon.colcon_cmake.task.cmake.build:Building CMake package in '/home/shiva/Documents/autonomous_car_ws/src/autonomous_car_pkg_models'
[0.469s] INFO:colcon.colcon_core.shell:Skip shell extension 'powershell' for command environment: Not usable outside of PowerShell
[0.469s] DEBUG:colcon.colcon_core.shell:Skip shell extension 'dsv' for command environment
[0.808s] INFO:colcon.colcon_core.task.python.build:Building Python package in '/home/shiva/Documents/autonomous_car_ws/src/autonomous_car_pkg'
[0.808s] INFO:colcon.colcon_core.shell:Skip shell extension 'powershell' for command environment: Not usable outside of PowerShell
[0.808s] DEBUG:colcon.colcon_core.shell:Skip shell extension 'dsv' for command environment
[0.820s] DEBUG:colcon.colcon_core.event_handler.log_command:Invoking command in '/home/shiva/Documents/autonomous_car_ws/build/autonomous_car_pkg_models': CMAKE_PREFIX_PATH=${CMAKE_PREFIX_PATH}:/home/shiva/Documents/autonomous_car_ws/install/autonomous_car_pkg:/home/shiva/Documents/wrk_spc/install/my_pkg:/opt/ros/humble /usr/bin/cmake --build /home/shiva/Documents/autonomous_car_ws/build/autonomous_car_pkg_models -- -j8 -l8
[0.857s] DEBUG:colcon.colcon_core.event_handler.log_command:Invoked command in '/home/shiva/Documents/autonomous_car_ws/build/autonomous_car_pkg_models' returned '0': CMAKE_PREFIX_PATH=${CMAKE_PREFIX_PATH}:/home/shiva/Documents/autonomous_car_ws/install/autonomous_car_pkg:/home/shiva/Documents/wrk_spc/install/my_pkg:/opt/ros/humble /usr/bin/cmake --build /home/shiva/Documents/autonomous_car_ws/build/autonomous_car_pkg_models -- -j8 -l8
[0.868s] DEBUG:colcon.colcon_core.event_handler.log_command:Invoking command in '/home/shiva/Documents/autonomous_car_ws/build/autonomous_car_pkg_models': CMAKE_PREFIX_PATH=${CMAKE_PREFIX_PATH}:/home/shiva/Documents/autonomous_car_ws/install/autonomous_car_pkg:/home/shiva/Documents/wrk_spc/install/my_pkg:/opt/ros/humble /usr/bin/cmake --install /home/shiva/Documents/autonomous_car_ws/build/autonomous_car_pkg_models
[0.881s] Level 1:colcon.colcon_core.environment:create_environment_scripts_only(autonomous_car_pkg_models)
[0.889s] Level 1:colcon.colcon_core.environment:checking '/home/shiva/Documents/autonomous_car_ws/install/autonomous_car_pkg_models' for CMake module files
[0.891s] Level 1:colcon.colcon_core.environment:checking '/home/shiva/Documents/autonomous_car_ws/install/autonomous_car_pkg_models' for CMake config files
[0.892s] Level 1:colcon.colcon_core.shell:create_environment_hook('autonomous_car_pkg_models', 'cmake_prefix_path')
[0.892s] INFO:colcon.colcon_core.shell:Creating environment hook '/home/shiva/Documents/autonomous_car_ws/install/autonomous_car_pkg_models/share/autonomous_car_pkg_models/hook/cmake_prefix_path.ps1'
[0.893s] INFO:colcon.colcon_core.shell:Creating environment descriptor '/home/shiva/Documents/autonomous_car_ws/install/autonomous_car_pkg_models/share/autonomous_car_pkg_models/hook/cmake_prefix_path.dsv'
[0.894s] INFO:colcon.colcon_core.shell:Creating environment hook '/home/shiva/Documents/autonomous_car_ws/install/autonomous_car_pkg_models/share/autonomous_car_pkg_models/hook/cmake_prefix_path.sh'
[0.895s] Level 1:colcon.colcon_core.environment:checking '/home/shiva/Documents/autonomous_car_ws/install/autonomous_car_pkg_models/bin'
[0.896s] Level 1:colcon.colcon_core.environment:checking '/home/shiva/Documents/autonomous_car_ws/install/autonomous_car_pkg_models/lib/pkgconfig/autonomous_car_pkg_models.pc'
[0.896s] Level 1:colcon.colcon_core.environment:checking '/home/shiva/Documents/autonomous_car_ws/install/autonomous_car_pkg_models/lib/python3.10/site-packages'
[0.896s] Level 1:colcon.colcon_core.environment:checking '/home/shiva/Documents/autonomous_car_ws/install/autonomous_car_pkg_models/bin'
[0.897s] INFO:colcon.colcon_core.shell:Creating package script '/home/shiva/Documents/autonomous_car_ws/install/autonomous_car_pkg_models/share/autonomous_car_pkg_models/package.ps1'
[0.899s] INFO:colcon.colcon_core.shell:Creating package descriptor '/home/shiva/Documents/autonomous_car_ws/install/autonomous_car_pkg_models/share/autonomous_car_pkg_models/package.dsv'
[0.901s] INFO:colcon.colcon_core.shell:Creating package script '/home/shiva/Documents/autonomous_car_ws/install/autonomous_car_pkg_models/share/autonomous_car_pkg_models/package.sh'
[0.903s] INFO:colcon.colcon_core.shell:Creating package script '/home/shiva/Documents/autonomous_car_ws/install/autonomous_car_pkg_models/share/autonomous_car_pkg_models/package.bash'
[0.904s] INFO:colcon.colcon_core.shell:Creating package script '/home/shiva/Documents/autonomous_car_ws/install/autonomous_car_pkg_models/share/autonomous_car_pkg_models/package.zsh'
[0.906s] DEBUG:colcon.colcon_core.event_handler.log_command:Invoked command in '/home/shiva/Documents/autonomous_car_ws/build/autonomous_car_pkg_models' returned '0': CMAKE_PREFIX_PATH=${CMAKE_PREFIX_PATH}:/home/shiva/Documents/autonomous_car_ws/install/autonomous_car_pkg:/home/shiva/Documents/wrk_spc/install/my_pkg:/opt/ros/humble /usr/bin/cmake --install /home/shiva/Documents/autonomous_car_ws/build/autonomous_car_pkg_models
[0.906s] Level 1:colcon.colcon_core.environment:create_file_with_runtime_dependencies(/home/shiva/Documents/autonomous_car_ws/install/autonomous_car_pkg_models/share/colcon-core/packages/autonomous_car_pkg_models)
[0.907s] Level 1:colcon.colcon_core.environment:create_environment_scripts_only(autonomous_car_pkg_models)
[0.907s] Level 1:colcon.colcon_core.environment:checking '/home/shiva/Documents/autonomous_car_ws/install/autonomous_car_pkg_models' for CMake module files
[0.908s] Level 1:colcon.colcon_core.environment:checking '/home/shiva/Documents/autonomous_car_ws/install/autonomous_car_pkg_models' for CMake config files
[0.908s] Level 1:colcon.colcon_core.shell:create_environment_hook('autonomous_car_pkg_models', 'cmake_prefix_path')
[0.908s] INFO:colcon.colcon_core.shell:Creating environment hook '/home/shiva/Documents/autonomous_car_ws/install/autonomous_car_pkg_models/share/autonomous_car_pkg_models/hook/cmake_prefix_path.ps1'
[0.909s] INFO:colcon.colcon_core.shell:Creating environment descriptor '/home/shiva/Documents/autonomous_car_ws/install/autonomous_car_pkg_models/share/autonomous_car_pkg_models/hook/cmake_prefix_path.dsv'
[0.909s] INFO:colcon.colcon_core.shell:Creating environment hook '/home/shiva/Documents/autonomous_car_ws/install/autonomous_car_pkg_models/share/autonomous_car_pkg_models/hook/cmake_prefix_path.sh'
[0.910s] Level 1:colcon.colcon_core.environment:checking '/home/shiva/Documents/autonomous_car_ws/install/autonomous_car_pkg_models/bin'
[0.910s] Level 1:colcon.colcon_core.environment:checking '/home/shiva/Documents/autonomous_car_ws/install/autonomous_car_pkg_models/lib/pkgconfig/autonomous_car_pkg_models.pc'
[0.910s] Level 1:colcon.colcon_core.environment:checking '/home/shiva/Documents/autonomous_car_ws/install/autonomous_car_pkg_models/lib/python3.10/site-packages'
[0.910s] Level 1:colcon.colcon_core.environment:checking '/home/shiva/Documents/autonomous_car_ws/install/autonomous_car_pkg_models/bin'
[0.911s] INFO:colcon.colcon_core.shell:Creating package script '/home/shiva/Documents/autonomous_car_ws/install/autonomous_car_pkg_models/share/autonomous_car_pkg_models/package.ps1'
[0.911s] INFO:colcon.colcon_core.shell:Creating package descriptor '/home/shiva/Documents/autonomous_car_ws/install/autonomous_car_pkg_models/share/autonomous_car_pkg_models/package.dsv'
[0.912s] INFO:colcon.colcon_core.shell:Creating package script '/home/shiva/Documents/autonomous_car_ws/install/autonomous_car_pkg_models/share/autonomous_car_pkg_models/package.sh'
[0.913s] INFO:colcon.colcon_core.shell:Creating package script '/home/shiva/Documents/autonomous_car_ws/install/autonomous_car_pkg_models/share/autonomous_car_pkg_models/package.bash'
[0.913s] INFO:colcon.colcon_core.shell:Creating package script '/home/shiva/Documents/autonomous_car_ws/install/autonomous_car_pkg_models/share/autonomous_car_pkg_models/package.zsh'
[0.914s] Level 1:colcon.colcon_core.environment:create_file_with_runtime_dependencies(/home/shiva/Documents/autonomous_car_ws/install/autonomous_car_pkg_models/share/colcon-core/packages/autonomous_car_pkg_models)
[1.322s] DEBUG:colcon.colcon_core.event_handler.log_command:Invoking command in '/home/shiva/Documents/autonomous_car_ws/src/autonomous_car_pkg': PYTHONPATH=/home/shiva/Documents/autonomous_car_ws/build/autonomous_car_pkg/prefix_override:/usr/lib/python3/dist-packages/colcon_core/task/python/colcon_distutils_commands:/home/shiva/Documents/autonomous_car_ws/install/autonomous_car_pkg/lib/python3.10/site-packages:${PYTHONPATH} /usr/bin/python3 -W ignore:setup.py install is deprecated -W ignore:easy_install command is deprecated setup.py egg_info --egg-base ../../build/autonomous_car_pkg build --build-base /home/shiva/Documents/autonomous_car_ws/build/autonomous_car_pkg/build install --record /home/shiva/Documents/autonomous_car_ws/build/autonomous_car_pkg/install.log --single-version-externally-managed install_data
[1.714s] Level 1:colcon.colcon_core.environment:checking '/home/shiva/Documents/autonomous_car_ws/install/autonomous_car_pkg' for CMake module files
[1.714s] DEBUG:colcon.colcon_core.event_handler.log_command:Invoked command in '/home/shiva/Documents/autonomous_car_ws/src/autonomous_car_pkg' returned '0': PYTHONPATH=/home/shiva/Documents/autonomous_car_ws/build/autonomous_car_pkg/prefix_override:/usr/lib/python3/dist-packages/colcon_core/task/python/colcon_distutils_commands:/home/shiva/Documents/autonomous_car_ws/install/autonomous_car_pkg/lib/python3.10/site-packages:${PYTHONPATH} /usr/bin/python3 -W ignore:setup.py install is deprecated -W ignore:easy_install command is deprecated setup.py egg_info --egg-base ../../build/autonomous_car_pkg build --build-base /home/shiva/Documents/autonomous_car_ws/build/autonomous_car_pkg/build install --record /home/shiva/Documents/autonomous_car_ws/build/autonomous_car_pkg/install.log --single-version-externally-managed install_data
[1.715s] Level 1:colcon.colcon_core.environment:checking '/home/shiva/Documents/autonomous_car_ws/install/autonomous_car_pkg' for CMake config files
[1.716s] Level 1:colcon.colcon_core.environment:checking '/home/shiva/Documents/autonomous_car_ws/install/autonomous_car_pkg/lib'
[1.716s] Level 1:colcon.colcon_core.environment:checking '/home/shiva/Documents/autonomous_car_ws/install/autonomous_car_pkg/bin'
[1.716s] Level 1:colcon.colcon_core.environment:checking '/home/shiva/Documents/autonomous_car_ws/install/autonomous_car_pkg/lib/pkgconfig/autonomous_car_pkg.pc'
[1.717s] Level 1:colcon.colcon_core.environment:checking '/home/shiva/Documents/autonomous_car_ws/install/autonomous_car_pkg/lib/python3.10/site-packages'
[1.717s] Level 1:colcon.colcon_core.shell:create_environment_hook('autonomous_car_pkg', 'pythonpath')
[1.717s] INFO:colcon.colcon_core.shell:Creating environment hook '/home/shiva/Documents/autonomous_car_ws/install/autonomous_car_pkg/share/autonomous_car_pkg/hook/pythonpath.ps1'
[1.717s] INFO:colcon.colcon_core.shell:Creating environment descriptor '/home/shiva/Documents/autonomous_car_ws/install/autonomous_car_pkg/share/autonomous_car_pkg/hook/pythonpath.dsv'
[1.718s] INFO:colcon.colcon_core.shell:Creating environment hook '/home/shiva/Documents/autonomous_car_ws/install/autonomous_car_pkg/share/autonomous_car_pkg/hook/pythonpath.sh'
[1.718s] Level 1:colcon.colcon_core.environment:checking '/home/shiva/Documents/autonomous_car_ws/install/autonomous_car_pkg/bin'
[1.718s] Level 1:colcon.colcon_core.environment:create_environment_scripts_only(autonomous_car_pkg)
[1.719s] INFO:colcon.colcon_core.shell:Creating package script '/home/shiva/Documents/autonomous_car_ws/install/autonomous_car_pkg/share/autonomous_car_pkg/package.ps1'
[1.719s] INFO:colcon.colcon_core.shell:Creating package descriptor '/home/shiva/Documents/autonomous_car_ws/install/autonomous_car_pkg/share/autonomous_car_pkg/package.dsv'
[1.719s] INFO:colcon.colcon_core.shell:Creating package script '/home/shiva/Documents/autonomous_car_ws/install/autonomous_car_pkg/share/autonomous_car_pkg/package.sh'
[1.720s] INFO:colcon.colcon_core.shell:Creating package script '/home/shiva/Documents/autonomous_car_ws/install/autonomous_car_pkg/share/autonomous_car_pkg/package.bash'
[1.720s] INFO:colcon.colcon_core.shell:Creating package script '/home/shiva/Documents/autonomous_car_ws/install/autonomous_car_pkg/share/autonomous_car_pkg/package.zsh'
[1.721s] Level 1:colcon.colcon_core.environment:create_file_with_runtime_dependencies(/home/shiva/Documents/autonomous_car_ws/install/autonomous_car_pkg/share/colcon-core/packages/autonomous_car_pkg)
[1.721s] DEBUG:colcon.colcon_parallel_executor.executor.parallel:closing loop
[1.721s] DEBUG:colcon.colcon_parallel_executor.executor.parallel:loop closed
[1.721s] DEBUG:colcon.colcon_parallel_executor.executor.parallel:run_until_complete finished with '0'
[1.722s] DEBUG:colcon.colcon_core.event_reactor:joining thread
[1.727s] INFO:colcon.colcon_core.plugin_system:Skipping extension 'colcon_notification.desktop_notification.terminal_notifier': Not used on non-Darwin systems
[1.727s] INFO:colcon.colcon_core.plugin_system:Skipping extension 'colcon_notification.desktop_notification.win32': Not used on non-Windows systems
[1.727s] INFO:colcon.colcon_notification.desktop_notification:Sending desktop notification using 'notify2'
[1.738s] DEBUG:colcon.colcon_core.event_reactor:joined thread
[1.738s] INFO:colcon.colcon_core.shell:Creating prefix script '/home/shiva/Documents/autonomous_car_ws/install/local_setup.ps1'
[1.739s] INFO:colcon.colcon_core.shell:Creating prefix util module '/home/shiva/Documents/autonomous_car_ws/install/_local_setup_util_ps1.py'
[1.741s] INFO:colcon.colcon_core.shell:Creating prefix chain script '/home/shiva/Documents/autonomous_car_ws/install/setup.ps1'
[1.744s] INFO:colcon.colcon_core.shell:Creating prefix script '/home/shiva/Documents/autonomous_car_ws/install/local_setup.sh'
[1.745s] INFO:colcon.colcon_core.shell:Creating prefix util module '/home/shiva/Documents/autonomous_car_ws/install/_local_setup_util_sh.py'
[1.746s] INFO:colcon.colcon_core.shell:Creating prefix chain script '/home/shiva/Documents/autonomous_car_ws/install/setup.sh'
[1.748s] INFO:colcon.colcon_core.shell:Creating prefix script '/home/shiva/Documents/autonomous_car_ws/install/local_setup.bash'
[1.749s] INFO:colcon.colcon_core.shell:Creating prefix chain script '/home/shiva/Documents/autonomous_car_ws/install/setup.bash'
[1.751s] INFO:colcon.colcon_core.shell:Creating prefix script '/home/shiva/Documents/autonomous_car_ws/install/local_setup.zsh'
[1.752s] INFO:colcon.colcon_core.shell:Creating prefix chain script '/home/shiva/Documents/autonomous_car_ws/install/setup.zsh'
