[0.721s] Invoking command in '/home/shiva/Documents/autonomous_car_ws/src/autonomous_car_pkg': PYTHONPATH=/home/shiva/Documents/autonomous_car_ws/build/autonomous_car_pkg/prefix_override:/usr/lib/python3/dist-packages/colcon_core/task/python/colcon_distutils_commands:/home/shiva/Documents/autonomous_car_ws/install/autonomous_car_pkg/lib/python3.10/site-packages:${PYTHONPATH} /usr/bin/python3 -W ignore:setup.py install is deprecated -W ignore:easy_install command is deprecated setup.py egg_info --egg-base ../../build/autonomous_car_pkg build --build-base /home/shiva/Documents/autonomous_car_ws/build/autonomous_car_pkg/build install --record /home/shiva/Documents/autonomous_car_ws/build/autonomous_car_pkg/install.log --single-version-externally-managed install_data
[0.990s] running egg_info
[0.991s] writing ../../build/autonomous_car_pkg/autonomous_car_pkg.egg-info/PKG-INFO
[0.991s] writing dependency_links to ../../build/autonomous_car_pkg/autonomous_car_pkg.egg-info/dependency_links.txt
[0.991s] writing entry points to ../../build/autonomous_car_pkg/autonomous_car_pkg.egg-info/entry_points.txt
[0.991s] writing requirements to ../../build/autonomous_car_pkg/autonomous_car_pkg.egg-info/requires.txt
[0.991s] writing top-level names to ../../build/autonomous_car_pkg/autonomous_car_pkg.egg-info/top_level.txt
[0.993s] reading manifest file '../../build/autonomous_car_pkg/autonomous_car_pkg.egg-info/SOURCES.txt'
[0.995s] writing manifest file '../../build/autonomous_car_pkg/autonomous_car_pkg.egg-info/SOURCES.txt'
[0.995s] running build
[0.995s] running build_py
[0.995s] copying autonomous_car_pkg/upper_camera_video.py -> /home/shiva/Documents/autonomous_car_ws/build/autonomous_car_pkg/build/lib/autonomous_car_pkg
[0.995s] copying autonomous_car_pkg/Drive_Bot.py -> /home/shiva/Documents/autonomous_car_ws/build/autonomous_car_pkg/build/lib/autonomous_car_pkg
[0.995s] copying autonomous_car_pkg/sdc_V2.py -> /home/shiva/Documents/autonomous_car_ws/build/autonomous_car_pkg/build/lib/autonomous_car_pkg
[0.995s] creating /home/shiva/Documents/autonomous_car_ws/build/autonomous_car_pkg/build/lib/autonomous_car_pkg/Detection
[0.995s] creating /home/shiva/Documents/autonomous_car_ws/build/autonomous_car_pkg/build/lib/autonomous_car_pkg/Detection/Lanes
[0.995s] creating /home/shiva/Documents/autonomous_car_ws/build/autonomous_car_pkg/build/lib/autonomous_car_pkg/Detection/Lanes/d_LaneInfo_Extraction
[0.996s] copying autonomous_car_pkg/Detection/Lanes/d_LaneInfo_Extraction/__init__.py -> /home/shiva/Documents/autonomous_car_ws/build/autonomous_car_pkg/build/lib/autonomous_car_pkg/Detection/Lanes/d_LaneInfo_Extraction
[0.996s] copying autonomous_car_pkg/Detection/Lanes/d_LaneInfo_Extraction/GetStateInfoandDisplayLane.py -> /home/shiva/Documents/autonomous_car_ws/build/autonomous_car_pkg/build/lib/autonomous_car_pkg/Detection/Lanes/d_LaneInfo_Extraction
[0.996s] creating /home/shiva/Documents/autonomous_car_ws/build/autonomous_car_pkg/build/lib/autonomous_car_pkg/Detection/Lanes/c_Cleaning
[0.996s] copying autonomous_car_pkg/Detection/Lanes/c_Cleaning/__init__.py -> /home/shiva/Documents/autonomous_car_ws/build/autonomous_car_pkg/build/lib/autonomous_car_pkg/Detection/Lanes/c_Cleaning
[0.996s] copying autonomous_car_pkg/Detection/Lanes/c_Cleaning/ExtendLanesAndRefineMidLaneEdge.py -> /home/shiva/Documents/autonomous_car_ws/build/autonomous_car_pkg/build/lib/autonomous_car_pkg/Detection/Lanes/c_Cleaning
[0.996s] copying autonomous_car_pkg/Detection/Lanes/c_Cleaning/CheckifYellowLaneCorrect_RetInnerBoundary.py -> /home/shiva/Documents/autonomous_car_ws/build/autonomous_car_pkg/build/lib/autonomous_car_pkg/Detection/Lanes/c_Cleaning
[0.996s] creating /home/shiva/Documents/autonomous_car_ws/build/autonomous_car_pkg/build/lib/autonomous_car_pkg/Detection/Lanes/b_Estimation
[0.996s] copying autonomous_car_pkg/Detection/Lanes/b_Estimation/Our_EstimationAlgo.py -> /home/shiva/Documents/autonomous_car_ws/build/autonomous_car_pkg/build/lib/autonomous_car_pkg/Detection/Lanes/b_Estimation
[0.996s] copying autonomous_car_pkg/Detection/Lanes/b_Estimation/__init__.py -> /home/shiva/Documents/autonomous_car_ws/build/autonomous_car_pkg/build/lib/autonomous_car_pkg/Detection/Lanes/b_Estimation
[0.996s] creating /home/shiva/Documents/autonomous_car_ws/build/autonomous_car_pkg/build/lib/autonomous_car_pkg/Detection/Lanes/a_Segmentation
[0.996s] copying autonomous_car_pkg/Detection/Lanes/a_Segmentation/__init__.py -> /home/shiva/Documents/autonomous_car_ws/build/autonomous_car_pkg/build/lib/autonomous_car_pkg/Detection/Lanes/a_Segmentation
[0.996s] copying autonomous_car_pkg/Detection/Lanes/a_Segmentation/colour_segmentation_final.py -> /home/shiva/Documents/autonomous_car_ws/build/autonomous_car_pkg/build/lib/autonomous_car_pkg/Detection/Lanes/a_Segmentation
[0.996s] copying autonomous_car_pkg/Detection/Lanes/Lane_Detection.py -> /home/shiva/Documents/autonomous_car_ws/build/autonomous_car_pkg/build/lib/autonomous_car_pkg/Detection/Lanes
[0.997s] copying autonomous_car_pkg/Detection/Lanes/__init__.py -> /home/shiva/Documents/autonomous_car_ws/build/autonomous_car_pkg/build/lib/autonomous_car_pkg/Detection/Lanes
[0.997s] copying autonomous_car_pkg/Detection/Lanes/Morph_op.py -> /home/shiva/Documents/autonomous_car_ws/build/autonomous_car_pkg/build/lib/autonomous_car_pkg/Detection/Lanes
[0.997s] copying autonomous_car_pkg/Detection/Lanes/utilities.py -> /home/shiva/Documents/autonomous_car_ws/build/autonomous_car_pkg/build/lib/autonomous_car_pkg/Detection/Lanes
[0.997s] creating /home/shiva/Documents/autonomous_car_ws/build/autonomous_car_pkg/build/lib/autonomous_car_pkg/Detection/Signs
[0.997s] creating /home/shiva/Documents/autonomous_car_ws/build/autonomous_car_pkg/build/lib/autonomous_car_pkg/Detection/Signs/Classification
[0.997s] copying autonomous_car_pkg/Detection/Signs/Classification/Visualize_CNN.py -> /home/shiva/Documents/autonomous_car_ws/build/autonomous_car_pkg/build/lib/autonomous_car_pkg/Detection/Signs/Classification
[0.997s] copying autonomous_car_pkg/Detection/Signs/Classification/__init__.py -> /home/shiva/Documents/autonomous_car_ws/build/autonomous_car_pkg/build/lib/autonomous_car_pkg/Detection/Signs/Classification
[0.997s] copying autonomous_car_pkg/Detection/Signs/Classification/Classification_CNN.py -> /home/shiva/Documents/autonomous_car_ws/build/autonomous_car_pkg/build/lib/autonomous_car_pkg/Detection/Signs/Classification
[0.997s] copying autonomous_car_pkg/Detection/Signs/Classification/CNN.py -> /home/shiva/Documents/autonomous_car_ws/build/autonomous_car_pkg/build/lib/autonomous_car_pkg/Detection/Signs/Classification
[0.997s] copying autonomous_car_pkg/Detection/Signs/__init__.py -> /home/shiva/Documents/autonomous_car_ws/build/autonomous_car_pkg/build/lib/autonomous_car_pkg/Detection/Signs
[0.997s] copying autonomous_car_pkg/Detection/Signs/SignDetectionApi.py -> /home/shiva/Documents/autonomous_car_ws/build/autonomous_car_pkg/build/lib/autonomous_car_pkg/Detection/Signs
[0.998s] creating /home/shiva/Documents/autonomous_car_ws/build/autonomous_car_pkg/build/lib/autonomous_car_pkg/Detection/TrafficLights
[0.998s] copying autonomous_car_pkg/Detection/TrafficLights/__init__.py -> /home/shiva/Documents/autonomous_car_ws/build/autonomous_car_pkg/build/lib/autonomous_car_pkg/Detection/TrafficLights
[0.998s] copying autonomous_car_pkg/Detection/TrafficLights/TrafficLights_Detection.py -> /home/shiva/Documents/autonomous_car_ws/build/autonomous_car_pkg/build/lib/autonomous_car_pkg/Detection/TrafficLights
[0.998s] copying autonomous_car_pkg/Detection/__init__.py -> /home/shiva/Documents/autonomous_car_ws/build/autonomous_car_pkg/build/lib/autonomous_car_pkg/Detection
[0.998s] creating /home/shiva/Documents/autonomous_car_ws/build/autonomous_car_pkg/build/lib/autonomous_car_pkg/GPS_Navigation
[0.998s] copying autonomous_car_pkg/GPS_Navigation/bot_localization.py -> /home/shiva/Documents/autonomous_car_ws/build/autonomous_car_pkg/build/lib/autonomous_car_pkg/GPS_Navigation
[0.998s] copying autonomous_car_pkg/GPS_Navigation/bot_pathplanning.py -> /home/shiva/Documents/autonomous_car_ws/build/autonomous_car_pkg/build/lib/autonomous_car_pkg/GPS_Navigation
[0.998s] copying autonomous_car_pkg/GPS_Navigation/__init__.py -> /home/shiva/Documents/autonomous_car_ws/build/autonomous_car_pkg/build/lib/autonomous_car_pkg/GPS_Navigation
[0.998s] copying autonomous_car_pkg/GPS_Navigation/utilities.py -> /home/shiva/Documents/autonomous_car_ws/build/autonomous_car_pkg/build/lib/autonomous_car_pkg/GPS_Navigation
[0.998s] copying autonomous_car_pkg/GPS_Navigation/config.py -> /home/shiva/Documents/autonomous_car_ws/build/autonomous_car_pkg/build/lib/autonomous_car_pkg/GPS_Navigation
[0.998s] copying autonomous_car_pkg/GPS_Navigation/Navigation.py -> /home/shiva/Documents/autonomous_car_ws/build/autonomous_car_pkg/build/lib/autonomous_car_pkg/GPS_Navigation
[0.999s] copying autonomous_car_pkg/GPS_Navigation/bot_motionplanning.py -> /home/shiva/Documents/autonomous_car_ws/build/autonomous_car_pkg/build/lib/autonomous_car_pkg/GPS_Navigation
[0.999s] copying autonomous_car_pkg/GPS_Navigation/bot_mapping.py -> /home/shiva/Documents/autonomous_car_ws/build/autonomous_car_pkg/build/lib/autonomous_car_pkg/GPS_Navigation
[0.999s] copying autonomous_car_pkg/GPS_Navigation/utilities_disp.py -> /home/shiva/Documents/autonomous_car_ws/build/autonomous_car_pkg/build/lib/autonomous_car_pkg/GPS_Navigation
[0.999s] creating /home/shiva/Documents/autonomous_car_ws/build/autonomous_car_pkg/build/lib/autonomous_car_pkg/config
[0.999s] copying autonomous_car_pkg/config/__init__.py -> /home/shiva/Documents/autonomous_car_ws/build/autonomous_car_pkg/build/lib/autonomous_car_pkg/config
[0.999s] copying autonomous_car_pkg/config/config.py -> /home/shiva/Documents/autonomous_car_ws/build/autonomous_car_pkg/build/lib/autonomous_car_pkg/config
[0.999s] creating /home/shiva/Documents/autonomous_car_ws/build/autonomous_car_pkg/build/lib/autonomous_car_pkg/data
[0.999s] copying autonomous_car_pkg/data/__init__.py -> /home/shiva/Documents/autonomous_car_ws/build/autonomous_car_pkg/build/lib/autonomous_car_pkg/data
[1.000s] running install
[1.001s] running install_lib
[1.001s] creating /home/shiva/Documents/autonomous_car_ws/install/autonomous_car_pkg/lib/python3.10/site-packages/autonomous_car_pkg/Detection
[1.001s] creating /home/shiva/Documents/autonomous_car_ws/install/autonomous_car_pkg/lib/python3.10/site-packages/autonomous_car_pkg/Detection/Lanes
[1.001s] copying /home/shiva/Documents/autonomous_car_ws/build/autonomous_car_pkg/build/lib/autonomous_car_pkg/Detection/Lanes/Lane_Detection.py -> /home/shiva/Documents/autonomous_car_ws/install/autonomous_car_pkg/lib/python3.10/site-packages/autonomous_car_pkg/Detection/Lanes
[1.001s] creating /home/shiva/Documents/autonomous_car_ws/install/autonomous_car_pkg/lib/python3.10/site-packages/autonomous_car_pkg/Detection/Lanes/d_LaneInfo_Extraction
[1.002s] copying /home/shiva/Documents/autonomous_car_ws/build/autonomous_car_pkg/build/lib/autonomous_car_pkg/Detection/Lanes/d_LaneInfo_Extraction/__init__.py -> /home/shiva/Documents/autonomous_car_ws/install/autonomous_car_pkg/lib/python3.10/site-packages/autonomous_car_pkg/Detection/Lanes/d_LaneInfo_Extraction
[1.002s] copying /home/shiva/Documents/autonomous_car_ws/build/autonomous_car_pkg/build/lib/autonomous_car_pkg/Detection/Lanes/d_LaneInfo_Extraction/GetStateInfoandDisplayLane.py -> /home/shiva/Documents/autonomous_car_ws/install/autonomous_car_pkg/lib/python3.10/site-packages/autonomous_car_pkg/Detection/Lanes/d_LaneInfo_Extraction
[1.002s] creating /home/shiva/Documents/autonomous_car_ws/install/autonomous_car_pkg/lib/python3.10/site-packages/autonomous_car_pkg/Detection/Lanes/b_Estimation
[1.002s] copying /home/shiva/Documents/autonomous_car_ws/build/autonomous_car_pkg/build/lib/autonomous_car_pkg/Detection/Lanes/b_Estimation/Our_EstimationAlgo.py -> /home/shiva/Documents/autonomous_car_ws/install/autonomous_car_pkg/lib/python3.10/site-packages/autonomous_car_pkg/Detection/Lanes/b_Estimation
[1.002s] copying /home/shiva/Documents/autonomous_car_ws/build/autonomous_car_pkg/build/lib/autonomous_car_pkg/Detection/Lanes/b_Estimation/__init__.py -> /home/shiva/Documents/autonomous_car_ws/install/autonomous_car_pkg/lib/python3.10/site-packages/autonomous_car_pkg/Detection/Lanes/b_Estimation
[1.002s] creating /home/shiva/Documents/autonomous_car_ws/install/autonomous_car_pkg/lib/python3.10/site-packages/autonomous_car_pkg/Detection/Lanes/a_Segmentation
[1.002s] copying /home/shiva/Documents/autonomous_car_ws/build/autonomous_car_pkg/build/lib/autonomous_car_pkg/Detection/Lanes/a_Segmentation/__init__.py -> /home/shiva/Documents/autonomous_car_ws/install/autonomous_car_pkg/lib/python3.10/site-packages/autonomous_car_pkg/Detection/Lanes/a_Segmentation
[1.002s] copying /home/shiva/Documents/autonomous_car_ws/build/autonomous_car_pkg/build/lib/autonomous_car_pkg/Detection/Lanes/a_Segmentation/colour_segmentation_final.py -> /home/shiva/Documents/autonomous_car_ws/install/autonomous_car_pkg/lib/python3.10/site-packages/autonomous_car_pkg/Detection/Lanes/a_Segmentation
[1.002s] copying /home/shiva/Documents/autonomous_car_ws/build/autonomous_car_pkg/build/lib/autonomous_car_pkg/Detection/Lanes/__init__.py -> /home/shiva/Documents/autonomous_car_ws/install/autonomous_car_pkg/lib/python3.10/site-packages/autonomous_car_pkg/Detection/Lanes
[1.003s] copying /home/shiva/Documents/autonomous_car_ws/build/autonomous_car_pkg/build/lib/autonomous_car_pkg/Detection/Lanes/Morph_op.py -> /home/shiva/Documents/autonomous_car_ws/install/autonomous_car_pkg/lib/python3.10/site-packages/autonomous_car_pkg/Detection/Lanes
[1.003s] copying /home/shiva/Documents/autonomous_car_ws/build/autonomous_car_pkg/build/lib/autonomous_car_pkg/Detection/Lanes/utilities.py -> /home/shiva/Documents/autonomous_car_ws/install/autonomous_car_pkg/lib/python3.10/site-packages/autonomous_car_pkg/Detection/Lanes
[1.003s] creating /home/shiva/Documents/autonomous_car_ws/install/autonomous_car_pkg/lib/python3.10/site-packages/autonomous_car_pkg/Detection/Lanes/c_Cleaning
[1.003s] copying /home/shiva/Documents/autonomous_car_ws/build/autonomous_car_pkg/build/lib/autonomous_car_pkg/Detection/Lanes/c_Cleaning/__init__.py -> /home/shiva/Documents/autonomous_car_ws/install/autonomous_car_pkg/lib/python3.10/site-packages/autonomous_car_pkg/Detection/Lanes/c_Cleaning
[1.003s] copying /home/shiva/Documents/autonomous_car_ws/build/autonomous_car_pkg/build/lib/autonomous_car_pkg/Detection/Lanes/c_Cleaning/ExtendLanesAndRefineMidLaneEdge.py -> /home/shiva/Documents/autonomous_car_ws/install/autonomous_car_pkg/lib/python3.10/site-packages/autonomous_car_pkg/Detection/Lanes/c_Cleaning
[1.003s] copying /home/shiva/Documents/autonomous_car_ws/build/autonomous_car_pkg/build/lib/autonomous_car_pkg/Detection/Lanes/c_Cleaning/CheckifYellowLaneCorrect_RetInnerBoundary.py -> /home/shiva/Documents/autonomous_car_ws/install/autonomous_car_pkg/lib/python3.10/site-packages/autonomous_car_pkg/Detection/Lanes/c_Cleaning
[1.003s] copying /home/shiva/Documents/autonomous_car_ws/build/autonomous_car_pkg/build/lib/autonomous_car_pkg/Detection/__init__.py -> /home/shiva/Documents/autonomous_car_ws/install/autonomous_car_pkg/lib/python3.10/site-packages/autonomous_car_pkg/Detection
[1.003s] creating /home/shiva/Documents/autonomous_car_ws/install/autonomous_car_pkg/lib/python3.10/site-packages/autonomous_car_pkg/Detection/TrafficLights
[1.004s] copying /home/shiva/Documents/autonomous_car_ws/build/autonomous_car_pkg/build/lib/autonomous_car_pkg/Detection/TrafficLights/__init__.py -> /home/shiva/Documents/autonomous_car_ws/install/autonomous_car_pkg/lib/python3.10/site-packages/autonomous_car_pkg/Detection/TrafficLights
[1.004s] copying /home/shiva/Documents/autonomous_car_ws/build/autonomous_car_pkg/build/lib/autonomous_car_pkg/Detection/TrafficLights/TrafficLights_Detection.py -> /home/shiva/Documents/autonomous_car_ws/install/autonomous_car_pkg/lib/python3.10/site-packages/autonomous_car_pkg/Detection/TrafficLights
[1.004s] creating /home/shiva/Documents/autonomous_car_ws/install/autonomous_car_pkg/lib/python3.10/site-packages/autonomous_car_pkg/Detection/Signs
[1.004s] creating /home/shiva/Documents/autonomous_car_ws/install/autonomous_car_pkg/lib/python3.10/site-packages/autonomous_car_pkg/Detection/Signs/Classification
[1.004s] copying /home/shiva/Documents/autonomous_car_ws/build/autonomous_car_pkg/build/lib/autonomous_car_pkg/Detection/Signs/Classification/Visualize_CNN.py -> /home/shiva/Documents/autonomous_car_ws/install/autonomous_car_pkg/lib/python3.10/site-packages/autonomous_car_pkg/Detection/Signs/Classification
[1.004s] copying /home/shiva/Documents/autonomous_car_ws/build/autonomous_car_pkg/build/lib/autonomous_car_pkg/Detection/Signs/Classification/__init__.py -> /home/shiva/Documents/autonomous_car_ws/install/autonomous_car_pkg/lib/python3.10/site-packages/autonomous_car_pkg/Detection/Signs/Classification
[1.004s] copying /home/shiva/Documents/autonomous_car_ws/build/autonomous_car_pkg/build/lib/autonomous_car_pkg/Detection/Signs/Classification/Classification_CNN.py -> /home/shiva/Documents/autonomous_car_ws/install/autonomous_car_pkg/lib/python3.10/site-packages/autonomous_car_pkg/Detection/Signs/Classification
[1.004s] copying /home/shiva/Documents/autonomous_car_ws/build/autonomous_car_pkg/build/lib/autonomous_car_pkg/Detection/Signs/Classification/CNN.py -> /home/shiva/Documents/autonomous_car_ws/install/autonomous_car_pkg/lib/python3.10/site-packages/autonomous_car_pkg/Detection/Signs/Classification
[1.004s] copying /home/shiva/Documents/autonomous_car_ws/build/autonomous_car_pkg/build/lib/autonomous_car_pkg/Detection/Signs/__init__.py -> /home/shiva/Documents/autonomous_car_ws/install/autonomous_car_pkg/lib/python3.10/site-packages/autonomous_car_pkg/Detection/Signs
[1.004s] copying /home/shiva/Documents/autonomous_car_ws/build/autonomous_car_pkg/build/lib/autonomous_car_pkg/Detection/Signs/SignDetectionApi.py -> /home/shiva/Documents/autonomous_car_ws/install/autonomous_car_pkg/lib/python3.10/site-packages/autonomous_car_pkg/Detection/Signs
[1.004s] copying /home/shiva/Documents/autonomous_car_ws/build/autonomous_car_pkg/build/lib/autonomous_car_pkg/upper_camera_video.py -> /home/shiva/Documents/autonomous_car_ws/install/autonomous_car_pkg/lib/python3.10/site-packages/autonomous_car_pkg
[1.005s] creating /home/shiva/Documents/autonomous_car_ws/install/autonomous_car_pkg/lib/python3.10/site-packages/autonomous_car_pkg/config
[1.005s] copying /home/shiva/Documents/autonomous_car_ws/build/autonomous_car_pkg/build/lib/autonomous_car_pkg/config/__init__.py -> /home/shiva/Documents/autonomous_car_ws/install/autonomous_car_pkg/lib/python3.10/site-packages/autonomous_car_pkg/config
[1.005s] copying /home/shiva/Documents/autonomous_car_ws/build/autonomous_car_pkg/build/lib/autonomous_car_pkg/config/config.py -> /home/shiva/Documents/autonomous_car_ws/install/autonomous_car_pkg/lib/python3.10/site-packages/autonomous_car_pkg/config
[1.005s] creating /home/shiva/Documents/autonomous_car_ws/install/autonomous_car_pkg/lib/python3.10/site-packages/autonomous_car_pkg/GPS_Navigation
[1.005s] copying /home/shiva/Documents/autonomous_car_ws/build/autonomous_car_pkg/build/lib/autonomous_car_pkg/GPS_Navigation/bot_localization.py -> /home/shiva/Documents/autonomous_car_ws/install/autonomous_car_pkg/lib/python3.10/site-packages/autonomous_car_pkg/GPS_Navigation
[1.005s] copying /home/shiva/Documents/autonomous_car_ws/build/autonomous_car_pkg/build/lib/autonomous_car_pkg/GPS_Navigation/bot_pathplanning.py -> /home/shiva/Documents/autonomous_car_ws/install/autonomous_car_pkg/lib/python3.10/site-packages/autonomous_car_pkg/GPS_Navigation
[1.005s] copying /home/shiva/Documents/autonomous_car_ws/build/autonomous_car_pkg/build/lib/autonomous_car_pkg/GPS_Navigation/__init__.py -> /home/shiva/Documents/autonomous_car_ws/install/autonomous_car_pkg/lib/python3.10/site-packages/autonomous_car_pkg/GPS_Navigation
[1.005s] copying /home/shiva/Documents/autonomous_car_ws/build/autonomous_car_pkg/build/lib/autonomous_car_pkg/GPS_Navigation/utilities.py -> /home/shiva/Documents/autonomous_car_ws/install/autonomous_car_pkg/lib/python3.10/site-packages/autonomous_car_pkg/GPS_Navigation
[1.006s] copying /home/shiva/Documents/autonomous_car_ws/build/autonomous_car_pkg/build/lib/autonomous_car_pkg/GPS_Navigation/config.py -> /home/shiva/Documents/autonomous_car_ws/install/autonomous_car_pkg/lib/python3.10/site-packages/autonomous_car_pkg/GPS_Navigation
[1.006s] copying /home/shiva/Documents/autonomous_car_ws/build/autonomous_car_pkg/build/lib/autonomous_car_pkg/GPS_Navigation/Navigation.py -> /home/shiva/Documents/autonomous_car_ws/install/autonomous_car_pkg/lib/python3.10/site-packages/autonomous_car_pkg/GPS_Navigation
[1.006s] copying /home/shiva/Documents/autonomous_car_ws/build/autonomous_car_pkg/build/lib/autonomous_car_pkg/GPS_Navigation/bot_motionplanning.py -> /home/shiva/Documents/autonomous_car_ws/install/autonomous_car_pkg/lib/python3.10/site-packages/autonomous_car_pkg/GPS_Navigation
[1.006s] copying /home/shiva/Documents/autonomous_car_ws/build/autonomous_car_pkg/build/lib/autonomous_car_pkg/GPS_Navigation/bot_mapping.py -> /home/shiva/Documents/autonomous_car_ws/install/autonomous_car_pkg/lib/python3.10/site-packages/autonomous_car_pkg/GPS_Navigation
[1.006s] copying /home/shiva/Documents/autonomous_car_ws/build/autonomous_car_pkg/build/lib/autonomous_car_pkg/GPS_Navigation/utilities_disp.py -> /home/shiva/Documents/autonomous_car_ws/install/autonomous_car_pkg/lib/python3.10/site-packages/autonomous_car_pkg/GPS_Navigation
[1.006s] copying /home/shiva/Documents/autonomous_car_ws/build/autonomous_car_pkg/build/lib/autonomous_car_pkg/Drive_Bot.py -> /home/shiva/Documents/autonomous_car_ws/install/autonomous_car_pkg/lib/python3.10/site-packages/autonomous_car_pkg
[1.006s] copying /home/shiva/Documents/autonomous_car_ws/build/autonomous_car_pkg/build/lib/autonomous_car_pkg/sdc_V2.py -> /home/shiva/Documents/autonomous_car_ws/install/autonomous_car_pkg/lib/python3.10/site-packages/autonomous_car_pkg
[1.006s] creating /home/shiva/Documents/autonomous_car_ws/install/autonomous_car_pkg/lib/python3.10/site-packages/autonomous_car_pkg/data
[1.006s] copying /home/shiva/Documents/autonomous_car_ws/build/autonomous_car_pkg/build/lib/autonomous_car_pkg/data/__init__.py -> /home/shiva/Documents/autonomous_car_ws/install/autonomous_car_pkg/lib/python3.10/site-packages/autonomous_car_pkg/data
[1.007s] byte-compiling /home/shiva/Documents/autonomous_car_ws/install/autonomous_car_pkg/lib/python3.10/site-packages/autonomous_car_pkg/Detection/Lanes/Lane_Detection.py to Lane_Detection.cpython-310.pyc
[1.008s] byte-compiling /home/shiva/Documents/autonomous_car_ws/install/autonomous_car_pkg/lib/python3.10/site-packages/autonomous_car_pkg/Detection/Lanes/d_LaneInfo_Extraction/__init__.py to __init__.cpython-310.pyc
[1.008s] byte-compiling /home/shiva/Documents/autonomous_car_ws/install/autonomous_car_pkg/lib/python3.10/site-packages/autonomous_car_pkg/Detection/Lanes/d_LaneInfo_Extraction/GetStateInfoandDisplayLane.py to GetStateInfoandDisplayLane.cpython-310.pyc
[1.009s] byte-compiling /home/shiva/Documents/autonomous_car_ws/install/autonomous_car_pkg/lib/python3.10/site-packages/autonomous_car_pkg/Detection/Lanes/b_Estimation/Our_EstimationAlgo.py to Our_EstimationAlgo.cpython-310.pyc
[1.010s] byte-compiling /home/shiva/Documents/autonomous_car_ws/install/autonomous_car_pkg/lib/python3.10/site-packages/autonomous_car_pkg/Detection/Lanes/b_Estimation/__init__.py to __init__.cpython-310.pyc
[1.010s] byte-compiling /home/shiva/Documents/autonomous_car_ws/install/autonomous_car_pkg/lib/python3.10/site-packages/autonomous_car_pkg/Detection/Lanes/a_Segmentation/__init__.py to __init__.cpython-310.pyc
[1.010s] byte-compiling /home/shiva/Documents/autonomous_car_ws/install/autonomous_car_pkg/lib/python3.10/site-packages/autonomous_car_pkg/Detection/Lanes/a_Segmentation/colour_segmentation_final.py to colour_segmentation_final.cpython-310.pyc
[1.012s] byte-compiling /home/shiva/Documents/autonomous_car_ws/install/autonomous_car_pkg/lib/python3.10/site-packages/autonomous_car_pkg/Detection/Lanes/__init__.py to __init__.cpython-310.pyc
[1.012s] byte-compiling /home/shiva/Documents/autonomous_car_ws/install/autonomous_car_pkg/lib/python3.10/site-packages/autonomous_car_pkg/Detection/Lanes/Morph_op.py to Morph_op.cpython-310.pyc
[1.014s] byte-compiling /home/shiva/Documents/autonomous_car_ws/install/autonomous_car_pkg/lib/python3.10/site-packages/autonomous_car_pkg/Detection/Lanes/utilities.py to utilities.cpython-310.pyc
[1.014s] byte-compiling /home/shiva/Documents/autonomous_car_ws/install/autonomous_car_pkg/lib/python3.10/site-packages/autonomous_car_pkg/Detection/Lanes/c_Cleaning/__init__.py to __init__.cpython-310.pyc
[1.015s] byte-compiling /home/shiva/Documents/autonomous_car_ws/install/autonomous_car_pkg/lib/python3.10/site-packages/autonomous_car_pkg/Detection/Lanes/c_Cleaning/ExtendLanesAndRefineMidLaneEdge.py to ExtendLanesAndRefineMidLaneEdge.cpython-310.pyc
[1.015s] byte-compiling /home/shiva/Documents/autonomous_car_ws/install/autonomous_car_pkg/lib/python3.10/site-packages/autonomous_car_pkg/Detection/Lanes/c_Cleaning/CheckifYellowLaneCorrect_RetInnerBoundary.py to CheckifYellowLaneCorrect_RetInnerBoundary.cpython-310.pyc
[1.017s] byte-compiling /home/shiva/Documents/autonomous_car_ws/install/autonomous_car_pkg/lib/python3.10/site-packages/autonomous_car_pkg/Detection/__init__.py to __init__.cpython-310.pyc
[1.017s] byte-compiling /home/shiva/Documents/autonomous_car_ws/install/autonomous_car_pkg/lib/python3.10/site-packages/autonomous_car_pkg/Detection/TrafficLights/__init__.py to __init__.cpython-310.pyc
[1.017s] byte-compiling /home/shiva/Documents/autonomous_car_ws/install/autonomous_car_pkg/lib/python3.10/site-packages/autonomous_car_pkg/Detection/TrafficLights/TrafficLights_Detection.py to TrafficLights_Detection.cpython-310.pyc
[1.021s] byte-compiling /home/shiva/Documents/autonomous_car_ws/install/autonomous_car_pkg/lib/python3.10/site-packages/autonomous_car_pkg/Detection/Signs/Classification/Visualize_CNN.py to Visualize_CNN.cpython-310.pyc
[1.022s] byte-compiling /home/shiva/Documents/autonomous_car_ws/install/autonomous_car_pkg/lib/python3.10/site-packages/autonomous_car_pkg/Detection/Signs/Classification/__init__.py to __init__.cpython-310.pyc
[1.022s] byte-compiling /home/shiva/Documents/autonomous_car_ws/install/autonomous_car_pkg/lib/python3.10/site-packages/autonomous_car_pkg/Detection/Signs/Classification/Classification_CNN.py to Classification_CNN.cpython-310.pyc
[1.023s] byte-compiling /home/shiva/Documents/autonomous_car_ws/install/autonomous_car_pkg/lib/python3.10/site-packages/autonomous_car_pkg/Detection/Signs/Classification/CNN.py to CNN.cpython-310.pyc
[1.024s] byte-compiling /home/shiva/Documents/autonomous_car_ws/install/autonomous_car_pkg/lib/python3.10/site-packages/autonomous_car_pkg/Detection/Signs/__init__.py to __init__.cpython-310.pyc
[1.024s] byte-compiling /home/shiva/Documents/autonomous_car_ws/install/autonomous_car_pkg/lib/python3.10/site-packages/autonomous_car_pkg/Detection/Signs/SignDetectionApi.py to SignDetectionApi.cpython-310.pyc
[1.025s] byte-compiling /home/shiva/Documents/autonomous_car_ws/install/autonomous_car_pkg/lib/python3.10/site-packages/autonomous_car_pkg/upper_camera_video.py to upper_camera_video.cpython-310.pyc
[1.026s] byte-compiling /home/shiva/Documents/autonomous_car_ws/install/autonomous_car_pkg/lib/python3.10/site-packages/autonomous_car_pkg/config/__init__.py to __init__.cpython-310.pyc
[1.026s] byte-compiling /home/shiva/Documents/autonomous_car_ws/install/autonomous_car_pkg/lib/python3.10/site-packages/autonomous_car_pkg/config/config.py to config.cpython-310.pyc
[1.026s] byte-compiling /home/shiva/Documents/autonomous_car_ws/install/autonomous_car_pkg/lib/python3.10/site-packages/autonomous_car_pkg/GPS_Navigation/bot_localization.py to bot_localization.cpython-310.pyc
[1.029s] byte-compiling /home/shiva/Documents/autonomous_car_ws/install/autonomous_car_pkg/lib/python3.10/site-packages/autonomous_car_pkg/GPS_Navigation/bot_pathplanning.py to bot_pathplanning.cpython-310.pyc
[1.031s] byte-compiling /home/shiva/Documents/autonomous_car_ws/install/autonomous_car_pkg/lib/python3.10/site-packages/autonomous_car_pkg/GPS_Navigation/__init__.py to __init__.cpython-310.pyc
[1.031s] byte-compiling /home/shiva/Documents/autonomous_car_ws/install/autonomous_car_pkg/lib/python3.10/site-packages/autonomous_car_pkg/GPS_Navigation/utilities.py to utilities.cpython-310.pyc
[1.032s] byte-compiling /home/shiva/Documents/autonomous_car_ws/install/autonomous_car_pkg/lib/python3.10/site-packages/autonomous_car_pkg/GPS_Navigation/config.py to config.cpython-310.pyc
[1.033s] byte-compiling /home/shiva/Documents/autonomous_car_ws/install/autonomous_car_pkg/lib/python3.10/site-packages/autonomous_car_pkg/GPS_Navigation/Navigation.py to Navigation.cpython-310.pyc
[1.034s] byte-compiling /home/shiva/Documents/autonomous_car_ws/install/autonomous_car_pkg/lib/python3.10/site-packages/autonomous_car_pkg/GPS_Navigation/bot_motionplanning.py to bot_motionplanning.cpython-310.pyc
[1.035s] byte-compiling /home/shiva/Documents/autonomous_car_ws/install/autonomous_car_pkg/lib/python3.10/site-packages/autonomous_car_pkg/GPS_Navigation/bot_mapping.py to bot_mapping.cpython-310.pyc
[1.038s] byte-compiling /home/shiva/Documents/autonomous_car_ws/install/autonomous_car_pkg/lib/python3.10/site-packages/autonomous_car_pkg/GPS_Navigation/utilities_disp.py to utilities_disp.cpython-310.pyc
[1.039s] byte-compiling /home/shiva/Documents/autonomous_car_ws/install/autonomous_car_pkg/lib/python3.10/site-packages/autonomous_car_pkg/Drive_Bot.py to Drive_Bot.cpython-310.pyc
[1.041s] byte-compiling /home/shiva/Documents/autonomous_car_ws/install/autonomous_car_pkg/lib/python3.10/site-packages/autonomous_car_pkg/sdc_V2.py to sdc_V2.cpython-310.pyc
[1.042s] byte-compiling /home/shiva/Documents/autonomous_car_ws/install/autonomous_car_pkg/lib/python3.10/site-packages/autonomous_car_pkg/data/__init__.py to __init__.cpython-310.pyc
[1.042s] running install_data
[1.042s] copying launch/world_gazebo.launch.py -> /home/shiva/Documents/autonomous_car_ws/install/autonomous_car_pkg/share/autonomous_car_pkg/launch
[1.042s] copying launch/test_laneFollow.launch.py -> /home/shiva/Documents/autonomous_car_ws/install/autonomous_car_pkg/share/autonomous_car_pkg/launch
[1.043s] copying launch/record_and_drive.launch.py -> /home/shiva/Documents/autonomous_car_ws/install/autonomous_car_pkg/share/autonomous_car_pkg/launch
[1.043s] copying launch/maze_solving_world.launch.py -> /home/shiva/Documents/autonomous_car_ws/install/autonomous_car_pkg/share/autonomous_car_pkg/launch
[1.043s] running install_egg_info
[1.044s] removing '/home/shiva/Documents/autonomous_car_ws/install/autonomous_car_pkg/lib/python3.10/site-packages/autonomous_car_pkg-0.0.0-py3.10.egg-info' (and everything under it)
[1.045s] Copying ../../build/autonomous_car_pkg/autonomous_car_pkg.egg-info to /home/shiva/Documents/autonomous_car_ws/install/autonomous_car_pkg/lib/python3.10/site-packages/autonomous_car_pkg-0.0.0-py3.10.egg-info
[1.045s] running install_scripts
[1.063s] Installing computer_vision_node script to /home/shiva/Documents/autonomous_car_ws/install/autonomous_car_pkg/lib/autonomous_car_pkg
[1.063s] Installing sdc_V2 script to /home/shiva/Documents/autonomous_car_ws/install/autonomous_car_pkg/lib/autonomous_car_pkg
[1.063s] Installing spawner_node script to /home/shiva/Documents/autonomous_car_ws/install/autonomous_car_pkg/lib/autonomous_car_pkg
[1.063s] Installing upper_camera_recording script to /home/shiva/Documents/autonomous_car_ws/install/autonomous_car_pkg/lib/autonomous_car_pkg
[1.063s] Installing video_save script to /home/shiva/Documents/autonomous_car_ws/install/autonomous_car_pkg/lib/autonomous_car_pkg
[1.064s] writing list of installed files to '/home/shiva/Documents/autonomous_car_ws/build/autonomous_car_pkg/install.log'
[1.084s] Invoked command in '/home/shiva/Documents/autonomous_car_ws/src/autonomous_car_pkg' returned '0': PYTHONPATH=/home/shiva/Documents/autonomous_car_ws/build/autonomous_car_pkg/prefix_override:/usr/lib/python3/dist-packages/colcon_core/task/python/colcon_distutils_commands:/home/shiva/Documents/autonomous_car_ws/install/autonomous_car_pkg/lib/python3.10/site-packages:${PYTHONPATH} /usr/bin/python3 -W ignore:setup.py install is deprecated -W ignore:easy_install command is deprecated setup.py egg_info --egg-base ../../build/autonomous_car_pkg build --build-base /home/shiva/Documents/autonomous_car_ws/build/autonomous_car_pkg/build install --record /home/shiva/Documents/autonomous_car_ws/build/autonomous_car_pkg/install.log --single-version-externally-managed install_data
