[0.275s] Invoking command in '/home/shiva/Documents/autonomous_car_ws/build/autonomous_car_pkg_models': CMAKE_PREFIX_PATH=${CMAKE_PREFIX_PATH}:/home/shiva/Documents/autonomous_car_ws/install/autonomous_car_pkg:/home/shiva/Documents/wrk_spc/install/my_pkg:/opt/ros/humble /usr/bin/cmake --build /home/shiva/Documents/autonomous_car_ws/build/autonomous_car_pkg_models -- -j8 -l8
[0.308s] Invoked command in '/home/shiva/Documents/autonomous_car_ws/build/autonomous_car_pkg_models' returned '0': CMAKE_PREFIX_PATH=${CMAKE_PREFIX_PATH}:/home/shiva/Documents/autonomous_car_ws/install/autonomous_car_pkg:/home/shiva/Documents/wrk_spc/install/my_pkg:/opt/ros/humble /usr/bin/cmake --build /home/shiva/Documents/autonomous_car_ws/build/autonomous_car_pkg_models -- -j8 -l8
[0.317s] Invoking command in '/home/shiva/Documents/autonomous_car_ws/build/autonomous_car_pkg_models': CMAKE_PREFIX_PATH=${CMAKE_PREFIX_PATH}:/home/shiva/Documents/autonomous_car_ws/install/autonomous_car_pkg:/home/shiva/Documents/wrk_spc/install/my_pkg:/opt/ros/humble /usr/bin/cmake --install /home/shiva/Documents/autonomous_car_ws/build/autonomous_car_pkg_models
[0.324s] -- Install configuration: ""
[0.324s] -- Up-to-date: /home/shiva/Documents/autonomous_car_ws/install/autonomous_car_pkg_models/share/autonomous_car_pkg_models/models
[0.324s] -- Up-to-date: /home/shiva/Documents/autonomous_car_ws/install/autonomous_car_pkg_models/share/autonomous_car_pkg_models/models/sign_board_30
[0.324s] -- Up-to-date: /home/shiva/Documents/autonomous_car_ws/install/autonomous_car_pkg_models/share/autonomous_car_pkg_models/models/sign_board_30/model.config
[0.324s] -- Up-to-date: /home/shiva/Documents/autonomous_car_ws/install/autonomous_car_pkg_models/share/autonomous_car_pkg_models/models/sign_board_30/model.sdf
[0.324s] -- Up-to-date: /home/shiva/Documents/autonomous_car_ws/install/autonomous_car_pkg_models/share/autonomous_car_pkg_models/models/sign_board_30/meshes
[0.325s] -- Up-to-date: /home/shiva/Documents/autonomous_car_ws/install/autonomous_car_pkg_models/share/autonomous_car_pkg_models/models/sign_board_30/meshes/sign_board.mtl
[0.325s] -- Up-to-date: /home/shiva/Documents/autonomous_car_ws/install/autonomous_car_pkg_models/share/autonomous_car_pkg_models/models/sign_board_30/meshes/sign_stand.mtl
[0.325s] -- Up-to-date: /home/shiva/Documents/autonomous_car_ws/install/autonomous_car_pkg_models/share/autonomous_car_pkg_models/models/sign_board_30/materials
[0.325s] -- Up-to-date: /home/shiva/Documents/autonomous_car_ws/install/autonomous_car_pkg_models/share/autonomous_car_pkg_models/models/sign_board_30/materials/scripts
[0.325s] -- Up-to-date: /home/shiva/Documents/autonomous_car_ws/install/autonomous_car_pkg_models/share/autonomous_car_pkg_models/models/sign_board_30/materials/scripts/sign_board_30.material
[0.325s] -- Up-to-date: /home/shiva/Documents/autonomous_car_ws/install/autonomous_car_pkg_models/share/autonomous_car_pkg_models/models/sign_board_30/materials/textures
[0.325s] -- Up-to-date: /home/shiva/Documents/autonomous_car_ws/install/autonomous_car_pkg_models/share/autonomous_car_pkg_models/models/sign_board_30/materials/textures/30.png
[0.325s] -- Up-to-date: /home/shiva/Documents/autonomous_car_ws/install/autonomous_car_pkg_models/share/autonomous_car_pkg_models/models/light_red
[0.325s] -- Up-to-date: /home/shiva/Documents/autonomous_car_ws/install/autonomous_car_pkg_models/share/autonomous_car_pkg_models/models/light_red/model.config
[0.325s] -- Up-to-date: /home/shiva/Documents/autonomous_car_ws/install/autonomous_car_pkg_models/share/autonomous_car_pkg_models/models/light_red/model.sdf
[0.325s] -- Up-to-date: /home/shiva/Documents/autonomous_car_ws/install/autonomous_car_pkg_models/share/autonomous_car_pkg_models/models/prius_hybrid
[0.325s] -- Up-to-date: /home/shiva/Documents/autonomous_car_ws/install/autonomous_car_pkg_models/share/autonomous_car_pkg_models/models/prius_hybrid/model.config
[0.325s] -- Up-to-date: /home/shiva/Documents/autonomous_car_ws/install/autonomous_car_pkg_models/share/autonomous_car_pkg_models/models/prius_hybrid/model.sdf
[0.325s] -- Up-to-date: /home/shiva/Documents/autonomous_car_ws/install/autonomous_car_pkg_models/share/autonomous_car_pkg_models/models/prius_hybrid/meshes
[0.325s] -- Up-to-date: /home/shiva/Documents/autonomous_car_ws/install/autonomous_car_pkg_models/share/autonomous_car_pkg_models/models/prius_hybrid/meshes/Hybrid.mtl
[0.326s] -- Up-to-date: /home/shiva/Documents/autonomous_car_ws/install/autonomous_car_pkg_models/share/autonomous_car_pkg_models/models/prius_hybrid/materials
[0.326s] -- Up-to-date: /home/shiva/Documents/autonomous_car_ws/install/autonomous_car_pkg_models/share/autonomous_car_pkg_models/models/prius_hybrid/materials/textures
[0.326s] -- Up-to-date: /home/shiva/Documents/autonomous_car_ws/install/autonomous_car_pkg_models/share/autonomous_car_pkg_models/models/prius_hybrid/materials/textures/Wheels3.png
[0.326s] -- Up-to-date: /home/shiva/Documents/autonomous_car_ws/install/autonomous_car_pkg_models/share/autonomous_car_pkg_models/models/prius_hybrid/materials/textures/Hybrid_Interior.png
[0.326s] -- Up-to-date: /home/shiva/Documents/autonomous_car_ws/install/autonomous_car_pkg_models/share/autonomous_car_pkg_models/models/prius_hybrid/materials/textures/Hybrid.png
[0.326s] -- Up-to-date: /home/shiva/Documents/autonomous_car_ws/install/autonomous_car_pkg_models/share/autonomous_car_pkg_models/models/sign_board_90
[0.326s] -- Up-to-date: /home/shiva/Documents/autonomous_car_ws/install/autonomous_car_pkg_models/share/autonomous_car_pkg_models/models/sign_board_90/model.config
[0.326s] -- Up-to-date: /home/shiva/Documents/autonomous_car_ws/install/autonomous_car_pkg_models/share/autonomous_car_pkg_models/models/sign_board_90/model.sdf
[0.326s] -- Up-to-date: /home/shiva/Documents/autonomous_car_ws/install/autonomous_car_pkg_models/share/autonomous_car_pkg_models/models/sign_board_90/meshes
[0.326s] -- Up-to-date: /home/shiva/Documents/autonomous_car_ws/install/autonomous_car_pkg_models/share/autonomous_car_pkg_models/models/sign_board_90/meshes/sign_board.mtl
[0.326s] -- Up-to-date: /home/shiva/Documents/autonomous_car_ws/install/autonomous_car_pkg_models/share/autonomous_car_pkg_models/models/sign_board_90/meshes/sign_stand.mtl
[0.327s] -- Up-to-date: /home/shiva/Documents/autonomous_car_ws/install/autonomous_car_pkg_models/share/autonomous_car_pkg_models/models/sign_board_90/materials
[0.327s] -- Up-to-date: /home/shiva/Documents/autonomous_car_ws/install/autonomous_car_pkg_models/share/autonomous_car_pkg_models/models/sign_board_90/materials/scripts
[0.327s] -- Up-to-date: /home/shiva/Documents/autonomous_car_ws/install/autonomous_car_pkg_models/share/autonomous_car_pkg_models/models/sign_board_90/materials/scripts/sign_board_90.material
[0.327s] -- Up-to-date: /home/shiva/Documents/autonomous_car_ws/install/autonomous_car_pkg_models/share/autonomous_car_pkg_models/models/sign_board_90/materials/textures
[0.327s] -- Up-to-date: /home/shiva/Documents/autonomous_car_ws/install/autonomous_car_pkg_models/share/autonomous_car_pkg_models/models/sign_board_90/materials/textures/60.png
[0.327s] -- Up-to-date: /home/shiva/Documents/autonomous_car_ws/install/autonomous_car_pkg_models/share/autonomous_car_pkg_models/models/sign_board_90/materials/textures/30.png
[0.327s] -- Up-to-date: /home/shiva/Documents/autonomous_car_ws/install/autonomous_car_pkg_models/share/autonomous_car_pkg_models/models/sign_board_90/materials/textures/90.png
[0.327s] -- Up-to-date: /home/shiva/Documents/autonomous_car_ws/install/autonomous_car_pkg_models/share/autonomous_car_pkg_models/models/sign_board_90/materials/textures/stop.png
[0.327s] -- Up-to-date: /home/shiva/Documents/autonomous_car_ws/install/autonomous_car_pkg_models/share/autonomous_car_pkg_models/models/sign_board_90/materials/textures/turn.png
[0.327s] -- Up-to-date: /home/shiva/Documents/autonomous_car_ws/install/autonomous_car_pkg_models/share/autonomous_car_pkg_models/models/track
[0.327s] -- Up-to-date: /home/shiva/Documents/autonomous_car_ws/install/autonomous_car_pkg_models/share/autonomous_car_pkg_models/models/track/model.config
[0.328s] -- Up-to-date: /home/shiva/Documents/autonomous_car_ws/install/autonomous_car_pkg_models/share/autonomous_car_pkg_models/models/track/model.sdf
[0.328s] -- Up-to-date: /home/shiva/Documents/autonomous_car_ws/install/autonomous_car_pkg_models/share/autonomous_car_pkg_models/models/track/meshes
[0.328s] -- Up-to-date: /home/shiva/Documents/autonomous_car_ws/install/autonomous_car_pkg_models/share/autonomous_car_pkg_models/models/track/meshes/chowk.dae
[0.328s] -- Up-to-date: /home/shiva/Documents/autonomous_car_ws/install/autonomous_car_pkg_models/share/autonomous_car_pkg_models/models/track/meshes/complete_circuit.dae
[0.328s] -- Up-to-date: /home/shiva/Documents/autonomous_car_ws/install/autonomous_car_pkg_models/share/autonomous_car_pkg_models/models/track/materials
[0.328s] -- Up-to-date: /home/shiva/Documents/autonomous_car_ws/install/autonomous_car_pkg_models/share/autonomous_car_pkg_models/models/track/materials/scripts
[0.328s] -- Up-to-date: /home/shiva/Documents/autonomous_car_ws/install/autonomous_car_pkg_models/share/autonomous_car_pkg_models/models/track/materials/scripts/road.material
[0.328s] -- Up-to-date: /home/shiva/Documents/autonomous_car_ws/install/autonomous_car_pkg_models/share/autonomous_car_pkg_models/models/track/materials/scripts/chowk.material
[0.328s] -- Up-to-date: /home/shiva/Documents/autonomous_car_ws/install/autonomous_car_pkg_models/share/autonomous_car_pkg_models/models/track/materials/textures
[0.328s] -- Up-to-date: /home/shiva/Documents/autonomous_car_ws/install/autonomous_car_pkg_models/share/autonomous_car_pkg_models/models/track/materials/textures/chowk.png
[0.328s] -- Up-to-date: /home/shiva/Documents/autonomous_car_ws/install/autonomous_car_pkg_models/share/autonomous_car_pkg_models/models/track/materials/textures/road.png
[0.328s] -- Up-to-date: /home/shiva/Documents/autonomous_car_ws/install/autonomous_car_pkg_models/share/autonomous_car_pkg_models/models/sign_board_turn
[0.328s] -- Up-to-date: /home/shiva/Documents/autonomous_car_ws/install/autonomous_car_pkg_models/share/autonomous_car_pkg_models/models/sign_board_turn/model.config
[0.328s] -- Up-to-date: /home/shiva/Documents/autonomous_car_ws/install/autonomous_car_pkg_models/share/autonomous_car_pkg_models/models/sign_board_turn/model.sdf
[0.329s] -- Up-to-date: /home/shiva/Documents/autonomous_car_ws/install/autonomous_car_pkg_models/share/autonomous_car_pkg_models/models/sign_board_turn/meshes
[0.329s] -- Up-to-date: /home/shiva/Documents/autonomous_car_ws/install/autonomous_car_pkg_models/share/autonomous_car_pkg_models/models/sign_board_turn/meshes/sign_board.mtl
[0.329s] -- Up-to-date: /home/shiva/Documents/autonomous_car_ws/install/autonomous_car_pkg_models/share/autonomous_car_pkg_models/models/sign_board_turn/meshes/sign_stand.mtl
[0.329s] -- Up-to-date: /home/shiva/Documents/autonomous_car_ws/install/autonomous_car_pkg_models/share/autonomous_car_pkg_models/models/sign_board_turn/materials
[0.329s] -- Up-to-date: /home/shiva/Documents/autonomous_car_ws/install/autonomous_car_pkg_models/share/autonomous_car_pkg_models/models/sign_board_turn/materials/scripts
[0.329s] -- Up-to-date: /home/shiva/Documents/autonomous_car_ws/install/autonomous_car_pkg_models/share/autonomous_car_pkg_models/models/sign_board_turn/materials/scripts/sign_board_turn.material
[0.329s] -- Up-to-date: /home/shiva/Documents/autonomous_car_ws/install/autonomous_car_pkg_models/share/autonomous_car_pkg_models/models/sign_board_turn/materials/textures
[0.329s] -- Up-to-date: /home/shiva/Documents/autonomous_car_ws/install/autonomous_car_pkg_models/share/autonomous_car_pkg_models/models/sign_board_turn/materials/textures/sign_board_turn.png
[0.329s] -- Up-to-date: /home/shiva/Documents/autonomous_car_ws/install/autonomous_car_pkg_models/share/autonomous_car_pkg_models/models/sign_board_60
[0.330s] -- Up-to-date: /home/shiva/Documents/autonomous_car_ws/install/autonomous_car_pkg_models/share/autonomous_car_pkg_models/models/sign_board_60/model.config
[0.330s] -- Up-to-date: /home/shiva/Documents/autonomous_car_ws/install/autonomous_car_pkg_models/share/autonomous_car_pkg_models/models/sign_board_60/model.sdf
[0.330s] -- Up-to-date: /home/shiva/Documents/autonomous_car_ws/install/autonomous_car_pkg_models/share/autonomous_car_pkg_models/models/sign_board_60/meshes
[0.330s] -- Up-to-date: /home/shiva/Documents/autonomous_car_ws/install/autonomous_car_pkg_models/share/autonomous_car_pkg_models/models/sign_board_60/meshes/sign_board.mtl
[0.331s] -- Up-to-date: /home/shiva/Documents/autonomous_car_ws/install/autonomous_car_pkg_models/share/autonomous_car_pkg_models/models/sign_board_60/meshes/sign_stand.mtl
[0.331s] -- Up-to-date: /home/shiva/Documents/autonomous_car_ws/install/autonomous_car_pkg_models/share/autonomous_car_pkg_models/models/sign_board_60/materials
[0.331s] -- Up-to-date: /home/shiva/Documents/autonomous_car_ws/install/autonomous_car_pkg_models/share/autonomous_car_pkg_models/models/sign_board_60/materials/scripts
[0.332s] -- Up-to-date: /home/shiva/Documents/autonomous_car_ws/install/autonomous_car_pkg_models/share/autonomous_car_pkg_models/models/sign_board_60/materials/scripts/sign_board_60.material
[0.332s] -- Up-to-date: /home/shiva/Documents/autonomous_car_ws/install/autonomous_car_pkg_models/share/autonomous_car_pkg_models/models/sign_board_60/materials/textures
[0.332s] -- Up-to-date: /home/shiva/Documents/autonomous_car_ws/install/autonomous_car_pkg_models/share/autonomous_car_pkg_models/models/sign_board_60/materials/textures/60.png
[0.332s] -- Up-to-date: /home/shiva/Documents/autonomous_car_ws/install/autonomous_car_pkg_models/share/autonomous_car_pkg_models/models/light_yellow
[0.333s] -- Up-to-date: /home/shiva/Documents/autonomous_car_ws/install/autonomous_car_pkg_models/share/autonomous_car_pkg_models/models/light_yellow/model.config
[0.333s] -- Up-to-date: /home/shiva/Documents/autonomous_car_ws/install/autonomous_car_pkg_models/share/autonomous_car_pkg_models/models/light_yellow/model.sdf
[0.333s] -- Up-to-date: /home/shiva/Documents/autonomous_car_ws/install/autonomous_car_pkg_models/share/autonomous_car_pkg_models/models/sign_board_stop
[0.333s] -- Up-to-date: /home/shiva/Documents/autonomous_car_ws/install/autonomous_car_pkg_models/share/autonomous_car_pkg_models/models/sign_board_stop/model.config
[0.334s] -- Up-to-date: /home/shiva/Documents/autonomous_car_ws/install/autonomous_car_pkg_models/share/autonomous_car_pkg_models/models/sign_board_stop/model.sdf
[0.334s] -- Up-to-date: /home/shiva/Documents/autonomous_car_ws/install/autonomous_car_pkg_models/share/autonomous_car_pkg_models/models/sign_board_stop/meshes
[0.335s] -- Up-to-date: /home/shiva/Documents/autonomous_car_ws/install/autonomous_car_pkg_models/share/autonomous_car_pkg_models/models/sign_board_stop/meshes/sign_board.mtl
[0.335s] -- Up-to-date: /home/shiva/Documents/autonomous_car_ws/install/autonomous_car_pkg_models/share/autonomous_car_pkg_models/models/sign_board_stop/meshes/sign_stand.mtl
[0.335s] -- Up-to-date: /home/shiva/Documents/autonomous_car_ws/install/autonomous_car_pkg_models/share/autonomous_car_pkg_models/models/sign_board_stop/materials
[0.335s] -- Up-to-date: /home/shiva/Documents/autonomous_car_ws/install/autonomous_car_pkg_models/share/autonomous_car_pkg_models/models/sign_board_stop/materials/scripts
[0.335s] -- Up-to-date: /home/shiva/Documents/autonomous_car_ws/install/autonomous_car_pkg_models/share/autonomous_car_pkg_models/models/sign_board_stop/materials/scripts/sign_board_stop.material
[0.336s] -- Up-to-date: /home/shiva/Documents/autonomous_car_ws/install/autonomous_car_pkg_models/share/autonomous_car_pkg_models/models/sign_board_stop/materials/textures
[0.336s] -- Up-to-date: /home/shiva/Documents/autonomous_car_ws/install/autonomous_car_pkg_models/share/autonomous_car_pkg_models/models/sign_board_stop/materials/textures/stop.png
[0.336s] -- Up-to-date: /home/shiva/Documents/autonomous_car_ws/install/autonomous_car_pkg_models/share/autonomous_car_pkg_models/models/traffic_stand
[0.337s] -- Up-to-date: /home/shiva/Documents/autonomous_car_ws/install/autonomous_car_pkg_models/share/autonomous_car_pkg_models/models/traffic_stand/model.config
[0.337s] -- Up-to-date: /home/shiva/Documents/autonomous_car_ws/install/autonomous_car_pkg_models/share/autonomous_car_pkg_models/models/traffic_stand/model.sdf
[0.337s] -- Up-to-date: /home/shiva/Documents/autonomous_car_ws/install/autonomous_car_pkg_models/share/autonomous_car_pkg_models/models/traffic_stand/meshes
[0.337s] -- Up-to-date: /home/shiva/Documents/autonomous_car_ws/install/autonomous_car_pkg_models/share/autonomous_car_pkg_models/models/traffic_stand/meshes/traffic_stand.dae
[0.338s] -- Up-to-date: /home/shiva/Documents/autonomous_car_ws/install/autonomous_car_pkg_models/share/autonomous_car_pkg_models/models/light_green
[0.338s] -- Up-to-date: /home/shiva/Documents/autonomous_car_ws/install/autonomous_car_pkg_models/share/autonomous_car_pkg_models/models/light_green/model.config
[0.340s] -- Up-to-date: /home/shiva/Documents/autonomous_car_ws/install/autonomous_car_pkg_models/share/autonomous_car_pkg_models/models/light_green/model.sdf
[0.340s] -- Up-to-date: /home/shiva/Documents/autonomous_car_ws/install/autonomous_car_pkg_models/share/ament_index/resource_index/package_run_dependencies/autonomous_car_pkg_models
[0.340s] -- Up-to-date: /home/shiva/Documents/autonomous_car_ws/install/autonomous_car_pkg_models/share/ament_index/resource_index/parent_prefix_path/autonomous_car_pkg_models
[0.341s] -- Up-to-date: /home/shiva/Documents/autonomous_car_ws/install/autonomous_car_pkg_models/share/autonomous_car_pkg_models/environment/ament_prefix_path.sh
[0.341s] -- Up-to-date: /home/shiva/Documents/autonomous_car_ws/install/autonomous_car_pkg_models/share/autonomous_car_pkg_models/environment/ament_prefix_path.dsv
[0.341s] -- Up-to-date: /home/shiva/Documents/autonomous_car_ws/install/autonomous_car_pkg_models/share/autonomous_car_pkg_models/environment/path.sh
[0.342s] -- Up-to-date: /home/shiva/Documents/autonomous_car_ws/install/autonomous_car_pkg_models/share/autonomous_car_pkg_models/environment/path.dsv
[0.342s] -- Up-to-date: /home/shiva/Documents/autonomous_car_ws/install/autonomous_car_pkg_models/share/autonomous_car_pkg_models/local_setup.bash
[0.343s] -- Up-to-date: /home/shiva/Documents/autonomous_car_ws/install/autonomous_car_pkg_models/share/autonomous_car_pkg_models/local_setup.sh
[0.343s] -- Up-to-date: /home/shiva/Documents/autonomous_car_ws/install/autonomous_car_pkg_models/share/autonomous_car_pkg_models/local_setup.zsh
[0.344s] -- Up-to-date: /home/shiva/Documents/autonomous_car_ws/install/autonomous_car_pkg_models/share/autonomous_car_pkg_models/local_setup.dsv
[0.344s] -- Installing: /home/shiva/Documents/autonomous_car_ws/install/autonomous_car_pkg_models/share/autonomous_car_pkg_models/package.dsv
[0.344s] -- Up-to-date: /home/shiva/Documents/autonomous_car_ws/install/autonomous_car_pkg_models/share/ament_index/resource_index/packages/autonomous_car_pkg_models
[0.345s] -- Up-to-date: /home/shiva/Documents/autonomous_car_ws/install/autonomous_car_pkg_models/share/autonomous_car_pkg_models/cmake/autonomous_car_pkg_modelsConfig.cmake
[0.345s] -- Up-to-date: /home/shiva/Documents/autonomous_car_ws/install/autonomous_car_pkg_models/share/autonomous_car_pkg_models/cmake/autonomous_car_pkg_modelsConfig-version.cmake
[0.346s] -- Up-to-date: /home/shiva/Documents/autonomous_car_ws/install/autonomous_car_pkg_models/share/autonomous_car_pkg_models/package.xml
[0.346s] Invoked command in '/home/shiva/Documents/autonomous_car_ws/build/autonomous_car_pkg_models' returned '0': CMAKE_PREFIX_PATH=${CMAKE_PREFIX_PATH}:/home/shiva/Documents/autonomous_car_ws/install/autonomous_car_pkg:/home/shiva/Documents/wrk_spc/install/my_pkg:/opt/ros/humble /usr/bin/cmake --install /home/shiva/Documents/autonomous_car_ws/build/autonomous_car_pkg_models
