[0.667s] Invoking command in '/home/shiva/Documents/autonomous_car_ws/src/autonomous_car_pkg': PYTHONPATH=/home/shiva/Documents/autonomous_car_ws/build/autonomous_car_pkg/prefix_override:/usr/lib/python3/dist-packages/colcon_core/task/python/colcon_distutils_commands:/home/shiva/Documents/autonomous_car_ws/install/autonomous_car_pkg/lib/python3.10/site-packages:${PYTHONPATH} /usr/bin/python3 -W ignore:setup.py install is deprecated -W ignore:easy_install command is deprecated setup.py egg_info --egg-base ../../build/autonomous_car_pkg build --build-base /home/shiva/Documents/autonomous_car_ws/build/autonomous_car_pkg/build install --record /home/shiva/Documents/autonomous_car_ws/build/autonomous_car_pkg/install.log --single-version-externally-managed install_data
[0.945s] running egg_info
[0.946s] writing ../../build/autonomous_car_pkg/autonomous_car_pkg.egg-info/PKG-INFO
[0.946s] writing dependency_links to ../../build/autonomous_car_pkg/autonomous_car_pkg.egg-info/dependency_links.txt
[0.946s] writing entry points to ../../build/autonomous_car_pkg/autonomous_car_pkg.egg-info/entry_points.txt
[0.946s] writing requirements to ../../build/autonomous_car_pkg/autonomous_car_pkg.egg-info/requires.txt
[0.946s] writing top-level names to ../../build/autonomous_car_pkg/autonomous_car_pkg.egg-info/top_level.txt
[0.948s] reading manifest file '../../build/autonomous_car_pkg/autonomous_car_pkg.egg-info/SOURCES.txt'
[0.949s] writing manifest file '../../build/autonomous_car_pkg/autonomous_car_pkg.egg-info/SOURCES.txt'
[0.949s] running build
[0.950s] running build_py
[0.950s] running install
[0.950s] running install_lib
[0.952s] running install_data
[0.952s] copying launch/world_gazebo.launch.py -> /home/shiva/Documents/autonomous_car_ws/install/autonomous_car_pkg/share/autonomous_car_pkg/launch
[0.952s] copying scripts/lights_spawner_maze.bash -> /home/shiva/Documents/autonomous_car_ws/install/autonomous_car_pkg/lib/autonomous_car_pkg
[0.952s] running install_egg_info
[0.954s] removing '/home/shiva/Documents/autonomous_car_ws/install/autonomous_car_pkg/lib/python3.10/site-packages/autonomous_car_pkg-0.0.0-py3.10.egg-info' (and everything under it)
[0.954s] Copying ../../build/autonomous_car_pkg/autonomous_car_pkg.egg-info to /home/shiva/Documents/autonomous_car_ws/install/autonomous_car_pkg/lib/python3.10/site-packages/autonomous_car_pkg-0.0.0-py3.10.egg-info
[0.955s] running install_scripts
[0.977s] Installing computer_vision_node script to /home/shiva/Documents/autonomous_car_ws/install/autonomous_car_pkg/lib/autonomous_car_pkg
[0.977s] Installing spawner_node script to /home/shiva/Documents/autonomous_car_ws/install/autonomous_car_pkg/lib/autonomous_car_pkg
[0.977s] Installing video_save script to /home/shiva/Documents/autonomous_car_ws/install/autonomous_car_pkg/lib/autonomous_car_pkg
[0.977s] writing list of installed files to '/home/shiva/Documents/autonomous_car_ws/build/autonomous_car_pkg/install.log'
[0.997s] Invoked command in '/home/shiva/Documents/autonomous_car_ws/src/autonomous_car_pkg' returned '0': PYTHONPATH=/home/shiva/Documents/autonomous_car_ws/build/autonomous_car_pkg/prefix_override:/usr/lib/python3/dist-packages/colcon_core/task/python/colcon_distutils_commands:/home/shiva/Documents/autonomous_car_ws/install/autonomous_car_pkg/lib/python3.10/site-packages:${PYTHONPATH} /usr/bin/python3 -W ignore:setup.py install is deprecated -W ignore:easy_install command is deprecated setup.py egg_info --egg-base ../../build/autonomous_car_pkg build --build-base /home/shiva/Documents/autonomous_car_ws/build/autonomous_car_pkg/build install --record /home/shiva/Documents/autonomous_car_ws/build/autonomous_car_pkg/install.log --single-version-externally-managed install_data
