[0.639s] Invoking command in '/home/shiva/Documents/autonomous_car_ws/src/autonomous_car_pkg': PYTHONPATH=/home/shiva/Documents/autonomous_car_ws/build/autonomous_car_pkg/prefix_override:/usr/lib/python3/dist-packages/colcon_core/task/python/colcon_distutils_commands:/home/shiva/Documents/autonomous_car_ws/install/autonomous_car_pkg/lib/python3.10/site-packages:${PYTHONPATH} /usr/bin/python3 -W ignore:setup.py install is deprecated -W ignore:easy_install command is deprecated setup.py egg_info --egg-base ../../build/autonomous_car_pkg build --build-base /home/shiva/Documents/autonomous_car_ws/build/autonomous_car_pkg/build install --record /home/shiva/Documents/autonomous_car_ws/build/autonomous_car_pkg/install.log --single-version-externally-managed install_data
[0.862s] running egg_info
[0.863s] writing ../../build/autonomous_car_pkg/autonomous_car_pkg.egg-info/PKG-INFO
[0.863s] writing dependency_links to ../../build/autonomous_car_pkg/autonomous_car_pkg.egg-info/dependency_links.txt
[0.863s] writing entry points to ../../build/autonomous_car_pkg/autonomous_car_pkg.egg-info/entry_points.txt
[0.863s] writing requirements to ../../build/autonomous_car_pkg/autonomous_car_pkg.egg-info/requires.txt
[0.863s] writing top-level names to ../../build/autonomous_car_pkg/autonomous_car_pkg.egg-info/top_level.txt
[0.865s] reading manifest file '../../build/autonomous_car_pkg/autonomous_car_pkg.egg-info/SOURCES.txt'
[0.868s] writing manifest file '../../build/autonomous_car_pkg/autonomous_car_pkg.egg-info/SOURCES.txt'
[0.868s] running build
[0.868s] running build_py
[0.871s] running install
[0.871s] running install_lib
[0.874s] running install_data
[0.874s] running install_egg_info
[0.876s] removing '/home/shiva/Documents/autonomous_car_ws/install/autonomous_car_pkg/lib/python3.10/site-packages/autonomous_car_pkg-0.0.0-py3.10.egg-info' (and everything under it)
[0.876s] Copying ../../build/autonomous_car_pkg/autonomous_car_pkg.egg-info to /home/shiva/Documents/autonomous_car_ws/install/autonomous_car_pkg/lib/python3.10/site-packages/autonomous_car_pkg-0.0.0-py3.10.egg-info
[0.877s] running install_scripts
[0.894s] Installing computer_vision_node script to /home/shiva/Documents/autonomous_car_ws/install/autonomous_car_pkg/lib/autonomous_car_pkg
[0.894s] Installing sdc_V2 script to /home/shiva/Documents/autonomous_car_ws/install/autonomous_car_pkg/lib/autonomous_car_pkg
[0.894s] Installing spawner_node script to /home/shiva/Documents/autonomous_car_ws/install/autonomous_car_pkg/lib/autonomous_car_pkg
[0.895s] Installing upper_camera_recording script to /home/shiva/Documents/autonomous_car_ws/install/autonomous_car_pkg/lib/autonomous_car_pkg
[0.895s] Installing video_save script to /home/shiva/Documents/autonomous_car_ws/install/autonomous_car_pkg/lib/autonomous_car_pkg
[0.896s] writing list of installed files to '/home/shiva/Documents/autonomous_car_ws/build/autonomous_car_pkg/install.log'
[0.917s] Invoked command in '/home/shiva/Documents/autonomous_car_ws/src/autonomous_car_pkg' returned '0': PYTHONPATH=/home/shiva/Documents/autonomous_car_ws/build/autonomous_car_pkg/prefix_override:/usr/lib/python3/dist-packages/colcon_core/task/python/colcon_distutils_commands:/home/shiva/Documents/autonomous_car_ws/install/autonomous_car_pkg/lib/python3.10/site-packages:${PYTHONPATH} /usr/bin/python3 -W ignore:setup.py install is deprecated -W ignore:easy_install command is deprecated setup.py egg_info --egg-base ../../build/autonomous_car_pkg build --build-base /home/shiva/Documents/autonomous_car_ws/build/autonomous_car_pkg/build install --record /home/shiva/Documents/autonomous_car_ws/build/autonomous_car_pkg/install.log --single-version-externally-managed install_data
