running egg_info
creating ../../build/autonomous_car_pkg/autonomous_car_pkg.egg-info
writing ../../build/autonomous_car_pkg/autonomous_car_pkg.egg-info/PKG-INFO
writing dependency_links to ../../build/autonomous_car_pkg/autonomous_car_pkg.egg-info/dependency_links.txt
writing entry points to ../../build/autonomous_car_pkg/autonomous_car_pkg.egg-info/entry_points.txt
writing requirements to ../../build/autonomous_car_pkg/autonomous_car_pkg.egg-info/requires.txt
writing top-level names to ../../build/autonomous_car_pkg/autonomous_car_pkg.egg-info/top_level.txt
writing manifest file '../../build/autonomous_car_pkg/autonomous_car_pkg.egg-info/SOURCES.txt'
reading manifest file '../../build/autonomous_car_pkg/autonomous_car_pkg.egg-info/SOURCES.txt'
writing manifest file '../../build/autonomous_car_pkg/autonomous_car_pkg.egg-info/SOURCES.txt'
running build
running build_py
creating /home/shiva/Documents/autonomous_car_ws/build/autonomous_car_pkg/build
creating /home/shiva/Documents/autonomous_car_ws/build/autonomous_car_pkg/build/lib
creating /home/shiva/Documents/autonomous_car_ws/build/autonomous_car_pkg/build/lib/autonomous_car_pkg
copying autonomous_car_pkg/__init__.py -> /home/shiva/Documents/autonomous_car_ws/build/autonomous_car_pkg/build/lib/autonomous_car_pkg
running install
running install_lib
creating /home/shiva/Documents/autonomous_car_ws/install/autonomous_car_pkg/lib/python3.10/site-packages/autonomous_car_pkg
copying /home/shiva/Documents/autonomous_car_ws/build/autonomous_car_pkg/build/lib/autonomous_car_pkg/__init__.py -> /home/shiva/Documents/autonomous_car_ws/install/autonomous_car_pkg/lib/python3.10/site-packages/autonomous_car_pkg
byte-compiling /home/shiva/Documents/autonomous_car_ws/install/autonomous_car_pkg/lib/python3.10/site-packages/autonomous_car_pkg/__init__.py to __init__.cpython-310.pyc
running install_data
creating /home/shiva/Documents/autonomous_car_ws/install/autonomous_car_pkg/share
creating /home/shiva/Documents/autonomous_car_ws/install/autonomous_car_pkg/share/ament_index
creating /home/shiva/Documents/autonomous_car_ws/install/autonomous_car_pkg/share/ament_index/resource_index
creating /home/shiva/Documents/autonomous_car_ws/install/autonomous_car_pkg/share/ament_index/resource_index/packages
copying resource/autonomous_car_pkg -> /home/shiva/Documents/autonomous_car_ws/install/autonomous_car_pkg/share/ament_index/resource_index/packages
creating /home/shiva/Documents/autonomous_car_ws/install/autonomous_car_pkg/share/autonomous_car_pkg
copying package.xml -> /home/shiva/Documents/autonomous_car_ws/install/autonomous_car_pkg/share/autonomous_car_pkg
running install_egg_info
Copying ../../build/autonomous_car_pkg/autonomous_car_pkg.egg-info to /home/shiva/Documents/autonomous_car_ws/install/autonomous_car_pkg/lib/python3.10/site-packages/autonomous_car_pkg-0.0.0-py3.10.egg-info
running install_scripts
writing list of installed files to '/home/shiva/Documents/autonomous_car_ws/build/autonomous_car_pkg/install.log'
