[0.694s] Invoking command in '/home/shiva/Documents/autonomous_car_ws/src/autonomous_car_pkg': PYTHONPATH=/home/shiva/Documents/autonomous_car_ws/build/autonomous_car_pkg/prefix_override:/usr/lib/python3/dist-packages/colcon_core/task/python/colcon_distutils_commands:/home/shiva/Documents/autonomous_car_ws/install/autonomous_car_pkg/lib/python3.10/site-packages:${PYTHONPATH} /usr/bin/python3 -W ignore:setup.py install is deprecated -W ignore:easy_install command is deprecated setup.py egg_info --egg-base ../../build/autonomous_car_pkg build --build-base /home/shiva/Documents/autonomous_car_ws/build/autonomous_car_pkg/build install --record /home/shiva/Documents/autonomous_car_ws/build/autonomous_car_pkg/install.log --single-version-externally-managed install_data
[0.945s] running egg_info
[0.945s] creating ../../build/autonomous_car_pkg/autonomous_car_pkg.egg-info
[0.945s] writing ../../build/autonomous_car_pkg/autonomous_car_pkg.egg-info/PKG-INFO
[0.945s] writing dependency_links to ../../build/autonomous_car_pkg/autonomous_car_pkg.egg-info/dependency_links.txt
[0.946s] writing entry points to ../../build/autonomous_car_pkg/autonomous_car_pkg.egg-info/entry_points.txt
[0.946s] writing requirements to ../../build/autonomous_car_pkg/autonomous_car_pkg.egg-info/requires.txt
[0.946s] writing top-level names to ../../build/autonomous_car_pkg/autonomous_car_pkg.egg-info/top_level.txt
[0.946s] writing manifest file '../../build/autonomous_car_pkg/autonomous_car_pkg.egg-info/SOURCES.txt'
[0.947s] reading manifest file '../../build/autonomous_car_pkg/autonomous_car_pkg.egg-info/SOURCES.txt'
[0.948s] writing manifest file '../../build/autonomous_car_pkg/autonomous_car_pkg.egg-info/SOURCES.txt'
[0.948s] running build
[0.948s] running build_py
[0.948s] creating /home/shiva/Documents/autonomous_car_ws/build/autonomous_car_pkg/build
[0.949s] creating /home/shiva/Documents/autonomous_car_ws/build/autonomous_car_pkg/build/lib
[0.949s] creating /home/shiva/Documents/autonomous_car_ws/build/autonomous_car_pkg/build/lib/autonomous_car_pkg
[0.949s] copying autonomous_car_pkg/__init__.py -> /home/shiva/Documents/autonomous_car_ws/build/autonomous_car_pkg/build/lib/autonomous_car_pkg
[0.949s] running install
[0.949s] running install_lib
[0.949s] creating /home/shiva/Documents/autonomous_car_ws/install/autonomous_car_pkg/lib/python3.10/site-packages/autonomous_car_pkg
[0.949s] copying /home/shiva/Documents/autonomous_car_ws/build/autonomous_car_pkg/build/lib/autonomous_car_pkg/__init__.py -> /home/shiva/Documents/autonomous_car_ws/install/autonomous_car_pkg/lib/python3.10/site-packages/autonomous_car_pkg
[0.950s] byte-compiling /home/shiva/Documents/autonomous_car_ws/install/autonomous_car_pkg/lib/python3.10/site-packages/autonomous_car_pkg/__init__.py to __init__.cpython-310.pyc
[0.950s] running install_data
[0.950s] creating /home/shiva/Documents/autonomous_car_ws/install/autonomous_car_pkg/share
[0.950s] creating /home/shiva/Documents/autonomous_car_ws/install/autonomous_car_pkg/share/ament_index
[0.950s] creating /home/shiva/Documents/autonomous_car_ws/install/autonomous_car_pkg/share/ament_index/resource_index
[0.950s] creating /home/shiva/Documents/autonomous_car_ws/install/autonomous_car_pkg/share/ament_index/resource_index/packages
[0.950s] copying resource/autonomous_car_pkg -> /home/shiva/Documents/autonomous_car_ws/install/autonomous_car_pkg/share/ament_index/resource_index/packages
[0.950s] creating /home/shiva/Documents/autonomous_car_ws/install/autonomous_car_pkg/share/autonomous_car_pkg
[0.951s] copying package.xml -> /home/shiva/Documents/autonomous_car_ws/install/autonomous_car_pkg/share/autonomous_car_pkg
[0.951s] running install_egg_info
[0.952s] Copying ../../build/autonomous_car_pkg/autonomous_car_pkg.egg-info to /home/shiva/Documents/autonomous_car_ws/install/autonomous_car_pkg/lib/python3.10/site-packages/autonomous_car_pkg-0.0.0-py3.10.egg-info
[0.953s] running install_scripts
[0.972s] writing list of installed files to '/home/shiva/Documents/autonomous_car_ws/build/autonomous_car_pkg/install.log'
[0.991s] Invoked command in '/home/shiva/Documents/autonomous_car_ws/src/autonomous_car_pkg' returned '0': PYTHONPATH=/home/shiva/Documents/autonomous_car_ws/build/autonomous_car_pkg/prefix_override:/usr/lib/python3/dist-packages/colcon_core/task/python/colcon_distutils_commands:/home/shiva/Documents/autonomous_car_ws/install/autonomous_car_pkg/lib/python3.10/site-packages:${PYTHONPATH} /usr/bin/python3 -W ignore:setup.py install is deprecated -W ignore:easy_install command is deprecated setup.py egg_info --egg-base ../../build/autonomous_car_pkg build --build-base /home/shiva/Documents/autonomous_car_ws/build/autonomous_car_pkg/build install --record /home/shiva/Documents/autonomous_car_ws/build/autonomous_car_pkg/install.log --single-version-externally-managed install_data
